#
# There is insufficient memory for the Java Runtime Environment to continue.
# Native memory allocation (malloc) failed to allocate 1241200 bytes for Chunk::new
# Possible reasons:
#   The system is out of physical RAM or swap space
#   In 32 bit mode, the process size limit was hit
# Possible solutions:
#   Reduce memory load on the system
#   Increase physical memory or swap space
#   Check if swap backing store is full
#   Use 64 bit Java on a 64 bit OS
#   Decrease Java heap size (-Xmx/-Xms)
#   Decrease number of Java threads
#   Decrease Java thread stack sizes (-Xss)
#   Set larger code cache with -XX:ReservedCodeCacheSize=
# This output file may be truncated or incomplete.
#
#  Out of Memory Error (allocation.cpp:390), pid=25820, tid=0x000000000000412c
#
# JRE version: OpenJDK Runtime Environment (8.0_152-b06) (build 1.8.0_152-release-1136-b06)
# Java VM: OpenJDK 64-Bit Server VM (25.152-b06 mixed mode windows-amd64 compressed oops)
# Failed to write core dump. Minidumps are not enabled by default on client versions of Windows
#

---------------  T H R E A D  ---------------

Current thread (0x000000001680d800):  JavaThread "C2 CompilerThread1" daemon [_thread_in_native, id=16684, stack(0x0000000018210000,0x0000000018310000)]

Stack: [0x0000000018210000,0x0000000018310000]
[error occurred during error reporting (printing stack bounds), id 0xc0000005]

Native frames: (J=compiled Java code, j=interpreted, Vv=VM code, C=native code)


Current CompileTask:
C2:4310723 24242   !   4       com.sun.tools.javac.comp.Lower::visitMethodDefInternal (603 bytes)


---------------  P R O C E S S  ---------------

Java Threads: ( => current thread )
  0x000000001dade000 JavaThread "Cache worker for Java compile cache (E:\0_Prography\Android_Study\AndroidProjects\just\.gradle\4.6\javaCompile)" [_thread_blocked, id=21940, stack(0x0000000038c40000,0x0000000038d40000)]
  0x000000001dae1000 JavaThread "stdout" [_thread_in_native, id=2420, stack(0x0000000038b40000,0x0000000038c40000)]
  0x000000001dad8000 JavaThread "stderr" [_thread_in_native, id=17628, stack(0x0000000038a40000,0x0000000038b40000)]
  0x000000001dade800 JavaThread "pool-39-thread-1" [_thread_blocked, id=15320, stack(0x0000000038940000,0x0000000038a40000)]
  0x000000001dadb800 JavaThread "Task worker for ':' Thread 3" [_thread_in_native, id=24168, stack(0x0000000038740000,0x0000000038840000)]
  0x000000001dad9800 JavaThread "Task worker for ':' Thread 2" [_thread_blocked, id=3892, stack(0x0000000038640000,0x0000000038740000)]
  0x000000001dadc800 JavaThread "Task worker for ':'" [_thread_blocked, id=9376, stack(0x0000000038540000,0x0000000038640000)]
  0x000000001dad6800 JavaThread "Cache worker for Build Output Cleanup Cache (E:\0_Prography\Android_Study\AndroidProjects\just\.gradle\buildOutputCleanup)" [_thread_blocked, id=17616, stack(0x0000000038440000,0x0000000038540000)]
  0x000000001dad7000 JavaThread "Cache worker for task history cache (E:\0_Prography\Android_Study\AndroidProjects\just\.gradle\4.6\taskHistory)" [_thread_blocked, id=12208, stack(0x0000000038340000,0x0000000038440000)]
  0x000000001dad5800 JavaThread "Cache worker for file content cache (E:\0_Prography\Android_Study\AndroidProjects\just\.gradle\4.6\fileContent)" [_thread_blocked, id=22040, stack(0x0000000038240000,0x0000000038340000)]
  0x000000001dad4000 JavaThread "Build operations Thread 4" [_thread_blocked, id=25736, stack(0x0000000038140000,0x0000000038240000)]
  0x000000001ed45000 JavaThread "Build operations Thread 3" [_thread_blocked, id=22068, stack(0x0000000038040000,0x0000000038140000)]
  0x000000001ed3b800 JavaThread "Build operations Thread 2" [_thread_blocked, id=14084, stack(0x0000000037f40000,0x0000000038040000)]
  0x000000001ed42000 JavaThread "Build operations" [_thread_blocked, id=24280, stack(0x0000000037e40000,0x0000000037f40000)]
  0x000000001ed3d000 JavaThread "Cache worker for Artifact transforms cache (C:\Users\deg98\.gradle\caches\transforms-1)" [_thread_blocked, id=18512, stack(0x0000000037d40000,0x0000000037e40000)]
  0x000000001ed3a800 JavaThread "Cache worker for file hash cache (E:\0_Prography\Android_Study\AndroidProjects\just\.gradle\4.6\fileHashes)" [_thread_blocked, id=19432, stack(0x0000000037c40000,0x0000000037d40000)]
  0x000000001ed37800 JavaThread "Asynchronous log dispatcher for DefaultDaemonConnection: socket connection from /127.0.0.1:63896 to /127.0.0.1:51081" [_thread_blocked, id=18016, stack(0x0000000037a40000,0x0000000037b40000)]
  0x000000001ed3e800 JavaThread "Daemon worker Thread 11" [_thread_blocked, id=19788, stack(0x0000000037940000,0x0000000037a40000)]
  0x000000001ed3a000 JavaThread "Cancel handler" [_thread_blocked, id=22120, stack(0x0000000037840000,0x0000000037940000)]
  0x000000001ed36000 JavaThread "Handler for socket connection from /127.0.0.1:63896 to /127.0.0.1:51081" [_thread_in_native, id=15620, stack(0x0000000037740000,0x0000000037840000)]
  0x000000001ed37000 JavaThread "Daemon Thread 11" [_thread_blocked, id=18348, stack(0x0000000037640000,0x0000000037740000)]
  0x000000001c4d7000 JavaThread "Memory manager" [_thread_blocked, id=20460, stack(0x0000000021870000,0x0000000021970000)]
  0x000000001c4d7800 JavaThread "pool-1-thread-1" [_thread_blocked, id=2152, stack(0x0000000021570000,0x0000000021670000)]
  0x00000000188b9000 JavaThread "File lock request listener" [_thread_in_native, id=21992, stack(0x000000001adc0000,0x000000001aec0000)]
  0x0000000018f7f000 JavaThread "Cache worker for file hash cache (C:\Users\deg98\.gradle\caches\4.6\fileHashes)" [_thread_blocked, id=14104, stack(0x000000001acc0000,0x000000001adc0000)]
  0x0000000017c68800 JavaThread "Daemon periodic checks" [_thread_blocked, id=26056, stack(0x000000001a1c0000,0x000000001a2c0000)]
  0x0000000017c55000 JavaThread "Incoming local TCP Connector on port 63896" [_thread_in_native, id=25944, stack(0x0000000019fe0000,0x000000001a0e0000)]
  0x0000000017b9b000 JavaThread "Service Thread" daemon [_thread_blocked, id=19728, stack(0x0000000018410000,0x0000000018510000)]
  0x0000000017b1d000 JavaThread "C1 CompilerThread2" daemon [_thread_blocked, id=22324, stack(0x0000000018310000,0x0000000018410000)]
=>0x000000001680d800 JavaThread "C2 CompilerThread1" daemon [_thread_in_native, id=16684, stack(0x0000000018210000,0x0000000018310000)]
  0x000000001680a000 JavaThread "C2 CompilerThread0" daemon [_thread_blocked, id=25696, stack(0x0000000018110000,0x0000000018210000)]
  0x0000000016809000 JavaThread "Attach Listener" daemon [_thread_blocked, id=13768, stack(0x0000000018010000,0x0000000018110000)]
  0x00000000167be800 JavaThread "Signal Dispatcher" daemon [_thread_blocked, id=24796, stack(0x0000000017f10000,0x0000000018010000)]
  0x000000001679d800 JavaThread "Finalizer" daemon [_thread_blocked, id=9104, stack(0x0000000017a10000,0x0000000017b10000)]
  0x0000000002d55000 JavaThread "Reference Handler" daemon [_thread_blocked, id=14044, stack(0x0000000017910000,0x0000000017a10000)]
  0x0000000002e3e000 JavaThread "main" [_thread_blocked, id=22408, stack(0x0000000002750000,0x0000000002850000)]

Other Threads:
  0x0000000016775000 VMThread [stack: 0x0000000017810000,0x0000000017910000] [id=20876]
  0x0000000017b9c000 WatcherThread [stack: 0x0000000018510000,0x0000000018610000] [id=22892]

VM state:not at safepoint (normal execution)

VM Mutex/Monitor currently owned by a thread: None

Heap:
 PSYoungGen      total 435712K, used 106178K [0x00000000e0000000, 0x0000000100000000, 0x0000000100000000)
  eden space 353280K, 17% used [0x00000000e0000000,0x00000000e3c6f050,0x00000000f5900000)
  from space 82432K, 53% used [0x00000000faa00000,0x00000000fd541838,0x00000000ffa80000)
  to   space 82944K, 0% used [0x00000000f5900000,0x00000000f5900000,0x00000000faa00000)
 ParOldGen       total 148992K, used 46337K [0x00000000a0000000, 0x00000000a9180000, 0x00000000e0000000)
  object space 148992K, 31% used [0x00000000a0000000,0x00000000a2d407a0,0x00000000a9180000)
 Metaspace       used 89760K, capacity 94182K, committed 94336K, reserved 1132544K
  class space    used 11036K, capacity 11810K, committed 11904K, reserved 1048576K

Card table byte_map: [0x0000000012200000,0x0000000012510000] byte_map_base: 0x0000000011d00000

Marking Bits: (ParMarkBitMap*) 0x0000000070315aa0
 Begin Bits: [0x0000000012b10000, 0x0000000014310000)
 End Bits:   [0x0000000014310000, 0x0000000015b10000)

Polling page: 0x0000000000f80000

CodeCache: size=245760Kb used=66527Kb max_used=66527Kb free=179232Kb
 bounds [0x0000000002e40000, 0x0000000006fa0000, 0x0000000011e40000]
 total_blobs=19014 nmethods=18152 adapters=773
 compilation: enabled

Compilation events (10 events):
Event: 4308.609 Thread 0x0000000017b1d000 24243       3       com.sun.tools.javac.jvm.Gen::makeStringBuffer (49 bytes)
Event: 4308.610 Thread 0x0000000017b1d000 nmethod 24243 0x0000000006f82e50 code [0x0000000006f82fe0, 0x0000000006f832b8]
Event: 4308.610 Thread 0x0000000017b1d000 24244       1       com.sun.tools.javac.jvm.Items$Item::width (2 bytes)
Event: 4308.611 Thread 0x0000000017b1d000 nmethod 24244 0x0000000006f85c50 code [0x0000000006f85da0, 0x0000000006f85eb0]
Event: 4308.668 Thread 0x000000001680a000 24245       4       com.sun.tools.javac.comp.Lower$1::visitMethodDef (28 bytes)
Event: 4308.702 Thread 0x000000001680a000 nmethod 24245 0x0000000006f95f90 code [0x0000000006f96160, 0x0000000006f96848]
Event: 4309.185 Thread 0x0000000017b1d000 24246       3       com.sun.tools.javac.comp.Attr::checkLambdaCandidate (233 bytes)
Event: 4309.191 Thread 0x0000000017b1d000 nmethod 24246 0x0000000006f97750 code [0x0000000006f97b40, 0x0000000006f9a0c8]
Event: 4309.198 Thread 0x0000000017b1d000 24247       3       com.sun.tools.javac.code.Symbol::setAttributes (26 bytes)
Event: 4309.199 Thread 0x0000000017b1d000 nmethod 24247 0x0000000006f82790 code [0x0000000006f82920, 0x0000000006f82c98]

GC Heap History (10 events):
Event: 3522.087 GC heap before
{Heap before GC invocations=37 (full 5):
 PSYoungGen      total 407040K, used 339721K [0x00000000e0000000, 0x00000000fee80000, 0x0000000100000000)
  eden space 325632K, 100% used [0x00000000e0000000,0x00000000f3e00000,0x00000000f3e00000)
  from space 81408K, 17% used [0x00000000f3e00000,0x00000000f4bc2568,0x00000000f8d80000)
  to   space 78848K, 0% used [0x00000000fa180000,0x00000000fa180000,0x00000000fee80000)
 ParOldGen       total 148992K, used 46313K [0x00000000a0000000, 0x00000000a9180000, 0x00000000e0000000)
  object space 148992K, 31% used [0x00000000a0000000,0x00000000a2d3a7a0,0x00000000a9180000)
 Metaspace       used 87787K, capacity 91930K, committed 92032K, reserved 1130496K
  class space    used 10871K, capacity 11620K, committed 11648K, reserved 1048576K
Event: 3522.537 GC heap after
Heap after GC invocations=37 (full 5):
 PSYoungGen      total 415232K, used 35556K [0x00000000e0000000, 0x00000000fe680000, 0x0000000100000000)
  eden space 344576K, 0% used [0x00000000e0000000,0x00000000e0000000,0x00000000f5080000)
  from space 70656K, 50% used [0x00000000fa180000,0x00000000fc4392b0,0x00000000fe680000)
  to   space 76800K, 0% used [0x00000000f5080000,0x00000000f5080000,0x00000000f9b80000)
 ParOldGen       total 148992K, used 46313K [0x00000000a0000000, 0x00000000a9180000, 0x00000000e0000000)
  object space 148992K, 31% used [0x00000000a0000000,0x00000000a2d3a7a0,0x00000000a9180000)
 Metaspace       used 87787K, capacity 91930K, committed 92032K, reserved 1130496K
  class space    used 10871K, capacity 11620K, committed 11648K, reserved 1048576K
}
Event: 3731.827 GC heap before
{Heap before GC invocations=38 (full 5):
 PSYoungGen      total 415232K, used 380132K [0x00000000e0000000, 0x00000000fe680000, 0x0000000100000000)
  eden space 344576K, 100% used [0x00000000e0000000,0x00000000f5080000,0x00000000f5080000)
  from space 70656K, 50% used [0x00000000fa180000,0x00000000fc4392b0,0x00000000fe680000)
  to   space 76800K, 0% used [0x00000000f5080000,0x00000000f5080000,0x00000000f9b80000)
 ParOldGen       total 148992K, used 46313K [0x00000000a0000000, 0x00000000a9180000, 0x00000000e0000000)
  object space 148992K, 31% used [0x00000000a0000000,0x00000000a2d3a7a0,0x00000000a9180000)
 Metaspace       used 88546K, capacity 92690K, committed 92928K, reserved 1130496K
  class space    used 10945K, capacity 11698K, committed 11776K, reserved 1048576K
Event: 3732.579 GC heap after
Heap after GC invocations=38 (full 5):
 PSYoungGen      total 421376K, used 66106K [0x00000000e0000000, 0x0000000100000000, 0x0000000100000000)
  eden space 344576K, 0% used [0x00000000e0000000,0x00000000e0000000,0x00000000f5080000)
  from space 76800K, 86% used [0x00000000f5080000,0x00000000f910ea00,0x00000000f9b80000)
  to   space 86016K, 0% used [0x00000000fac00000,0x00000000fac00000,0x0000000100000000)
 ParOldGen       total 148992K, used 46321K [0x00000000a0000000, 0x00000000a9180000, 0x00000000e0000000)
  object space 148992K, 31% used [0x00000000a0000000,0x00000000a2d3c7a0,0x00000000a9180000)
 Metaspace       used 88546K, capacity 92690K, committed 92928K, reserved 1130496K
  class space    used 10945K, capacity 11698K, committed 11776K, reserved 1048576K
}
Event: 3929.702 GC heap before
{Heap before GC invocations=39 (full 5):
 PSYoungGen      total 421376K, used 410682K [0x00000000e0000000, 0x0000000100000000, 0x0000000100000000)
  eden space 344576K, 100% used [0x00000000e0000000,0x00000000f5080000,0x00000000f5080000)
  from space 76800K, 86% used [0x00000000f5080000,0x00000000f910ea00,0x00000000f9b80000)
  to   space 86016K, 0% used [0x00000000fac00000,0x00000000fac00000,0x0000000100000000)
 ParOldGen       total 148992K, used 46321K [0x00000000a0000000, 0x00000000a9180000, 0x00000000e0000000)
  object space 148992K, 31% used [0x00000000a0000000,0x00000000a2d3c7a0,0x00000000a9180000)
 Metaspace       used 88886K, capacity 93262K, committed 93440K, reserved 1130496K
  class space    used 10967K, capacity 11736K, committed 11776K, reserved 1048576K
Event: 3930.291 GC heap after
Heap after GC invocations=39 (full 5):
 PSYoungGen      total 439808K, used 9841K [0x00000000e0000000, 0x0000000100000000, 0x0000000100000000)
  eden space 353792K, 0% used [0x00000000e0000000,0x00000000e0000000,0x00000000f5980000)
  from space 86016K, 11% used [0x00000000fac00000,0x00000000fb59c7e8,0x0000000100000000)
  to   space 84480K, 0% used [0x00000000f5980000,0x00000000f5980000,0x00000000fac00000)
 ParOldGen       total 148992K, used 46329K [0x00000000a0000000, 0x00000000a9180000, 0x00000000e0000000)
  object space 148992K, 31% used [0x00000000a0000000,0x00000000a2d3e7a0,0x00000000a9180000)
 Metaspace       used 88886K, capacity 93262K, committed 93440K, reserved 1130496K
  class space    used 10967K, capacity 11736K, committed 11776K, reserved 1048576K
}
Event: 3963.763 GC heap before
{Heap before GC invocations=40 (full 5):
 PSYoungGen      total 439808K, used 362669K [0x00000000e0000000, 0x0000000100000000, 0x0000000100000000)
  eden space 353792K, 99% used [0x00000000e0000000,0x00000000f588ec78,0x00000000f5980000)
  from space 86016K, 11% used [0x00000000fac00000,0x00000000fb59c7e8,0x0000000100000000)
  to   space 84480K, 0% used [0x00000000f5980000,0x00000000f5980000,0x00000000fac00000)
 ParOldGen       total 148992K, used 46329K [0x00000000a0000000, 0x00000000a9180000, 0x00000000e0000000)
  object space 148992K, 31% used [0x00000000a0000000,0x00000000a2d3e7a0,0x00000000a9180000)
 Metaspace       used 88911K, capacity 93262K, committed 93440K, reserved 1130496K
  class space    used 10967K, capacity 11736K, committed 11776K, reserved 1048576K
Event: 3964.035 GC heap after
Heap after GC invocations=40 (full 5):
 PSYoungGen      total 364032K, used 9847K [0x00000000e0000000, 0x00000000ffa80000, 0x0000000100000000)
  eden space 353792K, 0% used [0x00000000e0000000,0x00000000e0000000,0x00000000f5980000)
  from space 10240K, 96% used [0x00000000f5980000,0x00000000f631dee8,0x00000000f6380000)
  to   space 82432K, 0% used [0x00000000faa00000,0x00000000faa00000,0x00000000ffa80000)
 ParOldGen       total 148992K, used 46337K [0x00000000a0000000, 0x00000000a9180000, 0x00000000e0000000)
  object space 148992K, 31% used [0x00000000a0000000,0x00000000a2d407a0,0x00000000a9180000)
 Metaspace       used 88911K, capacity 93262K, committed 93440K, reserved 1130496K
  class space    used 10967K, capacity 11736K, committed 11776K, reserved 1048576K
}
Event: 4305.672 GC heap before
{Heap before GC invocations=41 (full 5):
 PSYoungGen      total 364032K, used 363639K [0x00000000e0000000, 0x00000000ffa80000, 0x0000000100000000)
  eden space 353792K, 100% used [0x00000000e0000000,0x00000000f5980000,0x00000000f5980000)
  from space 10240K, 96% used [0x00000000f5980000,0x00000000f631dee8,0x00000000f6380000)
  to   space 82432K, 0% used [0x00000000faa00000,0x00000000faa00000,0x00000000ffa80000)
 ParOldGen       total 148992K, used 46337K [0x00000000a0000000, 0x00000000a9180000, 0x00000000e0000000)
  object space 148992K, 31% used [0x00000000a0000000,0x00000000a2d407a0,0x00000000a9180000)
 Metaspace       used 89749K, capacity 94182K, committed 94336K, reserved 1132544K
  class space    used 11035K, capacity 11810K, committed 11904K, reserved 1048576K
Event: 4306.128 GC heap after
Heap after GC invocations=41 (full 5):
 PSYoungGen      total 435712K, used 44294K [0x00000000e0000000, 0x0000000100000000, 0x0000000100000000)
  eden space 353280K, 0% used [0x00000000e0000000,0x00000000e0000000,0x00000000f5900000)
  from space 82432K, 53% used [0x00000000faa00000,0x00000000fd541838,0x00000000ffa80000)
  to   space 82944K, 0% used [0x00000000f5900000,0x00000000f5900000,0x00000000faa00000)
 ParOldGen       total 148992K, used 46337K [0x00000000a0000000, 0x00000000a9180000, 0x00000000e0000000)
  object space 148992K, 31% used [0x00000000a0000000,0x00000000a2d407a0,0x00000000a9180000)
 Metaspace       used 89749K, capacity 94182K, committed 94336K, reserved 1132544K
  class space    used 11035K, capacity 11810K, committed 11904K, reserved 1048576K
}

Deoptimization events (10 events):
Event: 3806.631 Thread 0x000000001dae1000 Uncommon trap: reason=array_check action=maybe_recompile pc=0x00000000063af034 method=java.util.TimSort.mergeHi(IIII)V @ 524
Event: 3806.631 Thread 0x000000001dae1000 Uncommon trap: reason=array_check action=maybe_recompile pc=0x0000000006abb9d0 method=java.util.TimSort.mergeLo(IIII)V @ 590
Event: 3806.631 Thread 0x000000001dae1000 Uncommon trap: reason=array_check action=maybe_recompile pc=0x00000000063af034 method=java.util.TimSort.mergeHi(IIII)V @ 524
Event: 3806.631 Thread 0x000000001dae1000 Uncommon trap: reason=array_check action=maybe_recompile pc=0x0000000006abb9d0 method=java.util.TimSort.mergeLo(IIII)V @ 590
Event: 3823.787 Thread 0x000000001c4d7800 Uncommon trap: reason=unstable_if action=reinterpret pc=0x0000000004e8e0c8 method=com.google.protobuf.CodedOutputStream.computeUInt32SizeNoTag(I)I @ 14
Event: 3913.486 Thread 0x000000001dad6800 Uncommon trap: reason=unstable_if action=reinterpret pc=0x000000000338cefc method=org.gradle.internal.logging.sink.OutputEventRenderer.onOutput(Lorg/gradle/internal/logging/events/OutputEvent;)V @ 24
Event: 3925.223 Thread 0x000000001dad8000 Uncommon trap: reason=null_check action=make_not_entrant pc=0x0000000005bec9fc method=com.sun.org.apache.xerces.internal.dom.NamedNodeMapImpl.findNamePoint(Ljava/lang/String;Ljava/lang/String;)I @ 105
Event: 4240.181 Thread 0x000000001dadc800 Uncommon trap: reason=unstable_if action=reinterpret pc=0x0000000004752ef0 method=java.util.concurrent.ConcurrentHashMap.get(Ljava/lang/Object;)Ljava/lang/Object; @ 86
Event: 4281.981 Thread 0x000000001dadb800 Uncommon trap: reason=unstable_if action=reinterpret pc=0x0000000002fbef38 method=org.gradle.api.internal.changedetection.state.DefaultFileSystemSnapshotter$HashBackedSnapshot.equals(Ljava/lang/Object;)Z @ 2
Event: 4305.303 Thread 0x000000001dadb800 Uncommon trap: reason=unstable_if action=reinterpret pc=0x0000000006f7e0cc method=com.squareup.javapoet.LineWrapper.append(Ljava/lang/String;)V @ 50

Classes redefined (0 events):
No events

Internal exceptions (10 events):
Event: 3791.536 Thread 0x000000001dad6800 Exception <a 'sun/nio/fs/WindowsException'> (0x00000000ed01f2c0) thrown at [D:\src\AOSP-openjdk-cygwin\jdk8u\hotspot\src\share\vm\prims\jni.cpp, line 709]
Event: 3791.580 Thread 0x000000001dad6800 Exception <a 'sun/nio/fs/WindowsException'> (0x00000000ed039e18) thrown at [D:\src\AOSP-openjdk-cygwin\jdk8u\hotspot\src\share\vm\prims\jni.cpp, line 709]
Event: 3791.860 Thread 0x000000001dad6800 Exception <a 'sun/nio/fs/WindowsException'> (0x00000000ed11a370) thrown at [D:\src\AOSP-openjdk-cygwin\jdk8u\hotspot\src\share\vm\prims\jni.cpp, line 709]
Event: 3805.678 Thread 0x000000001dad6800 Exception <a 'sun/nio/fs/WindowsException'> (0x00000000ed8e9f88) thrown at [D:\src\AOSP-openjdk-cygwin\jdk8u\hotspot\src\share\vm\prims\jni.cpp, line 709]
Event: 3806.848 Thread 0x000000001dae1000 Exception <a 'sun/nio/fs/WindowsException'> (0x00000000eebb09d8) thrown at [D:\src\AOSP-openjdk-cygwin\jdk8u\hotspot\src\share\vm\prims\jni.cpp, line 709]
Event: 3914.722 Thread 0x000000001dad8000 Exception <a 'sun/nio/fs/WindowsException'> (0x00000000f05e7638) thrown at [D:\src\AOSP-openjdk-cygwin\jdk8u\hotspot\src\share\vm\prims\jni.cpp, line 709]
Event: 3914.745 Thread 0x000000001dad8000 Exception <a 'sun/nio/fs/WindowsException'> (0x00000000f05f3750) thrown at [D:\src\AOSP-openjdk-cygwin\jdk8u\hotspot\src\share\vm\prims\jni.cpp, line 709]
Event: 3925.223 Thread 0x000000001dad8000 Implicit null exception at 0x0000000005bebf95 to 0x0000000005bec9d7
Event: 4237.609 Thread 0x000000001ed3e800 Exception <a 'sun/nio/fs/WindowsException'> (0x00000000e6d12370) thrown at [D:\src\AOSP-openjdk-cygwin\jdk8u\hotspot\src\share\vm\prims\jni.cpp, line 709]
Event: 4237.658 Thread 0x000000001ed3e800 Exception <a 'sun/nio/fs/WindowsException'> (0x00000000e6d1e488) thrown at [D:\src\AOSP-openjdk-cygwin\jdk8u\hotspot\src\share\vm\prims\jni.cpp, line 709]

Events (10 events):
Event: 4305.303 Thread 0x000000001dadb800 DEOPT PACKING pc=0x0000000006f7e0cc sp=0x000000003883b4e0
Event: 4305.303 Thread 0x000000001dadb800 DEOPT UNPACKING pc=0x0000000002e8557b sp=0x000000003883b4d0 mode 2
Event: 4305.668 Executing VM operation: ParallelGCFailedAllocation
Event: 4306.128 Executing VM operation: ParallelGCFailedAllocation done
Event: 4306.132 Executing VM operation: RevokeBias
Event: 4306.133 Executing VM operation: RevokeBias done
Event: 4307.872 loading class com/sun/tools/javac/jvm/CRTable
Event: 4307.873 loading class com/sun/tools/javac/jvm/CRTable done
Event: 4307.874 loading class com/sun/tools/javac/jvm/CRTFlags
Event: 4307.874 loading class com/sun/tools/javac/jvm/CRTFlags done


Dynamic libraries:
0x00007ff675c60000 - 0x00007ff675c91000 	C:\Program Files\Android\Android Studio\jre\bin\java.exe
0x00007ffa0d9a0000 - 0x00007ffa0db81000 	C:\WINDOWS\SYSTEM32\ntdll.dll
0x00007ffa0d4f0000 - 0x00007ffa0d5a2000 	C:\WINDOWS\System32\KERNEL32.DLL
0x00007ffa0a7e0000 - 0x00007ffa0aa53000 	C:\WINDOWS\System32\KERNELBASE.dll
0x00007ffa0d440000 - 0x00007ffa0d4e1000 	C:\WINDOWS\System32\ADVAPI32.dll
0x00007ffa0b4a0000 - 0x00007ffa0b53e000 	C:\WINDOWS\System32\msvcrt.dll
0x00007ffa0d800000 - 0x00007ffa0d85b000 	C:\WINDOWS\System32\sechost.dll
0x00007ffa0b540000 - 0x00007ffa0b664000 	C:\WINDOWS\System32\RPCRT4.dll
0x00007ffa0ae30000 - 0x00007ffa0afc0000 	C:\WINDOWS\System32\USER32.dll
0x00007ffa0a580000 - 0x00007ffa0a5a0000 	C:\WINDOWS\System32\win32u.dll
0x00007ffa0d910000 - 0x00007ffa0d938000 	C:\WINDOWS\System32\GDI32.dll
0x00007ffa0ab10000 - 0x00007ffa0aca2000 	C:\WINDOWS\System32\gdi32full.dll
0x00007ffa0acb0000 - 0x00007ffa0ad4f000 	C:\WINDOWS\System32\msvcp_win.dll
0x00007ffa0a480000 - 0x00007ffa0a57a000 	C:\WINDOWS\System32\ucrtbase.dll
0x00007ff9fcf90000 - 0x00007ff9fd1f9000 	C:\WINDOWS\WinSxS\amd64_microsoft.windows.common-controls_6595b64144ccf1df_6.0.17134.523_none_fb409dd930672a56\COMCTL32.dll
0x00007ffa0b940000 - 0x00007ffa0bc62000 	C:\WINDOWS\System32\combase.dll
0x00007ffa0adb0000 - 0x00007ffa0ae2a000 	C:\WINDOWS\System32\bcryptPrimitives.dll
0x00007ffa0d940000 - 0x00007ffa0d96d000 	C:\WINDOWS\System32\IMM32.DLL
0x0000000070b00000 - 0x0000000070bd2000 	C:\Program Files\Android\Android Studio\jre\jre\bin\msvcr100.dll
0x000000006fb50000 - 0x0000000070391000 	C:\Program Files\Android\Android Studio\jre\jre\bin\server\jvm.dll
0x00007ffa0b860000 - 0x00007ffa0b868000 	C:\WINDOWS\System32\PSAPI.DLL
0x00007ff9ff3a0000 - 0x00007ff9ff3c3000 	C:\WINDOWS\SYSTEM32\WINMM.dll
0x00007ff9fea80000 - 0x00007ff9fea8a000 	C:\WINDOWS\SYSTEM32\VERSION.dll
0x00007ff9ffda0000 - 0x00007ff9ffda9000 	C:\WINDOWS\SYSTEM32\WSOCK32.dll
0x00007ff9ff370000 - 0x00007ff9ff39a000 	C:\WINDOWS\SYSTEM32\WINMMBASE.dll
0x00007ffa0d250000 - 0x00007ffa0d2bc000 	C:\WINDOWS\System32\WS2_32.dll
0x00007ffa0a790000 - 0x00007ffa0a7d9000 	C:\WINDOWS\System32\cfgmgr32.dll
0x00007ffa07f90000 - 0x00007ffa07f9f000 	C:\Program Files\Android\Android Studio\jre\jre\bin\verify.dll
0x00007ffa07d80000 - 0x00007ffa07da9000 	C:\Program Files\Android\Android Studio\jre\jre\bin\java.dll
0x00007ffa07ad0000 - 0x00007ffa07ae6000 	C:\Program Files\Android\Android Studio\jre\jre\bin\zip.dll
0x00007ffa0bc70000 - 0x00007ffa0d0b0000 	C:\WINDOWS\System32\SHELL32.dll
0x00007ffa0d860000 - 0x00007ffa0d909000 	C:\WINDOWS\System32\shcore.dll
0x00007ffa09d70000 - 0x00007ffa0a47d000 	C:\WINDOWS\System32\windows.storage.dll
0x00007ffa0b760000 - 0x00007ffa0b7b1000 	C:\WINDOWS\System32\shlwapi.dll
0x00007ffa09d50000 - 0x00007ffa09d61000 	C:\WINDOWS\System32\kernel.appcore.dll
0x00007ffa09d10000 - 0x00007ffa09d2f000 	C:\WINDOWS\System32\profapi.dll
0x00007ffa09cc0000 - 0x00007ffa09d0c000 	C:\WINDOWS\System32\powrprof.dll
0x00007ffa09cb0000 - 0x00007ffa09cba000 	C:\WINDOWS\System32\FLTLIB.DLL
0x00007ffa03c30000 - 0x00007ffa03c4a000 	C:\Program Files\Android\Android Studio\jre\jre\bin\net.dll
0x00007ffa09530000 - 0x00007ffa09596000 	C:\WINDOWS\system32\mswsock.dll
0x00007ffa03910000 - 0x00007ffa03921000 	C:\Program Files\Android\Android Studio\jre\jre\bin\nio.dll
0x00007ffa07db0000 - 0x00007ffa07dce000 	C:\Users\deg98\.gradle\native\25\windows-amd64\native-platform.dll
0x00007ffa07f80000 - 0x00007ffa07f8d000 	C:\Program Files\Android\Android Studio\jre\jre\bin\management.dll
0x00007ffa096f0000 - 0x00007ffa09707000 	C:\WINDOWS\SYSTEM32\CRYPTSP.dll
0x00007ffa09110000 - 0x00007ffa09143000 	C:\WINDOWS\system32\rsaenh.dll
0x00007ffa09810000 - 0x00007ffa09835000 	C:\WINDOWS\SYSTEM32\bcrypt.dll
0x00007ffa09bb0000 - 0x00007ffa09bd8000 	C:\WINDOWS\SYSTEM32\USERENV.dll
0x00007ffa096e0000 - 0x00007ffa096eb000 	C:\WINDOWS\SYSTEM32\CRYPTBASE.dll
0x00007ffa092b0000 - 0x00007ffa092e8000 	C:\WINDOWS\SYSTEM32\IPHLPAPI.DLL
0x00007ffa0d690000 - 0x00007ffa0d698000 	C:\WINDOWS\System32\NSI.dll
0x00007ffa040b0000 - 0x00007ffa040c6000 	C:\WINDOWS\SYSTEM32\dhcpcsvc6.DLL
0x00007ffa04010000 - 0x00007ffa0402a000 	C:\WINDOWS\SYSTEM32\dhcpcsvc.DLL

VM Arguments:
jvm_args: -Xmx1536m -Dfile.encoding=x-windows-949 -Duser.country=KR -Duser.language=ko -Duser.variant 
java_command: org.gradle.launcher.daemon.bootstrap.GradleDaemon 4.6
java_class_path (initial): C:\Users\deg98\.gradle\wrapper\dists\gradle-4.6-all\bcst21l2brirad8k2ben1letg\gradle-4.6\lib\gradle-launcher-4.6.jar
Launcher Type: SUN_STANDARD

Environment Variables:
PATH=C:\Program Files (x86)\Common Files\Oracle\Java\javapath;C:\oraclexe\app\oracle\product\11.2.0\server\bin;C:\ProgramData\Oracle\Java\javapath;C:\WINDOWS\system32;C:\WINDOWS;C:\WINDOWS\System32\Wbem;C:\WINDOWS\System32\WindowsPowerShell\v1.0\;c:\Program Files (x86)\Microsoft SQL Server\100\Tools\Binn\;c:\Program Files\Microsoft SQL Server\100\Tools\Binn\;c:\Program Files\Microsoft SQL Server\100\DTS\Binn\;C:\Program Files\Java\jdk1.8.0_161\bin;C:\WINDOWS\System32\OpenSSH\;C:\Program Files\Git\cmd;C:\Program Files\PuTTY\;C:\Users\deg98\AppData\Local\Programs\Python\Python37-32\Scripts\;C:\Users\deg98\AppData\Local\Programs\Python\Python37-32\;C:\Users\deg98\AppData\Local\Microsoft\WindowsApps;;C:\Users\deg98\AppData\Local\Programs\Microsoft VS Code\bin
USERNAME=deg98
OS=Windows_NT
PROCESSOR_IDENTIFIER=Intel64 Family 6 Model 69 Stepping 1, GenuineIntel



---------------  S Y S T E M  ---------------

OS: Windows 10.0 , 64 bit Build 17134 (10.0.17134.1)

CPU:total 4 (initial active 4) (2 cores per cpu, 2 threads per core) family 6 model 69 stepping 1, cmov, cx8, fxsr, mmx, sse, sse2, sse3, ssse3, sse4.1, sse4.2, popcnt, avx, avx2, aes, clmul, erms, lzcnt, ht, tsc, tscinvbit, bmi1, bmi2

Memory: 4k page, physical 4107072k(371492k free), swap 16689984k(6500k free)

vm_info: OpenJDK 64-Bit Server VM (25.152-b06) for windows-amd64 JRE (1.8.0_152-release-1136-b06), built by "builder" with MS VC++ 10.0 (VS2010)

time: Sat Jan 26 08:20:17 2019
elapsed time: 4309 seconds (0d 1h 11m 49s)

