#
# There is insufficient memory for the Java Runtime Environment to continue.
# Native memory allocation (malloc) failed to allocate 1619200 bytes for Chunk::new
# Possible reasons:
#   The system is out of physical RAM or swap space
#   In 32 bit mode, the process size limit was hit
# Possible solutions:
#   Reduce memory load on the system
#   Increase physical memory or swap space
#   Check if swap backing store is full
#   Use 64 bit Java on a 64 bit OS
#   Decrease Java heap size (-Xmx/-Xms)
#   Decrease number of Java threads
#   Decrease Java thread stack sizes (-Xss)
#   Set larger code cache with -XX:ReservedCodeCacheSize=
# This output file may be truncated or incomplete.
#
#  Out of Memory Error (allocation.cpp:390), pid=12604, tid=0x0000000000002574
#
# JRE version: OpenJDK Runtime Environment (8.0_152-b06) (build 1.8.0_152-release-1136-b06)
# Java VM: OpenJDK 64-Bit Server VM (25.152-b06 mixed mode windows-amd64 compressed oops)
# Failed to write core dump. Minidumps are not enabled by default on client versions of Windows
#

---------------  T H R E A D  ---------------

Current thread (0x0000000016d69000):  JavaThread "C2 CompilerThread0" daemon [_thread_in_native, id=9588, stack(0x00000000186f0000,0x00000000187f0000)]

Stack: [0x00000000186f0000,0x00000000187f0000]
[error occurred during error reporting (printing stack bounds), id 0xc0000005]

Native frames: (J=compiled Java code, j=interpreted, Vv=VM code, C=native code)


Current CompileTask:
C2:  11280 1379       4       java.net.URLClassLoader$1::run (5 bytes)


---------------  P R O C E S S  ---------------

Java Threads: ( => current thread )
  0x0000000018f17000 JavaThread "Cache worker for file hash cache (E:\0_Prography\Android_Study\AndroidProjects\just\.gradle\4.6\fileHashes)" [_thread_blocked, id=7220, stack(0x000000001c470000,0x000000001c570000)]
  0x000000001a00e000 JavaThread "File lock request listener" [_thread_in_native, id=8608, stack(0x000000001b3a0000,0x000000001b4a0000)]
  0x0000000019e4c000 JavaThread "Cache worker for file hash cache (C:\Users\deg98\.gradle\caches\4.6\fileHashes)" [_thread_blocked, id=13092, stack(0x000000001b2a0000,0x000000001b3a0000)]
  0x0000000019209800 JavaThread "Stdin handler" [_thread_blocked, id=1992, stack(0x000000001afa0000,0x000000001b0a0000)]
  0x0000000019206800 JavaThread "Asynchronous log dispatcher for DefaultDaemonConnection: socket connection from /127.0.0.1:54338 to /127.0.0.1:54339" [_thread_blocked, id=1880, stack(0x000000001aea0000,0x000000001afa0000)]
  0x00000000190c0800 JavaThread "Daemon worker" [_thread_in_native, id=11708, stack(0x000000001ada0000,0x000000001aea0000)]
  0x00000000190bf800 JavaThread "Cancel handler" [_thread_blocked, id=9508, stack(0x000000001aca0000,0x000000001ada0000)]
  0x0000000019251800 JavaThread "Handler for socket connection from /127.0.0.1:54338 to /127.0.0.1:54339" [_thread_in_native, id=4432, stack(0x000000001a9a0000,0x000000001aaa0000)]
  0x0000000019322000 JavaThread "Daemon" [_thread_blocked, id=11504, stack(0x000000001a8a0000,0x000000001a9a0000)]
  0x0000000019328000 JavaThread "Daemon periodic checks" [_thread_blocked, id=7760, stack(0x000000001a7a0000,0x000000001a8a0000)]
  0x0000000019a38800 JavaThread "Incoming local TCP Connector on port 54338" [_thread_in_native, id=13048, stack(0x000000001a5c0000,0x000000001a6c0000)]
  0x000000001817d800 JavaThread "Service Thread" daemon [_thread_blocked, id=13412, stack(0x00000000189f0000,0x0000000018af0000)]
  0x0000000018102000 JavaThread "C1 CompilerThread2" daemon [_thread_blocked, id=9892, stack(0x00000000188f0000,0x00000000189f0000)]
  0x0000000016d6c800 JavaThread "C2 CompilerThread1" daemon [_thread_in_native, id=3160, stack(0x00000000187f0000,0x00000000188f0000)]
=>0x0000000016d69000 JavaThread "C2 CompilerThread0" daemon [_thread_in_native, id=9588, stack(0x00000000186f0000,0x00000000187f0000)]
  0x0000000016d1e800 JavaThread "Attach Listener" daemon [_thread_blocked, id=14776, stack(0x00000000185f0000,0x00000000186f0000)]
  0x00000000180f8800 JavaThread "Signal Dispatcher" daemon [_thread_blocked, id=7900, stack(0x00000000184f0000,0x00000000185f0000)]
  0x0000000016cf8800 JavaThread "Finalizer" daemon [_thread_blocked, id=12716, stack(0x0000000017f60000,0x0000000018060000)]
  0x0000000003393800 JavaThread "Reference Handler" daemon [_thread_blocked, id=9004, stack(0x0000000017e60000,0x0000000017f60000)]
  0x00000000032a2800 JavaThread "main" [_thread_blocked, id=8068, stack(0x00000000031a0000,0x00000000032a0000)]

Other Threads:
  0x0000000016cd5000 VMThread [stack: 0x0000000017d60000,0x0000000017e60000] [id=15388]
  0x000000001817e800 WatcherThread [stack: 0x0000000018af0000,0x0000000018bf0000] [id=4160]

VM state:not at safepoint (normal execution)

VM Mutex/Monitor currently owned by a thread: None

Heap:
 PSYoungGen      total 37376K, used 30668K [0x00000000e0000000, 0x00000000e2b00000, 0x0000000100000000)
  eden space 32256K, 81% used [0x00000000e0000000,0x00000000e199baa8,0x00000000e1f80000)
  from space 5120K, 86% used [0x00000000e2500000,0x00000000e2957620,0x00000000e2a00000)
  to   space 5632K, 0% used [0x00000000e1f80000,0x00000000e1f80000,0x00000000e2500000)
 ParOldGen       total 44032K, used 5857K [0x00000000a0000000, 0x00000000a2b00000, 0x00000000e0000000)
  object space 44032K, 13% used [0x00000000a0000000,0x00000000a05b8518,0x00000000a2b00000)
 Metaspace       used 16780K, capacity 17192K, committed 17408K, reserved 1064960K
  class space    used 2399K, capacity 2544K, committed 2560K, reserved 1048576K

Card table byte_map: [0x0000000012760000,0x0000000012a70000] byte_map_base: 0x0000000012260000

Marking Bits: (ParMarkBitMap*) 0x0000000065785aa0
 Begin Bits: [0x0000000013070000, 0x0000000014870000)
 End Bits:   [0x0000000014870000, 0x0000000016070000)

Polling page: 0x0000000002d40000

CodeCache: size=245760Kb used=5225Kb max_used=5225Kb free=240534Kb
 bounds [0x00000000033a0000, 0x00000000038c0000, 0x00000000123a0000]
 total_blobs=1904 nmethods=1529 adapters=289
 compilation: enabled

Compilation events (10 events):
Event: 11.253 Thread 0x0000000018102000 1532       3       sun.misc.ProxyGenerator::access$1000 (7 bytes)
Event: 11.253 Thread 0x0000000018102000 nmethod 1532 0x00000000038bb050 code [0x00000000038bb1c0, 0x00000000038bb328]
Event: 11.253 Thread 0x0000000018102000 1533       3       sun.misc.ProxyGenerator$ConstantPool::getString (21 bytes)
Event: 11.254 Thread 0x0000000018102000 nmethod 1533 0x00000000038bb410 code [0x00000000038bb5c0, 0x00000000038bbac8]
Event: 11.254 Thread 0x0000000018102000 1534       3       java.util.concurrent.ConcurrentHashMap::put (8 bytes)
Event: 11.254 Thread 0x0000000018102000 nmethod 1534 0x00000000038bbd90 code [0x00000000038bbf00, 0x00000000038bc108]
Event: 11.254 Thread 0x0000000018102000 1535       3       java.util.concurrent.locks.AbstractOwnableSynchronizer::setExclusiveOwnerThread (6 bytes)
Event: 11.254 Thread 0x0000000018102000 nmethod 1535 0x00000000038bc190 code [0x00000000038bc2e0, 0x00000000038bc450]
Event: 11.254 Thread 0x0000000018102000 1531       1       java.lang.Class$MethodArray::length (5 bytes)
Event: 11.254 Thread 0x0000000018102000 nmethod 1531 0x00000000038bc4d0 code [0x00000000038bc620, 0x00000000038bc730]

GC Heap History (10 events):
Event: 2.948 GC heap before
{Heap before GC invocations=2 (full 0):
 PSYoungGen      total 18944K, used 18932K [0x00000000e0000000, 0x00000000e1500000, 0x0000000100000000)
  eden space 16384K, 100% used [0x00000000e0000000,0x00000000e1000000,0x00000000e1000000)
  from space 2560K, 99% used [0x00000000e1000000,0x00000000e127d0a0,0x00000000e1280000)
  to   space 2560K, 0% used [0x00000000e1280000,0x00000000e1280000,0x00000000e1500000)
 ParOldGen       total 44032K, used 552K [0x00000000a0000000, 0x00000000a2b00000, 0x00000000e0000000)
  object space 44032K, 1% used [0x00000000a0000000,0x00000000a008a1d8,0x00000000a2b00000)
 Metaspace       used 7028K, capacity 7194K, committed 7424K, reserved 1056768K
  class space    used 850K, capacity 911K, committed 1024K, reserved 1048576K
Event: 2.960 GC heap after
Heap after GC invocations=2 (full 0):
 PSYoungGen      total 18944K, used 2554K [0x00000000e0000000, 0x00000000e1500000, 0x0000000100000000)
  eden space 16384K, 0% used [0x00000000e0000000,0x00000000e0000000,0x00000000e1000000)
  from space 2560K, 99% used [0x00000000e1280000,0x00000000e14febc0,0x00000000e1500000)
  to   space 2560K, 0% used [0x00000000e1000000,0x00000000e1000000,0x00000000e1280000)
 ParOldGen       total 44032K, used 1059K [0x00000000a0000000, 0x00000000a2b00000, 0x00000000e0000000)
  object space 44032K, 2% used [0x00000000a0000000,0x00000000a0108ff0,0x00000000a2b00000)
 Metaspace       used 7028K, capacity 7194K, committed 7424K, reserved 1056768K
  class space    used 850K, capacity 911K, committed 1024K, reserved 1048576K
}
Event: 3.471 GC heap before
{Heap before GC invocations=3 (full 0):
 PSYoungGen      total 18944K, used 18938K [0x00000000e0000000, 0x00000000e1500000, 0x0000000100000000)
  eden space 16384K, 100% used [0x00000000e0000000,0x00000000e1000000,0x00000000e1000000)
  from space 2560K, 99% used [0x00000000e1280000,0x00000000e14febc0,0x00000000e1500000)
  to   space 2560K, 0% used [0x00000000e1000000,0x00000000e1000000,0x00000000e1280000)
 ParOldGen       total 44032K, used 1059K [0x00000000a0000000, 0x00000000a2b00000, 0x00000000e0000000)
  object space 44032K, 2% used [0x00000000a0000000,0x00000000a0108ff0,0x00000000a2b00000)
 Metaspace       used 7302K, capacity 7508K, committed 7680K, reserved 1056768K
  class space    used 903K, capacity 952K, committed 1024K, reserved 1048576K
Event: 3.479 GC heap after
Heap after GC invocations=3 (full 0):
 PSYoungGen      total 18944K, used 2553K [0x00000000e0000000, 0x00000000e2500000, 0x0000000100000000)
  eden space 16384K, 0% used [0x00000000e0000000,0x00000000e0000000,0x00000000e1000000)
  from space 2560K, 99% used [0x00000000e1000000,0x00000000e127e640,0x00000000e1280000)
  to   space 2560K, 0% used [0x00000000e2280000,0x00000000e2280000,0x00000000e2500000)
 ParOldGen       total 44032K, used 1659K [0x00000000a0000000, 0x00000000a2b00000, 0x00000000e0000000)
  object space 44032K, 3% used [0x00000000a0000000,0x00000000a019ed98,0x00000000a2b00000)
 Metaspace       used 7302K, capacity 7508K, committed 7680K, reserved 1056768K
  class space    used 903K, capacity 952K, committed 1024K, reserved 1048576K
}
Event: 9.239 GC heap before
{Heap before GC invocations=4 (full 0):
 PSYoungGen      total 18944K, used 18937K [0x00000000e0000000, 0x00000000e2500000, 0x0000000100000000)
  eden space 16384K, 100% used [0x00000000e0000000,0x00000000e1000000,0x00000000e1000000)
  from space 2560K, 99% used [0x00000000e1000000,0x00000000e127e640,0x00000000e1280000)
  to   space 2560K, 0% used [0x00000000e2280000,0x00000000e2280000,0x00000000e2500000)
 ParOldGen       total 44032K, used 1659K [0x00000000a0000000, 0x00000000a2b00000, 0x00000000e0000000)
  object space 44032K, 3% used [0x00000000a0000000,0x00000000a019ed98,0x00000000a2b00000)
 Metaspace       used 10728K, capacity 10964K, committed 11264K, reserved 1058816K
  class space    used 1399K, capacity 1522K, committed 1536K, reserved 1048576K
Event: 9.250 GC heap after
Heap after GC invocations=4 (full 0):
 PSYoungGen      total 18944K, used 2553K [0x00000000e0000000, 0x00000000e2500000, 0x0000000100000000)
  eden space 16384K, 0% used [0x00000000e0000000,0x00000000e0000000,0x00000000e1000000)
  from space 2560K, 99% used [0x00000000e2280000,0x00000000e24fe620,0x00000000e2500000)
  to   space 2560K, 0% used [0x00000000e1000000,0x00000000e1000000,0x00000000e1280000)
 ParOldGen       total 44032K, used 3928K [0x00000000a0000000, 0x00000000a2b00000, 0x00000000e0000000)
  object space 44032K, 8% used [0x00000000a0000000,0x00000000a03d63c8,0x00000000a2b00000)
 Metaspace       used 10728K, capacity 10964K, committed 11264K, reserved 1058816K
  class space    used 1399K, capacity 1522K, committed 1536K, reserved 1048576K
}
Event: 10.044 GC heap before
{Heap before GC invocations=5 (full 0):
 PSYoungGen      total 18944K, used 18937K [0x00000000e0000000, 0x00000000e2500000, 0x0000000100000000)
  eden space 16384K, 100% used [0x00000000e0000000,0x00000000e1000000,0x00000000e1000000)
  from space 2560K, 99% used [0x00000000e2280000,0x00000000e24fe620,0x00000000e2500000)
  to   space 2560K, 0% used [0x00000000e1000000,0x00000000e1000000,0x00000000e1280000)
 ParOldGen       total 44032K, used 3928K [0x00000000a0000000, 0x00000000a2b00000, 0x00000000e0000000)
  object space 44032K, 8% used [0x00000000a0000000,0x00000000a03d63c8,0x00000000a2b00000)
 Metaspace       used 12854K, capacity 13284K, committed 13440K, reserved 1060864K
  class space    used 1742K, capacity 1902K, committed 1920K, reserved 1048576K
Event: 10.057 GC heap after
Heap after GC invocations=5 (full 0):
 PSYoungGen      total 18944K, used 2537K [0x00000000e0000000, 0x00000000e2a00000, 0x0000000100000000)
  eden space 16384K, 0% used [0x00000000e0000000,0x00000000e0000000,0x00000000e1000000)
  from space 2560K, 99% used [0x00000000e1000000,0x00000000e127a630,0x00000000e1280000)
  to   space 5120K, 0% used [0x00000000e2500000,0x00000000e2500000,0x00000000e2a00000)
 ParOldGen       total 44032K, used 5857K [0x00000000a0000000, 0x00000000a2b00000, 0x00000000e0000000)
  object space 44032K, 13% used [0x00000000a0000000,0x00000000a05b8518,0x00000000a2b00000)
 Metaspace       used 12854K, capacity 13284K, committed 13440K, reserved 1060864K
  class space    used 1742K, capacity 1902K, committed 1920K, reserved 1048576K
}
Event: 10.376 GC heap before
{Heap before GC invocations=6 (full 0):
 PSYoungGen      total 18944K, used 18921K [0x00000000e0000000, 0x00000000e2a00000, 0x0000000100000000)
  eden space 16384K, 100% used [0x00000000e0000000,0x00000000e1000000,0x00000000e1000000)
  from space 2560K, 99% used [0x00000000e1000000,0x00000000e127a630,0x00000000e1280000)
  to   space 5120K, 0% used [0x00000000e2500000,0x00000000e2500000,0x00000000e2a00000)
 ParOldGen       total 44032K, used 5857K [0x00000000a0000000, 0x00000000a2b00000, 0x00000000e0000000)
  object space 44032K, 13% used [0x00000000a0000000,0x00000000a05b8518,0x00000000a2b00000)
 Metaspace       used 14206K, capacity 14568K, committed 14720K, reserved 1062912K
  class space    used 1977K, capacity 2096K, committed 2176K, reserved 1048576K
Event: 10.388 GC heap after
Heap after GC invocations=6 (full 0):
 PSYoungGen      total 37376K, used 4445K [0x00000000e0000000, 0x00000000e2b00000, 0x0000000100000000)
  eden space 32256K, 0% used [0x00000000e0000000,0x00000000e0000000,0x00000000e1f80000)
  from space 5120K, 86% used [0x00000000e2500000,0x00000000e2957620,0x00000000e2a00000)
  to   space 5632K, 0% used [0x00000000e1f80000,0x00000000e1f80000,0x00000000e2500000)
 ParOldGen       total 44032K, used 5857K [0x00000000a0000000, 0x00000000a2b00000, 0x00000000e0000000)
  object space 44032K, 13% used [0x00000000a0000000,0x00000000a05b8518,0x00000000a2b00000)
 Metaspace       used 14206K, capacity 14568K, committed 14720K, reserved 1062912K
  class space    used 1977K, capacity 2096K, committed 2176K, reserved 1048576K
}

Deoptimization events (10 events):
Event: 5.428 Thread 0x00000000032a2800 Uncommon trap: reason=unstable_if action=reinterpret pc=0x000000000364f818 method=java.io.WinNTFileSystem.normalize(Ljava/lang/String;)Ljava/lang/String; @ 128
Event: 5.428 Thread 0x00000000032a2800 Uncommon trap: reason=unstable_if action=reinterpret pc=0x00000000036c2cf4 method=java.io.WinNTFileSystem.normalize(Ljava/lang/String;II)Ljava/lang/String; @ 90
Event: 9.585 Thread 0x0000000019251800 Uncommon trap: reason=unstable_if action=reinterpret pc=0x00000000037ab2b0 method=java.util.concurrent.ConcurrentHashMap.putVal(Ljava/lang/Object;Ljava/lang/Object;Z)Ljava/lang/Object; @ 206
Event: 10.223 Thread 0x00000000190c0800 Uncommon trap: reason=class_check action=maybe_recompile pc=0x00000000036479c4 method=java.util.regex.Matcher.match(II)Z @ 86
Event: 10.223 Thread 0x00000000190c0800 Uncommon trap: reason=class_check action=maybe_recompile pc=0x00000000036479c4 method=java.util.regex.Matcher.match(II)Z @ 86
Event: 10.328 Thread 0x00000000190c0800 Uncommon trap: reason=class_check action=maybe_recompile pc=0x0000000003617bdc method=java.util.regex.Matcher.match(II)Z @ 86
Event: 10.466 Thread 0x00000000190c0800 Uncommon trap: reason=unstable_if action=reinterpret pc=0x000000000382bfb4 method=java.lang.String.lastIndexOf([CII[CIII)I @ 66
Event: 11.150 Thread 0x00000000190c0800 Uncommon trap: reason=unstable_if action=reinterpret pc=0x00000000034fb308 method=java.net.URI.match(CJJ)Z @ 19
Event: 11.150 Thread 0x00000000190c0800 Uncommon trap: reason=unstable_if action=reinterpret pc=0x00000000035e5340 method=java.net.URI.match(CJJ)Z @ 19
Event: 11.262 Thread 0x00000000190c0800 Uncommon trap: reason=unstable_if action=reinterpret pc=0x000000000363ca40 method=java.io.File.getName()Ljava/lang/String; @ 16

Classes redefined (0 events):
No events

Internal exceptions (10 events):
Event: 9.644 Thread 0x0000000019251800 Exception <a 'java/lang/NoSuchMethodError': <clinit>> (0x00000000e03d3530) thrown at [D:\src\AOSP-openjdk-cygwin\jdk8u\hotspot\src\share\vm\prims\jni.cpp, line 1613]
Event: 9.650 Thread 0x0000000019251800 Exception <a 'java/lang/NoSuchMethodError': <clinit>> (0x00000000e03e4ba0) thrown at [D:\src\AOSP-openjdk-cygwin\jdk8u\hotspot\src\share\vm\prims\jni.cpp, line 1613]
Event: 9.687 Thread 0x0000000019251800 Exception <a 'java/lang/NoSuchMethodError': <clinit>> (0x00000000e0458b40) thrown at [D:\src\AOSP-openjdk-cygwin\jdk8u\hotspot\src\share\vm\prims\jni.cpp, line 1613]
Event: 9.706 Thread 0x0000000019251800 Exception <a 'java/lang/NoSuchMethodError': <clinit>> (0x00000000e047dd80) thrown at [D:\src\AOSP-openjdk-cygwin\jdk8u\hotspot\src\share\vm\prims\jni.cpp, line 1613]
Event: 9.716 Thread 0x0000000019251800 Exception <a 'java/lang/NoSuchMethodError': <clinit>> (0x00000000e04a9f80) thrown at [D:\src\AOSP-openjdk-cygwin\jdk8u\hotspot\src\share\vm\prims\jni.cpp, line 1613]
Event: 9.719 Thread 0x0000000019251800 Exception <a 'java/lang/NoSuchMethodError': <clinit>> (0x00000000e04b5320) thrown at [D:\src\AOSP-openjdk-cygwin\jdk8u\hotspot\src\share\vm\prims\jni.cpp, line 1613]
Event: 9.722 Thread 0x0000000019251800 Exception <a 'java/lang/NoSuchMethodError': <clinit>> (0x00000000e04c0bc8) thrown at [D:\src\AOSP-openjdk-cygwin\jdk8u\hotspot\src\share\vm\prims\jni.cpp, line 1613]
Event: 9.730 Thread 0x0000000019251800 Exception <a 'java/lang/NoSuchMethodError': <clinit>> (0x00000000e04e3c38) thrown at [D:\src\AOSP-openjdk-cygwin\jdk8u\hotspot\src\share\vm\prims\jni.cpp, line 1613]
Event: 9.802 Thread 0x00000000190c0800 Exception <a 'java/lang/NoSuchMethodError': <clinit>> (0x00000000e0576be8) thrown at [D:\src\AOSP-openjdk-cygwin\jdk8u\hotspot\src\share\vm\prims\jni.cpp, line 1613]
Event: 9.804 Thread 0x00000000190c0800 Exception <a 'java/lang/NoSuchMethodError': <clinit>> (0x00000000e057ee70) thrown at [D:\src\AOSP-openjdk-cygwin\jdk8u\hotspot\src\share\vm\prims\jni.cpp, line 1613]

Events (10 events):
Event: 11.249 loading class org/gradle/internal/invocation/GradleBuildController done
Event: 11.250 loading class org/gradle/internal/invocation/GradleBuildController$State
Event: 11.250 loading class org/gradle/internal/invocation/GradleBuildController$State done
Event: 11.250 loading class org/gradle/internal/jvm/UnsupportedJavaRuntimeException
Event: 11.250 loading class org/gradle/internal/jvm/UnsupportedJavaRuntimeException done
Event: 11.262 loading class java/io/File$TempDirectory
Event: 11.262 loading class java/io/File$TempDirectory done
Event: 11.262 Thread 0x00000000190c0800 Uncommon trap: trap_request=0xffffff65 fr.pc=0x000000000363ca40
Event: 11.262 Thread 0x00000000190c0800 DEOPT PACKING pc=0x000000000363ca40 sp=0x000000001ae9c8e0
Event: 11.262 Thread 0x00000000190c0800 DEOPT UNPACKING pc=0x00000000033e557b sp=0x000000001ae9c8c8 mode 2


Dynamic libraries:
0x00007ff765720000 - 0x00007ff765751000 	C:\Program Files\Android\Android Studio\jre\bin\java.exe
0x00007ffcc6250000 - 0x00007ffcc6431000 	C:\WINDOWS\SYSTEM32\ntdll.dll
0x00007ffcc53a0000 - 0x00007ffcc5452000 	C:\WINDOWS\System32\KERNEL32.DLL
0x00007ffcc2ef0000 - 0x00007ffcc3163000 	C:\WINDOWS\System32\KERNELBASE.dll
0x00007ffcc52f0000 - 0x00007ffcc5391000 	C:\WINDOWS\System32\ADVAPI32.dll
0x00007ffcc5250000 - 0x00007ffcc52ee000 	C:\WINDOWS\System32\msvcrt.dll
0x00007ffcc5fd0000 - 0x00007ffcc602b000 	C:\WINDOWS\System32\sechost.dll
0x00007ffcc6030000 - 0x00007ffcc6154000 	C:\WINDOWS\System32\RPCRT4.dll
0x00007ffcc55f0000 - 0x00007ffcc5780000 	C:\WINDOWS\System32\USER32.dll
0x00007ffcc2ed0000 - 0x00007ffcc2ef0000 	C:\WINDOWS\System32\win32u.dll
0x00007ffcc5220000 - 0x00007ffcc5248000 	C:\WINDOWS\System32\GDI32.dll
0x00007ffcc31f0000 - 0x00007ffcc3382000 	C:\WINDOWS\System32\gdi32full.dll
0x00007ffcc2e30000 - 0x00007ffcc2ecf000 	C:\WINDOWS\System32\msvcp_win.dll
0x00007ffcc2620000 - 0x00007ffcc271a000 	C:\WINDOWS\System32\ucrtbase.dll
0x00007ffcb63a0000 - 0x00007ffcb6609000 	C:\WINDOWS\WinSxS\amd64_microsoft.windows.common-controls_6595b64144ccf1df_6.0.17134.523_none_fb409dd930672a56\COMCTL32.dll
0x00007ffcc3a50000 - 0x00007ffcc3d72000 	C:\WINDOWS\System32\combase.dll
0x00007ffcc3170000 - 0x00007ffcc31ea000 	C:\WINDOWS\System32\bcryptPrimitives.dll
0x00007ffcc5bd0000 - 0x00007ffcc5bfd000 	C:\WINDOWS\System32\IMM32.DLL
0x0000000064ee0000 - 0x0000000064fb2000 	C:\Program Files\Android\Android Studio\jre\jre\bin\msvcr100.dll
0x0000000064fc0000 - 0x0000000065801000 	C:\Program Files\Android\Android Studio\jre\jre\bin\server\jvm.dll
0x00007ffcc38a0000 - 0x00007ffcc38a8000 	C:\WINDOWS\System32\PSAPI.DLL
0x00007ffcb8a80000 - 0x00007ffcb8aa3000 	C:\WINDOWS\SYSTEM32\WINMM.dll
0x00007ffcb7a20000 - 0x00007ffcb7a2a000 	C:\WINDOWS\SYSTEM32\VERSION.dll
0x00007ffcb7b20000 - 0x00007ffcb7b29000 	C:\WINDOWS\SYSTEM32\WSOCK32.dll
0x00007ffcc5eb0000 - 0x00007ffcc5f1c000 	C:\WINDOWS\System32\WS2_32.dll
0x00007ffcb8320000 - 0x00007ffcb834a000 	C:\WINDOWS\SYSTEM32\WINMMBASE.dll
0x00007ffcc33f0000 - 0x00007ffcc3439000 	C:\WINDOWS\System32\cfgmgr32.dll
0x00007ffcbe1e0000 - 0x00007ffcbe1ef000 	C:\Program Files\Android\Android Studio\jre\jre\bin\verify.dll
0x00007ffcb3bf0000 - 0x00007ffcb3c19000 	C:\Program Files\Android\Android Studio\jre\jre\bin\java.dll
0x00007ffcb7140000 - 0x00007ffcb7156000 	C:\Program Files\Android\Android Studio\jre\jre\bin\zip.dll
0x00007ffcc3de0000 - 0x00007ffcc5220000 	C:\WINDOWS\System32\SHELL32.dll
0x00007ffcc5f20000 - 0x00007ffcc5fc9000 	C:\WINDOWS\System32\shcore.dll
0x00007ffcc2720000 - 0x00007ffcc2e2d000 	C:\WINDOWS\System32\windows.storage.dll
0x00007ffcc3d80000 - 0x00007ffcc3dd1000 	C:\WINDOWS\System32\shlwapi.dll
0x00007ffcc2560000 - 0x00007ffcc2571000 	C:\WINDOWS\System32\kernel.appcore.dll
0x00007ffcc25f0000 - 0x00007ffcc260f000 	C:\WINDOWS\System32\profapi.dll
0x00007ffcc25a0000 - 0x00007ffcc25ec000 	C:\WINDOWS\System32\powrprof.dll
0x00007ffcc2610000 - 0x00007ffcc261a000 	C:\WINDOWS\System32\FLTLIB.DLL
0x00007ffcb4f90000 - 0x00007ffcb4faa000 	C:\Program Files\Android\Android Studio\jre\jre\bin\net.dll
0x00007ffcc1de0000 - 0x00007ffcc1e46000 	C:\WINDOWS\system32\mswsock.dll
0x00007ffcb3f30000 - 0x00007ffcb3f41000 	C:\Program Files\Android\Android Studio\jre\jre\bin\nio.dll
0x00007ffcb3bb0000 - 0x00007ffcb3bce000 	C:\Users\deg98\.gradle\native\25\windows-amd64\native-platform.dll
0x00007ffcbe1d0000 - 0x00007ffcbe1dd000 	C:\Program Files\Android\Android Studio\jre\jre\bin\management.dll
0x00007ffcc1f90000 - 0x00007ffcc1fa7000 	C:\WINDOWS\SYSTEM32\CRYPTSP.dll
0x00007ffcc19c0000 - 0x00007ffcc19f3000 	C:\WINDOWS\system32\rsaenh.dll
0x00007ffcc20c0000 - 0x00007ffcc20e5000 	C:\WINDOWS\SYSTEM32\bcrypt.dll
0x00007ffcc2460000 - 0x00007ffcc2488000 	C:\WINDOWS\SYSTEM32\USERENV.dll
0x00007ffcc1fb0000 - 0x00007ffcc1fbb000 	C:\WINDOWS\SYSTEM32\CRYPTBASE.dll
0x00007ffcc1b60000 - 0x00007ffcc1b98000 	C:\WINDOWS\SYSTEM32\IPHLPAPI.DLL
0x00007ffcc5d60000 - 0x00007ffcc5d68000 	C:\WINDOWS\System32\NSI.dll
0x00007ffcbb920000 - 0x00007ffcbb936000 	C:\WINDOWS\SYSTEM32\dhcpcsvc6.DLL
0x00007ffcbb900000 - 0x00007ffcbb91a000 	C:\WINDOWS\SYSTEM32\dhcpcsvc.DLL

VM Arguments:
jvm_args: -Xmx1536m -Dfile.encoding=x-windows-949 -Duser.country=KR -Duser.language=ko -Duser.variant 
java_command: org.gradle.launcher.daemon.bootstrap.GradleDaemon 4.6
java_class_path (initial): C:\Users\deg98\.gradle\wrapper\dists\gradle-4.6-all\bcst21l2brirad8k2ben1letg\gradle-4.6\lib\gradle-launcher-4.6.jar
Launcher Type: SUN_STANDARD

Environment Variables:
PATH=C:\Program Files (x86)\Common Files\Oracle\Java\javapath;C:\oraclexe\app\oracle\product\11.2.0\server\bin;C:\ProgramData\Oracle\Java\javapath;C:\WINDOWS\system32;C:\WINDOWS;C:\WINDOWS\System32\Wbem;C:\WINDOWS\System32\WindowsPowerShell\v1.0\;c:\Program Files (x86)\Microsoft SQL Server\100\Tools\Binn\;c:\Program Files\Microsoft SQL Server\100\Tools\Binn\;c:\Program Files\Microsoft SQL Server\100\DTS\Binn\;C:\Program Files\Java\jdk1.8.0_161\bin;C:\WINDOWS\System32\OpenSSH\;C:\Program Files\Git\cmd;C:\Program Files\PuTTY\;C:\Users\deg98\AppData\Local\Programs\Python\Python37-32\Scripts\;C:\Users\deg98\AppData\Local\Programs\Python\Python37-32\;C:\Users\deg98\AppData\Local\Microsoft\WindowsApps;;C:\Users\deg98\AppData\Local\Programs\Microsoft VS Code\bin
USERNAME=deg98
OS=Windows_NT
PROCESSOR_IDENTIFIER=Intel64 Family 6 Model 69 Stepping 1, GenuineIntel



---------------  S Y S T E M  ---------------

OS: Windows 10.0 , 64 bit Build 17134 (10.0.17134.1)

CPU:total 4 (initial active 4) (2 cores per cpu, 2 threads per core) family 6 model 69 stepping 1, cmov, cx8, fxsr, mmx, sse, sse2, sse3, ssse3, sse4.1, sse4.2, popcnt, avx, avx2, aes, clmul, erms, lzcnt, ht, tsc, tscinvbit, bmi1, bmi2

Memory: 4k page, physical 4107072k(396772k free), swap 16689984k(7296k free)

vm_info: OpenJDK 64-Bit Server VM (25.152-b06) for windows-amd64 JRE (1.8.0_152-release-1136-b06), built by "builder" with MS VC++ 10.0 (VS2010)

time: Mon Feb 04 18:06:51 2019
elapsed time: 11 seconds (0d 0h 0m 11s)

