#
# There is insufficient memory for the Java Runtime Environment to continue.
# Native memory allocation (malloc) failed to allocate 1436192 bytes for Chunk::new
# Possible reasons:
#   The system is out of physical RAM or swap space
#   In 32 bit mode, the process size limit was hit
# Possible solutions:
#   Reduce memory load on the system
#   Increase physical memory or swap space
#   Check if swap backing store is full
#   Use 64 bit Java on a 64 bit OS
#   Decrease Java heap size (-Xmx/-Xms)
#   Decrease number of Java threads
#   Decrease Java thread stack sizes (-Xss)
#   Set larger code cache with -XX:ReservedCodeCacheSize=
# This output file may be truncated or incomplete.
#
#  Out of Memory Error (allocation.cpp:390), pid=8540, tid=0x000000000000390c
#
# JRE version: OpenJDK Runtime Environment (8.0_152-b06) (build 1.8.0_152-release-1136-b06)
# Java VM: OpenJDK 64-Bit Server VM (25.152-b06 mixed mode windows-amd64 compressed oops)
# Failed to write core dump. Minidumps are not enabled by default on client versions of Windows
#

---------------  T H R E A D  ---------------

Current thread (0x000000001708b800):  JavaThread "C2 CompilerThread1" daemon [_thread_in_native, id=14604, stack(0x0000000018b10000,0x0000000018c10000)]

Stack: [0x0000000018b10000,0x0000000018c10000]
[error occurred during error reporting (printing stack bounds), id 0xc0000005]

Native frames: (J=compiled Java code, j=interpreted, Vv=VM code, C=native code)


Current CompileTask:
C2:  14951 1828       4       java.net.URLClassLoader$1::run (5 bytes)


---------------  P R O C E S S  ---------------

Java Threads: ( => current thread )
  0x000000001a2fd800 JavaThread "Cache worker for file hash cache (E:\0_Prography\Android_Study\AndroidProjects\just\.gradle\4.6\fileHashes)" [_thread_blocked, id=13984, stack(0x000000001c790000,0x000000001c890000)]
  0x000000001915f800 JavaThread "File lock request listener" [_thread_in_native, id=16464, stack(0x000000001b6c0000,0x000000001b7c0000)]
  0x000000001862e000 JavaThread "Cache worker for file hash cache (C:\Users\deg98\.gradle\caches\4.6\fileHashes)" [_thread_blocked, id=9228, stack(0x000000001b5c0000,0x000000001b6c0000)]
  0x000000001942a800 JavaThread "Stdin handler" [_thread_blocked, id=9696, stack(0x000000001b2c0000,0x000000001b3c0000)]
  0x000000001942a000 JavaThread "Asynchronous log dispatcher for DefaultDaemonConnection: socket connection from /127.0.0.1:62063 to /127.0.0.1:62066" [_thread_blocked, id=14268, stack(0x000000001b1c0000,0x000000001b2c0000)]
  0x0000000019147800 JavaThread "Daemon worker" [_thread_in_native, id=21064, stack(0x000000001b0c0000,0x000000001b1c0000)]
  0x0000000018660000 JavaThread "Cancel handler" [_thread_blocked, id=8952, stack(0x000000001afc0000,0x000000001b0c0000)]
  0x00000000191f2000 JavaThread "Handler for socket connection from /127.0.0.1:62063 to /127.0.0.1:62066" [_thread_in_native, id=4424, stack(0x000000001acc0000,0x000000001adc0000)]
  0x0000000019706800 JavaThread "Daemon" [_thread_blocked, id=1448, stack(0x000000001abc0000,0x000000001acc0000)]
  0x00000000196fa800 JavaThread "Daemon periodic checks" [_thread_blocked, id=16680, stack(0x000000001aac0000,0x000000001abc0000)]
  0x00000000196ed800 JavaThread "Incoming local TCP Connector on port 62063" [_thread_in_native, id=13744, stack(0x000000001a8e0000,0x000000001a9e0000)]
  0x0000000018491800 JavaThread "Service Thread" daemon [_thread_blocked, id=7672, stack(0x0000000018d10000,0x0000000018e10000)]
  0x0000000018438000 JavaThread "C1 CompilerThread2" daemon [_thread_blocked, id=16220, stack(0x0000000018c10000,0x0000000018d10000)]
=>0x000000001708b800 JavaThread "C2 CompilerThread1" daemon [_thread_in_native, id=14604, stack(0x0000000018b10000,0x0000000018c10000)]
  0x000000001703b800 JavaThread "C2 CompilerThread0" daemon [_thread_in_native, id=20592, stack(0x0000000018a10000,0x0000000018b10000)]
  0x0000000017089800 JavaThread "Attach Listener" daemon [_thread_blocked, id=21340, stack(0x0000000018910000,0x0000000018a10000)]
  0x0000000018418800 JavaThread "Signal Dispatcher" daemon [_thread_blocked, id=20420, stack(0x0000000018810000,0x0000000018910000)]
  0x00000000036bc000 JavaThread "Finalizer" daemon [_thread_blocked, id=9140, stack(0x0000000018280000,0x0000000018380000)]
  0x00000000036b1000 JavaThread "Reference Handler" daemon [_thread_blocked, id=10032, stack(0x0000000018180000,0x0000000018280000)]
  0x00000000035bd800 JavaThread "main" [_thread_blocked, id=19260, stack(0x00000000034a0000,0x00000000035a0000)]

Other Threads:
  0x0000000016ff5800 VMThread [stack: 0x0000000018080000,0x0000000018180000] [id=2684]
  0x0000000018492800 WatcherThread [stack: 0x0000000018e10000,0x0000000018f10000] [id=10500]

VM state:not at safepoint (normal execution)

VM Mutex/Monitor currently owned by a thread: None

Heap:
 PSYoungGen      total 37376K, used 19205K [0x00000000e0000000, 0x00000000e2a00000, 0x0000000100000000)
  eden space 31744K, 60% used [0x00000000e0000000,0x00000000e12c1698,0x00000000e1f00000)
  from space 5632K, 0% used [0x00000000e1f00000,0x00000000e1f00000,0x00000000e2480000)
  to   space 5632K, 0% used [0x00000000e2480000,0x00000000e2480000,0x00000000e2a00000)
 ParOldGen       total 32768K, used 8287K [0x00000000a0000000, 0x00000000a2000000, 0x00000000e0000000)
  object space 32768K, 25% used [0x00000000a0000000,0x00000000a0817c40,0x00000000a2000000)
 Metaspace       used 23010K, capacity 23538K, committed 23808K, reserved 1069056K
  class space    used 3122K, capacity 3276K, committed 3328K, reserved 1048576K

Card table byte_map: [0x0000000012a80000,0x0000000012d90000] byte_map_base: 0x0000000012580000

Marking Bits: (ParMarkBitMap*) 0x0000000054985aa0
 Begin Bits: [0x0000000013390000, 0x0000000014b90000)
 End Bits:   [0x0000000014b90000, 0x0000000016390000)

Polling page: 0x0000000000ff0000

CodeCache: size=245760Kb used=7209Kb max_used=7209Kb free=238550Kb
 bounds [0x00000000036c0000, 0x0000000003dd0000, 0x00000000126c0000]
 total_blobs=2441 nmethods=1800 adapters=554
 compilation: enabled

Compilation events (10 events):
Event: 14.865 Thread 0x0000000018438000 1933       3       java.io.ObjectOutputStream$BlockDataOutputStream::drain (45 bytes)
Event: 14.866 Thread 0x0000000018438000 nmethod 1933 0x0000000003dcd810 code [0x0000000003dcd980, 0x0000000003dcdc78]
Event: 14.866 Thread 0x0000000018438000 1934       3       java.io.ObjectStreamClass::processQueue (21 bytes)
Event: 14.866 Thread 0x0000000018438000 nmethod 1934 0x0000000003dcdd50 code [0x0000000003dcdee0, 0x0000000003dce498]
Event: 14.870 Thread 0x0000000018438000 1935       1       java.nio.channels.spi.AbstractInterruptibleChannel::isOpen (5 bytes)
Event: 14.870 Thread 0x0000000018438000 nmethod 1935 0x0000000003dce690 code [0x0000000003dce7e0, 0x0000000003dce8f0]
Event: 14.915 Thread 0x0000000018438000 1936       3       java.io.ByteArrayOutputStream::<init> (7 bytes)
Event: 14.915 Thread 0x0000000018438000 nmethod 1936 0x0000000003dceb50 code [0x0000000003dcecc0, 0x0000000003dcee48]
Event: 14.916 Thread 0x0000000018438000 1937       3       java.lang.Class::forName (15 bytes)
Event: 14.917 Thread 0x0000000018438000 nmethod 1937 0x0000000003dceed0 code [0x0000000003dcf060, 0x0000000003dcf338]

GC Heap History (10 events):
Event: 10.903 GC heap before
{Heap before GC invocations=6 (full 0):
 PSYoungGen      total 18944K, used 18937K [0x00000000e0000000, 0x00000000e1a00000, 0x0000000100000000)
  eden space 16384K, 100% used [0x00000000e0000000,0x00000000e1000000,0x00000000e1000000)
  from space 2560K, 99% used [0x00000000e1000000,0x00000000e127e640,0x00000000e1280000)
  to   space 5120K, 0% used [0x00000000e1500000,0x00000000e1500000,0x00000000e1a00000)
 ParOldGen       total 44032K, used 5870K [0x00000000a0000000, 0x00000000a2b00000, 0x00000000e0000000)
  object space 44032K, 13% used [0x00000000a0000000,0x00000000a05bba88,0x00000000a2b00000)
 Metaspace       used 14219K, capacity 14568K, committed 14720K, reserved 1062912K
  class space    used 1979K, capacity 2096K, committed 2176K, reserved 1048576K
Event: 10.917 GC heap after
Heap after GC invocations=6 (full 0):
 PSYoungGen      total 20992K, used 4496K [0x00000000e0000000, 0x00000000e2b00000, 0x0000000100000000)
  eden space 15872K, 0% used [0x00000000e0000000,0x00000000e0000000,0x00000000e0f80000)
  from space 5120K, 87% used [0x00000000e1500000,0x00000000e1964310,0x00000000e1a00000)
  to   space 5632K, 0% used [0x00000000e0f80000,0x00000000e0f80000,0x00000000e1500000)
 ParOldGen       total 44032K, used 5870K [0x00000000a0000000, 0x00000000a2b00000, 0x00000000e0000000)
  object space 44032K, 13% used [0x00000000a0000000,0x00000000a05bba88,0x00000000a2b00000)
 Metaspace       used 14219K, capacity 14568K, committed 14720K, reserved 1062912K
  class space    used 1979K, capacity 2096K, committed 2176K, reserved 1048576K
}
Event: 11.409 GC heap before
{Heap before GC invocations=7 (full 0):
 PSYoungGen      total 20992K, used 20368K [0x00000000e0000000, 0x00000000e2b00000, 0x0000000100000000)
  eden space 15872K, 100% used [0x00000000e0000000,0x00000000e0f80000,0x00000000e0f80000)
  from space 5120K, 87% used [0x00000000e1500000,0x00000000e1964310,0x00000000e1a00000)
  to   space 5632K, 0% used [0x00000000e0f80000,0x00000000e0f80000,0x00000000e1500000)
 ParOldGen       total 44032K, used 5870K [0x00000000a0000000, 0x00000000a2b00000, 0x00000000e0000000)
  object space 44032K, 13% used [0x00000000a0000000,0x00000000a05bba88,0x00000000a2b00000)
 Metaspace       used 15823K, capacity 16232K, committed 16512K, reserved 1062912K
  class space    used 2242K, capacity 2352K, committed 2432K, reserved 1048576K
Event: 11.427 GC heap after
Heap after GC invocations=7 (full 0):
 PSYoungGen      total 21504K, used 4177K [0x00000000e0000000, 0x00000000e2a00000, 0x0000000100000000)
  eden space 15872K, 0% used [0x00000000e0000000,0x00000000e0000000,0x00000000e0f80000)
  from space 5632K, 74% used [0x00000000e0f80000,0x00000000e13946d8,0x00000000e1500000)
  to   space 5632K, 0% used [0x00000000e2480000,0x00000000e2480000,0x00000000e2a00000)
 ParOldGen       total 44032K, used 6776K [0x00000000a0000000, 0x00000000a2b00000, 0x00000000e0000000)
  object space 44032K, 15% used [0x00000000a0000000,0x00000000a069e0d8,0x00000000a2b00000)
 Metaspace       used 15823K, capacity 16232K, committed 16512K, reserved 1062912K
  class space    used 2242K, capacity 2352K, committed 2432K, reserved 1048576K
}
Event: 12.055 GC heap before
{Heap before GC invocations=8 (full 0):
 PSYoungGen      total 21504K, used 20049K [0x00000000e0000000, 0x00000000e2a00000, 0x0000000100000000)
  eden space 15872K, 100% used [0x00000000e0000000,0x00000000e0f80000,0x00000000e0f80000)
  from space 5632K, 74% used [0x00000000e0f80000,0x00000000e13946d8,0x00000000e1500000)
  to   space 5632K, 0% used [0x00000000e2480000,0x00000000e2480000,0x00000000e2a00000)
 ParOldGen       total 44032K, used 6776K [0x00000000a0000000, 0x00000000a2b00000, 0x00000000e0000000)
  object space 44032K, 15% used [0x00000000a0000000,0x00000000a069e0d8,0x00000000a2b00000)
 Metaspace       used 17293K, capacity 17684K, committed 17792K, reserved 1064960K
  class space    used 2493K, capacity 2616K, committed 2688K, reserved 1048576K
Event: 12.076 GC heap after
Heap after GC invocations=8 (full 0):
 PSYoungGen      total 37376K, used 3568K [0x00000000e0000000, 0x00000000e2a00000, 0x0000000100000000)
  eden space 31744K, 0% used [0x00000000e0000000,0x00000000e0000000,0x00000000e1f00000)
  from space 5632K, 63% used [0x00000000e2480000,0x00000000e27fc140,0x00000000e2a00000)
  to   space 5632K, 0% used [0x00000000e1f00000,0x00000000e1f00000,0x00000000e2480000)
 ParOldGen       total 44032K, used 7760K [0x00000000a0000000, 0x00000000a2b00000, 0x00000000e0000000)
  object space 44032K, 17% used [0x00000000a0000000,0x00000000a0794138,0x00000000a2b00000)
 Metaspace       used 17293K, capacity 17684K, committed 17792K, reserved 1064960K
  class space    used 2493K, capacity 2616K, committed 2688K, reserved 1048576K
}
Event: 13.123 GC heap before
{Heap before GC invocations=9 (full 0):
 PSYoungGen      total 37376K, used 21686K [0x00000000e0000000, 0x00000000e2a00000, 0x0000000100000000)
  eden space 31744K, 57% used [0x00000000e0000000,0x00000000e11b1818,0x00000000e1f00000)
  from space 5632K, 63% used [0x00000000e2480000,0x00000000e27fc140,0x00000000e2a00000)
  to   space 5632K, 0% used [0x00000000e1f00000,0x00000000e1f00000,0x00000000e2480000)
 ParOldGen       total 44032K, used 7760K [0x00000000a0000000, 0x00000000a2b00000, 0x00000000e0000000)
  object space 44032K, 17% used [0x00000000a0000000,0x00000000a0794138,0x00000000a2b00000)
 Metaspace       used 20669K, capacity 21160K, committed 21248K, reserved 1067008K
  class space    used 2882K, capacity 3044K, committed 3072K, reserved 1048576K
Event: 13.135 GC heap after
Heap after GC invocations=9 (full 0):
 PSYoungGen      total 37376K, used 4130K [0x00000000e0000000, 0x00000000e2a00000, 0x0000000100000000)
  eden space 31744K, 0% used [0x00000000e0000000,0x00000000e0000000,0x00000000e1f00000)
  from space 5632K, 73% used [0x00000000e1f00000,0x00000000e2308ab0,0x00000000e2480000)
  to   space 5632K, 0% used [0x00000000e2480000,0x00000000e2480000,0x00000000e2a00000)
 ParOldGen       total 44032K, used 8668K [0x00000000a0000000, 0x00000000a2b00000, 0x00000000e0000000)
  object space 44032K, 19% used [0x00000000a0000000,0x00000000a0877008,0x00000000a2b00000)
 Metaspace       used 20669K, capacity 21160K, committed 21248K, reserved 1067008K
  class space    used 2882K, capacity 3044K, committed 3072K, reserved 1048576K
}
Event: 13.135 GC heap before
{Heap before GC invocations=10 (full 1):
 PSYoungGen      total 37376K, used 4130K [0x00000000e0000000, 0x00000000e2a00000, 0x0000000100000000)
  eden space 31744K, 0% used [0x00000000e0000000,0x00000000e0000000,0x00000000e1f00000)
  from space 5632K, 73% used [0x00000000e1f00000,0x00000000e2308ab0,0x00000000e2480000)
  to   space 5632K, 0% used [0x00000000e2480000,0x00000000e2480000,0x00000000e2a00000)
 ParOldGen       total 44032K, used 8668K [0x00000000a0000000, 0x00000000a2b00000, 0x00000000e0000000)
  object space 44032K, 19% used [0x00000000a0000000,0x00000000a0877008,0x00000000a2b00000)
 Metaspace       used 20669K, capacity 21160K, committed 21248K, reserved 1067008K
  class space    used 2882K, capacity 3044K, committed 3072K, reserved 1048576K
Event: 13.296 GC heap after
Heap after GC invocations=10 (full 1):
 PSYoungGen      total 37376K, used 0K [0x00000000e0000000, 0x00000000e2a00000, 0x0000000100000000)
  eden space 31744K, 0% used [0x00000000e0000000,0x00000000e0000000,0x00000000e1f00000)
  from space 5632K, 0% used [0x00000000e1f00000,0x00000000e1f00000,0x00000000e2480000)
  to   space 5632K, 0% used [0x00000000e2480000,0x00000000e2480000,0x00000000e2a00000)
 ParOldGen       total 32768K, used 8287K [0x00000000a0000000, 0x00000000a2000000, 0x00000000e0000000)
  object space 32768K, 25% used [0x00000000a0000000,0x00000000a0817c40,0x00000000a2000000)
 Metaspace       used 20669K, capacity 21160K, committed 21248K, reserved 1067008K
  class space    used 2882K, capacity 3044K, committed 3072K, reserved 1048576K
}

Deoptimization events (10 events):
Event: 12.044 Thread 0x0000000019147800 Uncommon trap: reason=bimorphic action=maybe_recompile pc=0x0000000003b6b720 method=java.lang.ClassLoader.loadClass(Ljava/lang/String;Z)Ljava/lang/Class; @ 38
Event: 12.046 Thread 0x0000000019147800 Uncommon trap: reason=bimorphic action=maybe_recompile pc=0x0000000003b6b720 method=java.lang.ClassLoader.loadClass(Ljava/lang/String;Z)Ljava/lang/Class; @ 38
Event: 12.047 Thread 0x0000000019147800 Uncommon trap: reason=bimorphic action=maybe_recompile pc=0x0000000003b6b720 method=java.lang.ClassLoader.loadClass(Ljava/lang/String;Z)Ljava/lang/Class; @ 38
Event: 13.507 Thread 0x0000000019147800 Uncommon trap: reason=unstable_if action=reinterpret pc=0x00000000039ad0c8 method=java.lang.AbstractStringBuilder.append(Ljava/lang/String;)Ljava/lang/AbstractStringBuilder; @ 1
Event: 13.507 Thread 0x0000000019147800 Uncommon trap: reason=unstable_if action=reinterpret pc=0x00000000038d0c40 method=java.lang.AbstractStringBuilder.append(Ljava/lang/String;)Ljava/lang/AbstractStringBuilder; @ 1
Event: 13.683 Thread 0x0000000019147800 Uncommon trap: reason=class_check action=maybe_recompile pc=0x000000000397ea54 method=sun.misc.URLClassPath.getLoader(I)Lsun/misc/URLClassPath$Loader; @ 94
Event: 13.683 Thread 0x0000000019147800 Uncommon trap: reason=class_check action=maybe_recompile pc=0x0000000003bfcac4 method=sun.misc.URLClassPath.getResource(Ljava/lang/String;Z)Lsun/misc/Resource; @ 62
Event: 13.699 Thread 0x0000000019147800 Uncommon trap: reason=unstable_if action=reinterpret pc=0x0000000003c62c08 method=java.lang.ClassLoader.getClassLoadingLock(Ljava/lang/String;)Ljava/lang/Object; @ 6
Event: 13.778 Thread 0x0000000019147800 Uncommon trap: reason=class_check action=maybe_recompile pc=0x000000000397ec40 method=sun.misc.URLClassPath.getLoader(I)Lsun/misc/URLClassPath$Loader; @ 239
Event: 13.808 Thread 0x0000000019147800 Uncommon trap: reason=class_check action=maybe_recompile pc=0x000000000397ec40 method=sun.misc.URLClassPath.getLoader(I)Lsun/misc/URLClassPath$Loader; @ 239

Classes redefined (0 events):
No events

Internal exceptions (10 events):
Event: 14.389 Thread 0x0000000019147800 Exception <a 'java/lang/ClassNotFoundException': org/gradle/initialization/DefaultSettings_DecoratedBeanInfo> (0x00000000e0e51cf0) thrown at [D:\src\AOSP-openjdk-cygwin\jdk8u\hotspot\src\share\vm\classfile\systemDictionary.cpp, line 210]
Event: 14.474 Thread 0x0000000019147800 Exception <a 'java/lang/ClassNotFoundException': org/gradle/initialization/DefaultSettingsBeanInfo> (0x00000000e0e76438) thrown at [D:\src\AOSP-openjdk-cygwin\jdk8u\hotspot\src\share\vm\classfile\systemDictionary.cpp, line 210]
Event: 14.490 Thread 0x0000000019147800 Exception <a 'java/lang/ClassNotFoundException': org/gradle/api/internal/project/AbstractPluginAwareBeanInfo> (0x00000000e0ea0160) thrown at [D:\src\AOSP-openjdk-cygwin\jdk8u\hotspot\src\share\vm\classfile\systemDictionary.cpp, line 210]
Event: 14.498 Thread 0x0000000019147800 Exception <a 'java/lang/ClassNotFoundException': org/gradle/api/internal/project/AbstractPluginAwareCustomizer> (0x00000000e0eca898) thrown at [D:\src\AOSP-openjdk-cygwin\jdk8u\hotspot\src\share\vm\classfile\systemDictionary.cpp, line 210]
Event: 14.504 Thread 0x0000000019147800 Exception <a 'java/lang/ClassNotFoundException': org/gradle/initialization/DefaultSettingsCustomizer> (0x00000000e0ef8810) thrown at [D:\src\AOSP-openjdk-cygwin\jdk8u\hotspot\src\share\vm\classfile\systemDictionary.cpp, line 210]
Event: 14.640 Thread 0x0000000019147800 Exception <a 'java/lang/ClassNotFoundException': org/gradle/initialization/DefaultSettings_DecoratedCustomizer> (0x00000000e0f5d8b0) thrown at [D:\src\AOSP-openjdk-cygwin\jdk8u\hotspot\src\share\vm\classfile\systemDictionary.cpp, line 210]
Event: 14.693 Thread 0x0000000019147800 Exception <a 'java/lang/NoSuchMethodError': <clinit>> (0x00000000e1010560) thrown at [D:\src\AOSP-openjdk-cygwin\jdk8u\hotspot\src\share\vm\prims\jni.cpp, line 1613]
Event: 14.697 Thread 0x0000000019147800 Exception <a 'java/lang/NoSuchMethodError': <clinit>> (0x00000000e1035de8) thrown at [D:\src\AOSP-openjdk-cygwin\jdk8u\hotspot\src\share\vm\prims\jni.cpp, line 1613]
Event: 14.697 Thread 0x0000000019147800 Exception <a 'java/lang/NoSuchMethodError': <clinit>> (0x00000000e10372a0) thrown at [D:\src\AOSP-openjdk-cygwin\jdk8u\hotspot\src\share\vm\prims\jni.cpp, line 1613]
Event: 14.698 Thread 0x0000000019147800 Exception <a 'java/lang/NoSuchMethodError': <clinit>> (0x00000000e1039000) thrown at [D:\src\AOSP-openjdk-cygwin\jdk8u\hotspot\src\share\vm\prims\jni.cpp, line 1613]

Events (10 events):
Event: 14.927 loading class org/gradle/api/ProjectState
Event: 14.927 loading class org/gradle/api/ProjectState done
Event: 14.929 loading class org/gradle/api/internal/project/ProjectStateInternal
Event: 14.929 loading class org/gradle/api/internal/project/ProjectStateInternal done
Event: 14.930 loading class org/gradle/model/internal/registry/ModelRegistry
Event: 14.930 loading class org/gradle/model/internal/registry/ModelRegistry done
Event: 14.931 loading class org/gradle/api/AntBuilder
Event: 14.931 loading class org/gradle/api/AntBuilder done
Event: 14.932 loading class groovy/util/AntBuilder
Event: 14.932 loading class groovy/util/AntBuilder done


Dynamic libraries:
0x00007ff644d50000 - 0x00007ff644d81000 	C:\Program Files\Android\Android Studio\jre\bin\java.exe
0x00007ffcdf790000 - 0x00007ffcdf971000 	C:\WINDOWS\SYSTEM32\ntdll.dll
0x00007ffcdd900000 - 0x00007ffcdd9b2000 	C:\WINDOWS\System32\KERNEL32.DLL
0x00007ffcdc950000 - 0x00007ffcdcbc3000 	C:\WINDOWS\System32\KERNELBASE.dll
0x00007ffcdefe0000 - 0x00007ffcdf081000 	C:\WINDOWS\System32\ADVAPI32.dll
0x00007ffcdd9c0000 - 0x00007ffcdda5e000 	C:\WINDOWS\System32\msvcrt.dll
0x00007ffcdd210000 - 0x00007ffcdd26b000 	C:\WINDOWS\System32\sechost.dll
0x00007ffcdf130000 - 0x00007ffcdf254000 	C:\WINDOWS\System32\RPCRT4.dll
0x00007ffcdf5d0000 - 0x00007ffcdf760000 	C:\WINDOWS\System32\USER32.dll
0x00007ffcdc610000 - 0x00007ffcdc630000 	C:\WINDOWS\System32\win32u.dll
0x00007ffcdf3b0000 - 0x00007ffcdf3d8000 	C:\WINDOWS\System32\GDI32.dll
0x00007ffcdc2d0000 - 0x00007ffcdc462000 	C:\WINDOWS\System32\gdi32full.dll
0x00007ffcdc470000 - 0x00007ffcdc50f000 	C:\WINDOWS\System32\msvcp_win.dll
0x00007ffcdc510000 - 0x00007ffcdc60a000 	C:\WINDOWS\System32\ucrtbase.dll
0x00007ffccf430000 - 0x00007ffccf699000 	C:\WINDOWS\WinSxS\amd64_microsoft.windows.common-controls_6595b64144ccf1df_6.0.17134.523_none_fb409dd930672a56\COMCTL32.dll
0x00007ffcdd4e0000 - 0x00007ffcdd802000 	C:\WINDOWS\System32\combase.dll
0x00007ffcdc6e0000 - 0x00007ffcdc75a000 	C:\WINDOWS\System32\bcryptPrimitives.dll
0x00007ffcdd810000 - 0x00007ffcdd83d000 	C:\WINDOWS\System32\IMM32.DLL
0x0000000055170000 - 0x0000000055242000 	C:\Program Files\Android\Android Studio\jre\jre\bin\msvcr100.dll
0x00000000541c0000 - 0x0000000054a01000 	C:\Program Files\Android\Android Studio\jre\jre\bin\server\jvm.dll
0x00007ffcdd8e0000 - 0x00007ffcdd8e8000 	C:\WINDOWS\System32\PSAPI.DLL
0x00007ffcd2030000 - 0x00007ffcd2039000 	C:\WINDOWS\SYSTEM32\WSOCK32.dll
0x00007ffcd0d70000 - 0x00007ffcd0d7a000 	C:\WINDOWS\SYSTEM32\VERSION.dll
0x00007ffcdda60000 - 0x00007ffcddacc000 	C:\WINDOWS\System32\WS2_32.dll
0x00007ffcd1690000 - 0x00007ffcd16b3000 	C:\WINDOWS\SYSTEM32\WINMM.dll
0x00007ffcd1660000 - 0x00007ffcd168a000 	C:\WINDOWS\SYSTEM32\winmmbase.dll
0x00007ffcdcbd0000 - 0x00007ffcdcc19000 	C:\WINDOWS\System32\cfgmgr32.dll
0x00007ffcd9dd0000 - 0x00007ffcd9ddf000 	C:\Program Files\Android\Android Studio\jre\jre\bin\verify.dll
0x00007ffcd8980000 - 0x00007ffcd89a9000 	C:\Program Files\Android\Android Studio\jre\jre\bin\java.dll
0x00007ffcd57f0000 - 0x00007ffcd5806000 	C:\Program Files\Android\Android Studio\jre\jre\bin\zip.dll
0x00007ffcddba0000 - 0x00007ffcdefe0000 	C:\WINDOWS\System32\SHELL32.dll
0x00007ffcdd430000 - 0x00007ffcdd4d9000 	C:\WINDOWS\System32\shcore.dll
0x00007ffcdbb60000 - 0x00007ffcdc26d000 	C:\WINDOWS\System32\windows.storage.dll
0x00007ffcdd3d0000 - 0x00007ffcdd421000 	C:\WINDOWS\System32\shlwapi.dll
0x00007ffcdbab0000 - 0x00007ffcdbac1000 	C:\WINDOWS\System32\kernel.appcore.dll
0x00007ffcdbb40000 - 0x00007ffcdbb5f000 	C:\WINDOWS\System32\profapi.dll
0x00007ffcdbaf0000 - 0x00007ffcdbb3c000 	C:\WINDOWS\System32\powrprof.dll
0x00007ffcdbaa0000 - 0x00007ffcdbaaa000 	C:\WINDOWS\System32\FLTLIB.DLL
0x00007ffcd57d0000 - 0x00007ffcd57ea000 	C:\Program Files\Android\Android Studio\jre\jre\bin\net.dll
0x00007ffcdb320000 - 0x00007ffcdb386000 	C:\WINDOWS\system32\mswsock.dll
0x00007ffcd0330000 - 0x00007ffcd0341000 	C:\Program Files\Android\Android Studio\jre\jre\bin\nio.dll
0x00007ffcd2770000 - 0x00007ffcd278e000 	C:\Users\deg98\.gradle\native\25\windows-amd64\native-platform.dll
0x00007ffcd9da0000 - 0x00007ffcd9dad000 	C:\Program Files\Android\Android Studio\jre\jre\bin\management.dll
0x00007ffcdb4d0000 - 0x00007ffcdb4e7000 	C:\WINDOWS\SYSTEM32\CRYPTSP.dll
0x00007ffcdaf00000 - 0x00007ffcdaf33000 	C:\WINDOWS\system32\rsaenh.dll
0x00007ffcdb600000 - 0x00007ffcdb625000 	C:\WINDOWS\SYSTEM32\bcrypt.dll
0x00007ffcdb9a0000 - 0x00007ffcdb9c8000 	C:\WINDOWS\SYSTEM32\USERENV.dll
0x00007ffcdb4f0000 - 0x00007ffcdb4fb000 	C:\WINDOWS\SYSTEM32\CRYPTBASE.dll
0x00007ffcdb0a0000 - 0x00007ffcdb0d8000 	C:\WINDOWS\SYSTEM32\IPHLPAPI.DLL
0x00007ffcdd8f0000 - 0x00007ffcdd8f8000 	C:\WINDOWS\System32\NSI.dll
0x00007ffcd4e70000 - 0x00007ffcd4e86000 	C:\WINDOWS\SYSTEM32\dhcpcsvc6.DLL
0x00007ffcd4dc0000 - 0x00007ffcd4dda000 	C:\WINDOWS\SYSTEM32\dhcpcsvc.DLL

VM Arguments:
jvm_args: -Xmx1536m -Dfile.encoding=x-windows-949 -Duser.country=KR -Duser.language=ko -Duser.variant 
java_command: org.gradle.launcher.daemon.bootstrap.GradleDaemon 4.6
java_class_path (initial): C:\Users\deg98\.gradle\wrapper\dists\gradle-4.6-all\bcst21l2brirad8k2ben1letg\gradle-4.6\lib\gradle-launcher-4.6.jar
Launcher Type: SUN_STANDARD

Environment Variables:
PATH=C:\Program Files (x86)\Common Files\Oracle\Java\javapath;C:\oraclexe\app\oracle\product\11.2.0\server\bin;C:\ProgramData\Oracle\Java\javapath;C:\WINDOWS\system32;C:\WINDOWS;C:\WINDOWS\System32\Wbem;C:\WINDOWS\System32\WindowsPowerShell\v1.0\;c:\Program Files (x86)\Microsoft SQL Server\100\Tools\Binn\;c:\Program Files\Microsoft SQL Server\100\Tools\Binn\;c:\Program Files\Microsoft SQL Server\100\DTS\Binn\;C:\Program Files\Java\jdk1.8.0_161\bin;C:\WINDOWS\System32\OpenSSH\;C:\Program Files\Git\cmd;C:\Program Files\PuTTY\;C:\Users\deg98\AppData\Local\Programs\Python\Python37-32\Scripts\;C:\Users\deg98\AppData\Local\Programs\Python\Python37-32\;C:\Users\deg98\AppData\Local\Microsoft\WindowsApps;;C:\Users\deg98\AppData\Local\Programs\Microsoft VS Code\bin
USERNAME=deg98
OS=Windows_NT
PROCESSOR_IDENTIFIER=Intel64 Family 6 Model 69 Stepping 1, GenuineIntel



---------------  S Y S T E M  ---------------

OS: Windows 10.0 , 64 bit Build 17134 (10.0.17134.1)

CPU:total 4 (initial active 4) (2 cores per cpu, 2 threads per core) family 6 model 69 stepping 1, cmov, cx8, fxsr, mmx, sse, sse2, sse3, ssse3, sse4.1, sse4.2, popcnt, avx, avx2, aes, clmul, erms, lzcnt, ht, tsc, tscinvbit, bmi1, bmi2

Memory: 4k page, physical 4107072k(685296k free), swap 16689984k(4632k free)

vm_info: OpenJDK 64-Bit Server VM (25.152-b06) for windows-amd64 JRE (1.8.0_152-release-1136-b06), built by "builder" with MS VC++ 10.0 (VS2010)

time: Thu Jan 24 23:00:11 2019
elapsed time: 14 seconds (0d 0h 0m 14s)

