#
# There is insufficient memory for the Java Runtime Environment to continue.
# Native memory allocation (malloc) failed to allocate 32744 bytes for ChunkPool::allocate
# Possible reasons:
#   The system is out of physical RAM or swap space
#   In 32 bit mode, the process size limit was hit
# Possible solutions:
#   Reduce memory load on the system
#   Increase physical memory or swap space
#   Check if swap backing store is full
#   Use 64 bit Java on a 64 bit OS
#   Decrease Java heap size (-Xmx/-Xms)
#   Decrease number of Java threads
#   Decrease Java thread stack sizes (-Xss)
#   Set larger code cache with -XX:ReservedCodeCacheSize=
# This output file may be truncated or incomplete.
#
#  Out of Memory Error (allocation.cpp:273), pid=1856, tid=0x0000000000001c58
#
# JRE version: OpenJDK Runtime Environment (8.0_152-b06) (build 1.8.0_152-release-1136-b06)
# Java VM: OpenJDK 64-Bit Server VM (25.152-b06 mixed mode windows-amd64 compressed oops)
# Failed to write core dump. Minidumps are not enabled by default on client versions of Windows
#

---------------  T H R E A D  ---------------

Current thread (0x0000000018bde800):  JavaThread "Daemon worker" [_thread_in_vm, id=7256, stack(0x000000001aac0000,0x000000001abc0000)]

Stack: [0x000000001aac0000,0x000000001abc0000]
[error occurred during error reporting (printing stack bounds), id 0xc0000005]

Native frames: (J=compiled Java code, j=interpreted, Vv=VM code, C=native code)

Java frames: (J=compiled Java code, j=interpreted, Vv=VM code)
j  com.sun.xml.bind.v2.runtime.JAXBContextImpl$JAXBContextBuilder.build()Lcom/sun/xml/bind/v2/runtime/JAXBContextImpl;+59
j  com.sun.xml.bind.v2.ContextFactory.createContext([Ljava/lang/Class;Ljava/util/Map;)Ljavax/xml/bind/JAXBContext;+496
j  com.sun.xml.bind.v2.ContextFactory.createContext(Ljava/lang/String;Ljava/lang/ClassLoader;Ljava/util/Map;)Ljavax/xml/bind/JAXBContext;+171
v  ~StubRoutines::call_stub
J 1518  sun.reflect.NativeMethodAccessorImpl.invoke0(Ljava/lang/reflect/Method;Ljava/lang/Object;[Ljava/lang/Object;)Ljava/lang/Object; (0 bytes) @ 0x0000000003639bff [0x0000000003639b80+0x7f]
J 1517 C1 sun.reflect.NativeMethodAccessorImpl.invoke(Ljava/lang/Object;[Ljava/lang/Object;)Ljava/lang/Object; (104 bytes) @ 0x0000000003637ca4 [0x0000000003636b00+0x11a4]
J 4114 C2 java.lang.reflect.Method.invoke(Ljava/lang/Object;[Ljava/lang/Object;)Ljava/lang/Object; (62 bytes) @ 0x0000000003e30c04 [0x0000000003e30b80+0x84]
j  javax.xml.bind.ContextFinder.newInstance(Ljava/lang/String;Ljava/lang/Class;Ljava/lang/ClassLoader;Ljava/util/Map;)Ljavax/xml/bind/JAXBContext;+49
j  javax.xml.bind.ContextFinder.newInstance(Ljava/lang/String;Ljava/lang/String;Ljava/lang/ClassLoader;Ljava/util/Map;)Ljavax/xml/bind/JAXBContext;+12
j  javax.xml.bind.ContextFinder.find(Ljava/lang/String;Ljava/lang/String;Ljava/lang/ClassLoader;Ljava/util/Map;)Ljavax/xml/bind/JAXBContext;+344
j  javax.xml.bind.JAXBContext.newInstance(Ljava/lang/String;Ljava/lang/ClassLoader;Ljava/util/Map;)Ljavax/xml/bind/JAXBContext;+5
j  javax.xml.bind.JAXBContext.newInstance(Ljava/lang/String;Ljava/lang/ClassLoader;)Ljavax/xml/bind/JAXBContext;+5
j  com.android.repository.impl.meta.SchemaModuleUtil.getContext(Ljava/util/Collection;)Ljavax/xml/bind/JAXBContext;+125
j  com.android.repository.impl.meta.SchemaModuleUtil.setupUnmarshaller(Ljava/util/Collection;Lorg/w3c/dom/ls/LSResourceResolver;ZLcom/android/repository/api/ProgressIndicator;)Ljavax/xml/bind/Unmarshaller;+1
j  com.android.repository.impl.meta.SchemaModuleUtil.unmarshal(Ljava/io/InputStream;Ljava/util/Collection;Lorg/w3c/dom/ls/LSResourceResolver;ZLcom/android/repository/api/ProgressIndicator;)Ljava/lang/Object;+5
j  com.android.repository.impl.manager.LocalRepoLoaderImpl.parsePackage(Ljava/io/File;Lcom/android/repository/api/ProgressIndicator;)Lcom/android/repository/api/LocalPackage;+52
j  com.android.repository.impl.manager.LocalRepoLoaderImpl.parsePackages(Ljava/util/Collection;Lcom/android/repository/api/ProgressIndicator;)Ljava/util/Map;+68
j  com.android.repository.impl.manager.LocalRepoLoaderImpl.getPackages(Lcom/android/repository/api/ProgressIndicator;)Ljava/util/Map;+16
j  com.android.repository.impl.manager.RepoManagerImpl$LoadTask.run(Lcom/android/repository/api/ProgressIndicator;Lcom/android/repository/api/ProgressRunner;)V+94
j  com.android.repository.api.RepoManager$DummyProgressRunner.runSyncWithProgress(Lcom/android/repository/api/ProgressRunner$ProgressRunnable;)V+6
j  com.android.repository.impl.manager.RepoManagerImpl.load(JLjava/util/List;Ljava/util/List;Ljava/util/List;Lcom/android/repository/api/ProgressRunner;Lcom/android/repository/api/Downloader;Lcom/android/repository/api/SettingsController;Z)V+218
j  com.android.repository.api.RepoManager.loadSynchronously(JLcom/android/repository/api/ProgressIndicator;Lcom/android/repository/api/Downloader;Lcom/android/repository/api/SettingsController;)Z+37
j  com.android.sdklib.repository.AndroidSdkHandler$RepoConfig.createRepoManager(Lcom/android/repository/api/ProgressIndicator;Ljava/io/File;Lcom/android/repository/impl/sources/LocalSourceProvider;Lcom/android/repository/io/FileOp;)Lcom/android/repository/api/RepoManager;+178
j  com.android.sdklib.repository.AndroidSdkHandler.getSdkManager(Lcom/android/repository/api/ProgressIndicator;)Lcom/android/repository/api/RepoManager;+48
j  com.android.builder.sdk.DefaultSdkLoader.init(Lcom/android/utils/ILogger;)V+32
j  com.android.builder.sdk.DefaultSdkLoader.getSdkInfo(Lcom/android/utils/ILogger;)Lcom/android/builder/sdk/SdkInfo;+2
j  com.android.build.gradle.internal.SdkHandler.initTarget(Ljava/lang/String;Lcom/android/repository/Revision;Ljava/util/Collection;Lcom/android/builder/core/AndroidBuilder;Z)Z+196
j  com.android.build.gradle.BasePlugin.ensureTargetSetup()Z+77
j  com.android.build.gradle.BasePlugin.createAndroidTasks()V+126
j  com.android.build.gradle.BasePlugin.lambda$null$4()V+1
j  com.android.build.gradle.BasePlugin$$Lambda$78.call()V+4
j  com.android.builder.profile.ThreadRecorder.record(Lcom/google/wireless/android/sdk/stats/GradleBuildProfileSpan$ExecutionType;Ljava/lang/String;Ljava/lang/String;Lcom/android/builder/profile/Recorder$VoidBlock;)V+17
j  com.android.build.gradle.BasePlugin.lambda$createTasks$5(Lorg/gradle/api/Project;)V+27
j  com.android.build.gradle.BasePlugin$$Lambda$77.execute(Ljava/lang/Object;)V+8
j  org.gradle.internal.event.BroadcastDispatch$ActionInvocationHandler.dispatch(Lorg/gradle/internal/dispatch/MethodInvocation;)V+27
j  org.gradle.internal.event.BroadcastDispatch$ActionInvocationHandler.dispatch(Ljava/lang/Object;)V+5
J 1031 C1 org.gradle.internal.event.AbstractBroadcastDispatch.dispatch(Lorg/gradle/internal/dispatch/MethodInvocation;Lorg/gradle/internal/dispatch/Dispatch;)V (53 bytes) @ 0x00000000034f8dbc [0x00000000034f8ca0+0x11c]
J 1019 C1 org.gradle.internal.event.BroadcastDispatch$SingletonDispatch.dispatch(Ljava/lang/Object;)V (9 bytes) @ 0x00000000034e66b4 [0x00000000034e6480+0x234]
J 2330 C1 org.gradle.internal.event.AbstractBroadcastDispatch.dispatch(Lorg/gradle/internal/dispatch/MethodInvocation;Ljava/util/Iterator;)V (191 bytes) @ 0x00000000039e4ca4 [0x00000000039e48e0+0x3c4]
J 2914 C1 org.gradle.internal.event.BroadcastDispatch$CompositeDispatch.dispatch(Ljava/lang/Object;)V (9 bytes) @ 0x000000000344cf14 [0x000000000344cc20+0x2f4]
J 1036 C1 org.gradle.internal.event.ListenerBroadcast.dispatch(Ljava/lang/Object;)V (9 bytes) @ 0x00000000034fae3c [0x00000000034fac00+0x23c]
J 1021 C1 org.gradle.internal.dispatch.ProxyDispatchAdapter$DispatchingInvocationHandler.invoke(Ljava/lang/Object;Ljava/lang/reflect/Method;[Ljava/lang/Object;)Ljava/lang/Object; (185 bytes) @ 0x00000000034f34e4 [0x00000000034f2340+0x11a4]
j  com.sun.proxy.$Proxy27.afterEvaluate(Lorg/gradle/api/Project;Lorg/gradle/api/ProjectState;)V+20
j  org.gradle.configuration.project.LifecycleProjectEvaluator.notifyAfterEvaluate(Lorg/gradle/api/ProjectEvaluationListener;Lorg/gradle/api/internal/project/ProjectInternal;Lorg/gradle/api/internal/project/ProjectStateInternal;)V+3
j  org.gradle.configuration.project.LifecycleProjectEvaluator.doConfigure(Lorg/gradle/api/internal/project/ProjectInternal;Lorg/gradle/api/internal/project/ProjectStateInternal;)V+57
j  org.gradle.configuration.project.LifecycleProjectEvaluator.access$100(Lorg/gradle/configuration/project/LifecycleProjectEvaluator;Lorg/gradle/api/internal/project/ProjectInternal;Lorg/gradle/api/internal/project/ProjectStateInternal;)V+3
j  org.gradle.configuration.project.LifecycleProjectEvaluator$ConfigureProject.run(Lorg/gradle/internal/operations/BuildOperationContext;)V+12
j  org.gradle.internal.progress.DefaultBuildOperationExecutor$RunnableBuildOperationWorker.execute(Lorg/gradle/internal/operations/RunnableBuildOperation;Lorg/gradle/internal/operations/BuildOperationContext;)V+2
j  org.gradle.internal.progress.DefaultBuildOperationExecutor$RunnableBuildOperationWorker.execute(Lorg/gradle/internal/operations/BuildOperation;Lorg/gradle/internal/operations/BuildOperationContext;)V+6
j  org.gradle.internal.progress.DefaultBuildOperationExecutor.execute(Lorg/gradle/internal/operations/BuildOperation;Lorg/gradle/internal/operations/BuildOperationWorker;Lorg/gradle/internal/progress/DefaultBuildOperationExecutor$DefaultBuildOperationState;)V+177
j  org.gradle.internal.progress.DefaultBuildOperationExecutor.run(Lorg/gradle/internal/operations/RunnableBuildOperation;)V+20
j  org.gradle.configuration.project.LifecycleProjectEvaluator.evaluate(Lorg/gradle/api/internal/project/ProjectInternal;Lorg/gradle/api/internal/project/ProjectStateInternal;)V+30
j  org.gradle.api.internal.project.DefaultProject.evaluate()Lorg/gradle/api/internal/project/DefaultProject;+9
j  org.gradle.api.internal.project.DefaultProject.evaluate()Lorg/gradle/api/Project;+1
j  org.gradle.execution.TaskPathProjectEvaluator.configure(Lorg/gradle/api/internal/project/ProjectInternal;)V+21
j  org.gradle.execution.TaskPathProjectEvaluator.configureHierarchy(Lorg/gradle/api/internal/project/ProjectInternal;)V+41
j  org.gradle.configuration.DefaultBuildConfigurer.configure(Lorg/gradle/api/internal/GradleInternal;)V+45
j  org.gradle.initialization.DefaultGradleLauncher$ConfigureBuild.run(Lorg/gradle/internal/operations/BuildOperationContext;)V+40
j  org.gradle.internal.progress.DefaultBuildOperationExecutor$RunnableBuildOperationWorker.execute(Lorg/gradle/internal/operations/RunnableBuildOperation;Lorg/gradle/internal/operations/BuildOperationContext;)V+2
j  org.gradle.internal.progress.DefaultBuildOperationExecutor$RunnableBuildOperationWorker.execute(Lorg/gradle/internal/operations/BuildOperation;Lorg/gradle/internal/operations/BuildOperationContext;)V+6
j  org.gradle.internal.progress.DefaultBuildOperationExecutor.execute(Lorg/gradle/internal/operations/BuildOperation;Lorg/gradle/internal/operations/BuildOperationWorker;Lorg/gradle/internal/progress/DefaultBuildOperationExecutor$DefaultBuildOperationState;)V+177
j  org.gradle.internal.progress.DefaultBuildOperationExecutor.run(Lorg/gradle/internal/operations/RunnableBuildOperation;)V+20
j  org.gradle.initialization.DefaultGradleLauncher.configureBuild()V+23
j  org.gradle.initialization.DefaultGradleLauncher.doBuildStages(Lorg/gradle/initialization/DefaultGradleLauncher$Stage;)V+13
j  org.gradle.initialization.DefaultGradleLauncher.getConfiguredBuild()Lorg/gradle/api/internal/GradleInternal;+4
j  org.gradle.internal.invocation.GradleBuildController$2.call()Lorg/gradle/api/internal/GradleInternal;+7
j  org.gradle.internal.invocation.GradleBuildController$2.call()Ljava/lang/Object;+1
j  org.gradle.internal.work.DefaultWorkerLeaseService.withLocks(Ljava/lang/Iterable;Ljava/util/concurrent/Callable;)Ljava/lang/Object;+15
j  org.gradle.internal.invocation.GradleBuildController.doBuild(Ljava/util/concurrent/Callable;)Lorg/gradle/api/internal/GradleInternal;+52
j  org.gradle.internal.invocation.GradleBuildController.configure()Lorg/gradle/api/internal/GradleInternal;+9
j  org.gradle.tooling.internal.provider.runner.ClientProvidedBuildActionRunner.run(Lorg/gradle/internal/invocation/BuildAction;Lorg/gradle/internal/invocation/BuildController;)V+87
j  org.gradle.launcher.exec.ChainingBuildActionRunner.run(Lorg/gradle/internal/invocation/BuildAction;Lorg/gradle/internal/invocation/BuildController;)V+34
j  org.gradle.launcher.exec.ChainingBuildActionRunner.run(Lorg/gradle/internal/invocation/BuildAction;Lorg/gradle/internal/invocation/BuildController;)V+34
j  org.gradle.tooling.internal.provider.ValidatingBuildActionRunner.run(Lorg/gradle/internal/invocation/BuildAction;Lorg/gradle/internal/invocation/BuildController;)V+6
j  org.gradle.launcher.exec.RunAsBuildOperationBuildActionRunner$1.run(Lorg/gradle/internal/operations/BuildOperationContext;)V+15
j  org.gradle.internal.progress.DefaultBuildOperationExecutor$RunnableBuildOperationWorker.execute(Lorg/gradle/internal/operations/RunnableBuildOperation;Lorg/gradle/internal/operations/BuildOperationContext;)V+2
j  org.gradle.internal.progress.DefaultBuildOperationExecutor$RunnableBuildOperationWorker.execute(Lorg/gradle/internal/operations/BuildOperation;Lorg/gradle/internal/operations/BuildOperationContext;)V+6
j  org.gradle.internal.progress.DefaultBuildOperationExecutor.execute(Lorg/gradle/internal/operations/BuildOperation;Lorg/gradle/internal/operations/BuildOperationWorker;Lorg/gradle/internal/progress/DefaultBuildOperationExecutor$DefaultBuildOperationState;)V+177
j  org.gradle.internal.progress.DefaultBuildOperationExecutor.run(Lorg/gradle/internal/operations/RunnableBuildOperation;)V+20
j  org.gradle.launcher.exec.RunAsBuildOperationBuildActionRunner.run(Lorg/gradle/internal/invocation/BuildAction;Lorg/gradle/internal/invocation/BuildController;)V+34
j  org.gradle.tooling.internal.provider.SubscribableBuildActionRunner.run(Lorg/gradle/internal/invocation/BuildAction;Lorg/gradle/internal/invocation/BuildController;)V+40
j  org.gradle.launcher.exec.InProcessBuildActionExecuter.execute(Lorg/gradle/internal/invocation/BuildAction;Lorg/gradle/initialization/BuildRequestContext;Lorg/gradle/launcher/exec/BuildActionParameters;Lorg/gradle/internal/service/ServiceRegistry;)Ljava/lang/Object;+81
j  org.gradle.launcher.exec.InProcessBuildActionExecuter.execute(Lorg/gradle/internal/invocation/BuildAction;Lorg/gradle/initialization/BuildRequestContext;Ljava/lang/Object;Lorg/gradle/internal/service/ServiceRegistry;)Ljava/lang/Object;+9
j  org.gradle.launcher.exec.BuildTreeScopeBuildActionExecuter.execute(Lorg/gradle/internal/invocation/BuildAction;Lorg/gradle/initialization/BuildRequestContext;Lorg/gradle/launcher/exec/BuildActionParameters;Lorg/gradle/internal/service/ServiceRegistry;)Ljava/lang/Object;+38
j  org.gradle.launcher.exec.BuildTreeScopeBuildActionExecuter.execute(Lorg/gradle/internal/invocation/BuildAction;Lorg/gradle/initialization/BuildRequestContext;Ljava/lang/Object;Lorg/gradle/internal/service/ServiceRegistry;)Ljava/lang/Object;+9
j  org.gradle.tooling.internal.provider.ContinuousBuildActionExecuter.execute(Lorg/gradle/internal/invocation/BuildAction;Lorg/gradle/initialization/BuildRequestContext;Lorg/gradle/launcher/exec/BuildActionParameters;Lorg/gradle/internal/service/ServiceRegistry;)Ljava/lang/Object;+63
j  org.gradle.tooling.internal.provider.ContinuousBuildActionExecuter.execute(Lorg/gradle/internal/invocation/BuildAction;Lorg/gradle/initialization/BuildRequestContext;Ljava/lang/Object;Lorg/gradle/internal/service/ServiceRegistry;)Ljava/lang/Object;+9
j  org.gradle.tooling.internal.provider.ServicesSetupBuildActionExecuter.execute(Lorg/gradle/internal/invocation/BuildAction;Lorg/gradle/initialization/BuildRequestContext;Lorg/gradle/launcher/exec/BuildActionParameters;Lorg/gradle/internal/service/ServiceRegistry;)Ljava/lang/Object;+86
j  org.gradle.tooling.internal.provider.ServicesSetupBuildActionExecuter.execute(Lorg/gradle/internal/invocation/BuildAction;Lorg/gradle/initialization/BuildRequestContext;Ljava/lang/Object;Lorg/gradle/internal/service/ServiceRegistry;)Ljava/lang/Object;+9
j  org.gradle.tooling.internal.provider.GradleThreadBuildActionExecuter.execute(Lorg/gradle/internal/invocation/BuildAction;Lorg/gradle/initialization/BuildRequestContext;Lorg/gradle/launcher/exec/BuildActionParameters;Lorg/gradle/internal/service/ServiceRegistry;)Ljava/lang/Object;+12
j  org.gradle.tooling.internal.provider.GradleThreadBuildActionExecuter.execute(Lorg/gradle/internal/invocation/BuildAction;Lorg/gradle/initialization/BuildRequestContext;Ljava/lang/Object;Lorg/gradle/internal/service/ServiceRegistry;)Ljava/lang/Object;+9
j  org.gradle.tooling.internal.provider.ParallelismConfigurationBuildActionExecuter.execute(Lorg/gradle/internal/invocation/BuildAction;Lorg/gradle/initialization/BuildRequestContext;Lorg/gradle/launcher/exec/BuildActionParameters;Lorg/gradle/internal/service/ServiceRegistry;)Ljava/lang/Object;+43
j  org.gradle.tooling.internal.provider.ParallelismConfigurationBuildActionExecuter.execute(Lorg/gradle/internal/invocation/BuildAction;Lorg/gradle/initialization/BuildRequestContext;Ljava/lang/Object;Lorg/gradle/internal/service/ServiceRegistry;)Ljava/lang/Object;+9
j  org.gradle.tooling.internal.provider.StartParamsValidatingActionExecuter.execute(Lorg/gradle/internal/invocation/BuildAction;Lorg/gradle/initialization/BuildRequestContext;Lorg/gradle/launcher/exec/BuildActionParameters;Lorg/gradle/internal/service/ServiceRegistry;)Ljava/lang/Object;+257
j  org.gradle.tooling.internal.provider.StartParamsValidatingActionExecuter.execute(Lorg/gradle/internal/invocation/BuildAction;Lorg/gradle/initialization/BuildRequestContext;Ljava/lang/Object;Lorg/gradle/internal/service/ServiceRegistry;)Ljava/lang/Object;+9
j  org.gradle.tooling.internal.provider.SessionFailureReportingActionExecuter.execute(Lorg/gradle/internal/invocation/BuildAction;Lorg/gradle/initialization/BuildRequestContext;Lorg/gradle/launcher/exec/BuildActionParameters;Lorg/gradle/internal/service/ServiceRegistry;)Ljava/lang/Object;+9
j  org.gradle.tooling.internal.provider.SessionFailureReportingActionExecuter.execute(Lorg/gradle/internal/invocation/BuildAction;Lorg/gradle/initialization/BuildRequestContext;Ljava/lang/Object;Lorg/gradle/internal/service/ServiceRegistry;)Ljava/lang/Object;+9
j  org.gradle.tooling.internal.provider.SetupLoggingActionExecuter.execute(Lorg/gradle/internal/invocation/BuildAction;Lorg/gradle/initialization/BuildRequestContext;Lorg/gradle/launcher/exec/BuildActionParameters;Lorg/gradle/internal/service/ServiceRegistry;)Ljava/lang/Object;+42
j  org.gradle.tooling.internal.provider.SetupLoggingActionExecuter.execute(Lorg/gradle/internal/invocation/BuildAction;Lorg/gradle/initialization/BuildRequestContext;Ljava/lang/Object;Lorg/gradle/internal/service/ServiceRegistry;)Ljava/lang/Object;+9
j  org.gradle.launcher.daemon.server.exec.ExecuteBuild.doBuild(Lorg/gradle/launcher/daemon/server/api/DaemonCommandExecution;Lorg/gradle/launcher/daemon/protocol/Build;)V+114
j  org.gradle.launcher.daemon.server.exec.BuildCommandOnly.execute(Lorg/gradle/launcher/daemon/server/api/DaemonCommandExecution;)V+49
j  org.gradle.launcher.daemon.server.api.DaemonCommandExecution.proceed()Z+28
j  org.gradle.launcher.daemon.server.exec.WatchForDisconnection.execute(Lorg/gradle/launcher/daemon/server/api/DaemonCommandExecution;)V+19
j  org.gradle.launcher.daemon.server.api.DaemonCommandExecution.proceed()Z+28
j  org.gradle.launcher.daemon.server.exec.ResetDeprecationLogger.execute(Lorg/gradle/launcher/daemon/server/api/DaemonCommandExecution;)V+4
j  org.gradle.launcher.daemon.server.api.DaemonCommandExecution.proceed()Z+28
j  org.gradle.launcher.daemon.server.exec.RequestStopIfSingleUsedDaemon.execute(Lorg/gradle/launcher/daemon/server/api/DaemonCommandExecution;)V+33
j  org.gradle.launcher.daemon.server.api.DaemonCommandExecution.proceed()Z+28
j  org.gradle.launcher.daemon.server.exec.ForwardClientInput$2.call()Ljava/lang/Void;+4
j  org.gradle.launcher.daemon.server.exec.ForwardClientInput$2.call()Ljava/lang/Object;+1
j  org.gradle.util.Swapper.swap(Ljava/lang/Object;Ljava/util/concurrent/Callable;)Ljava/lang/Object;+21
j  org.gradle.launcher.daemon.server.exec.ForwardClientInput.execute(Lorg/gradle/launcher/daemon/server/api/DaemonCommandExecution;)V+63
j  org.gradle.launcher.daemon.server.api.DaemonCommandExecution.proceed()Z+28
j  org.gradle.launcher.daemon.server.exec.LogAndCheckHealth.execute(Lorg/gradle/launcher/daemon/server/api/DaemonCommandExecution;)V+28
j  org.gradle.launcher.daemon.server.api.DaemonCommandExecution.proceed()Z+28
j  org.gradle.launcher.daemon.server.exec.LogToClient.doBuild(Lorg/gradle/launcher/daemon/server/api/DaemonCommandExecution;Lorg/gradle/launcher/daemon/protocol/Build;)V+87
j  org.gradle.launcher.daemon.server.exec.BuildCommandOnly.execute(Lorg/gradle/launcher/daemon/server/api/DaemonCommandExecution;)V+49
j  org.gradle.launcher.daemon.server.api.DaemonCommandExecution.proceed()Z+28
j  org.gradle.launcher.daemon.server.exec.EstablishBuildEnvironment.doBuild(Lorg/gradle/launcher/daemon/server/api/DaemonCommandExecution;Lorg/gradle/launcher/daemon/protocol/Build;)V+365
j  org.gradle.launcher.daemon.server.exec.BuildCommandOnly.execute(Lorg/gradle/launcher/daemon/server/api/DaemonCommandExecution;)V+49
j  org.gradle.launcher.daemon.server.api.DaemonCommandExecution.proceed()Z+28
j  org.gradle.launcher.daemon.server.exec.StartBuildOrRespondWithBusy$1.run()V+44
j  org.gradle.launcher.daemon.server.DaemonStateCoordinator$1.run()V+4
j  org.gradle.internal.concurrent.ExecutorPolicy$CatchAndRecordFailures.onExecute(Ljava/lang/Runnable;)V+1
j  org.gradle.internal.concurrent.ManagedExecutorImpl$1.run()V+25
j  java.util.concurrent.ThreadPoolExecutor.runWorker(Ljava/util/concurrent/ThreadPoolExecutor$Worker;)V+95
j  java.util.concurrent.ThreadPoolExecutor$Worker.run()V+5
j  org.gradle.internal.concurrent.ThreadFactoryImpl$ManagedThreadRunnable.run()V+7
j  java.lang.Thread.run()V+11
v  ~StubRoutines::call_stub

---------------  P R O C E S S  ---------------

Java Threads: ( => current thread )
  0x000000001b96b800 JavaThread "Memory manager" [_thread_blocked, id=3036, stack(0x0000000020d70000,0x0000000020e70000)]
  0x000000001b96d800 JavaThread "pool-1-thread-1" [_thread_blocked, id=12804, stack(0x0000000020a70000,0x0000000020b70000)]
  0x000000001b96a000 JavaThread "Build operations Thread 4" [_thread_blocked, id=13028, stack(0x0000000020670000,0x0000000020770000)]
  0x000000001b969000 JavaThread "Build operations Thread 3" [_thread_blocked, id=15056, stack(0x0000000020570000,0x0000000020670000)]
  0x000000001e22d800 JavaThread "Build operations Thread 2" [_thread_blocked, id=4872, stack(0x0000000020470000,0x0000000020570000)]
  0x000000001e22c800 JavaThread "Build operations" [_thread_blocked, id=8396, stack(0x0000000020370000,0x0000000020470000)]
  0x000000001e22b000 JavaThread "Cache worker for Artifact transforms cache (C:\Users\deg98\.gradle\caches\transforms-1)" [_thread_blocked, id=8988, stack(0x000000001fb70000,0x000000001fc70000)]
  0x000000001bafa000 JavaThread "Cache worker for file hash cache (E:\0_Prography\Android_Study\AndroidProjects\just\.gradle\4.6\fileHashes)" [_thread_blocked, id=15916, stack(0x000000001d160000,0x000000001d260000)]
  0x0000000019bee000 JavaThread "File lock request listener" [_thread_in_native, id=16076, stack(0x000000001c090000,0x000000001c190000)]
  0x000000001b038000 JavaThread "Cache worker for file hash cache (C:\Users\deg98\.gradle\caches\4.6\fileHashes)" [_thread_blocked, id=14696, stack(0x000000001bf90000,0x000000001c090000)]
  0x0000000018be2000 JavaThread "Stdin handler" [_thread_blocked, id=13804, stack(0x000000001acc0000,0x000000001adc0000)]
  0x0000000018be1000 JavaThread "Asynchronous log dispatcher for DefaultDaemonConnection: socket connection from /127.0.0.1:54535 to /127.0.0.1:54536" [_thread_blocked, id=11368, stack(0x000000001abc0000,0x000000001acc0000)]
=>0x0000000018bde800 JavaThread "Daemon worker" [_thread_in_vm, id=7256, stack(0x000000001aac0000,0x000000001abc0000)]
  0x0000000018bcc800 JavaThread "Cancel handler" [_thread_blocked, id=7296, stack(0x000000001a9c0000,0x000000001aac0000)]
  0x0000000018d1d000 JavaThread "Handler for socket connection from /127.0.0.1:54535 to /127.0.0.1:54536" [_thread_in_native, id=13092, stack(0x000000001a6c0000,0x000000001a7c0000)]
  0x0000000018d21000 JavaThread "Daemon" [_thread_blocked, id=11708, stack(0x000000001a5c0000,0x000000001a6c0000)]
  0x0000000018c1f000 JavaThread "Daemon periodic checks" [_thread_blocked, id=7760, stack(0x000000001a4c0000,0x000000001a5c0000)]
  0x0000000018e35000 JavaThread "Incoming local TCP Connector on port 54535" [_thread_in_native, id=13048, stack(0x000000001a2e0000,0x000000001a3e0000)]
  0x0000000017e9a800 JavaThread "Service Thread" daemon [_thread_blocked, id=3160, stack(0x0000000018710000,0x0000000018810000)]
  0x0000000017e19000 JavaThread "C1 CompilerThread2" daemon [_thread_blocked, id=14776, stack(0x0000000018610000,0x0000000018710000)]
  0x0000000016b0b800 JavaThread "C2 CompilerThread1" daemon [_thread_in_native, id=7900, stack(0x0000000018510000,0x0000000018610000)]
  0x0000000016abb800 JavaThread "C2 CompilerThread0" daemon [_thread_in_native, id=12716, stack(0x0000000018410000,0x0000000018510000)]
  0x0000000016b09800 JavaThread "Attach Listener" daemon [_thread_blocked, id=9004, stack(0x0000000018310000,0x0000000018410000)]
  0x0000000017e18800 JavaThread "Signal Dispatcher" daemon [_thread_blocked, id=15388, stack(0x0000000018210000,0x0000000018310000)]
  0x000000000313c000 JavaThread "Finalizer" daemon [_thread_blocked, id=12436, stack(0x0000000017d10000,0x0000000017e10000)]
  0x0000000003131000 JavaThread "Reference Handler" daemon [_thread_blocked, id=13368, stack(0x0000000017c10000,0x0000000017d10000)]
  0x000000000303d800 JavaThread "main" [_thread_blocked, id=2508, stack(0x0000000002e90000,0x0000000002f90000)]

Other Threads:
  0x0000000016a75800 VMThread [stack: 0x0000000017b10000,0x0000000017c10000] [id=16244]
  0x0000000017e9b800 WatcherThread [stack: 0x0000000018810000,0x0000000018910000] [id=9892]

VM state:not at safepoint (normal execution)

VM Mutex/Monitor currently owned by a thread: None

Heap:
 PSYoungGen      total 111104K, used 63556K [0x00000000e0000000, 0x00000000e7d00000, 0x0000000100000000)
  eden space 100352K, 54% used [0x00000000e0000000,0x00000000e35bdbc8,0x00000000e6200000)
  from space 10752K, 79% used [0x00000000e6d00000,0x00000000e7553438,0x00000000e7780000)
  to   space 11264K, 0% used [0x00000000e6200000,0x00000000e6200000,0x00000000e6d00000)
 ParOldGen       total 60928K, used 18241K [0x00000000a0000000, 0x00000000a3b80000, 0x00000000e0000000)
  object space 60928K, 29% used [0x00000000a0000000,0x00000000a11d0790,0x00000000a3b80000)
 Metaspace       used 43870K, capacity 44992K, committed 45272K, reserved 1087488K
  class space    used 5946K, capacity 6300K, committed 6360K, reserved 1048576K

Card table byte_map: [0x0000000012500000,0x0000000012810000] byte_map_base: 0x0000000012000000

Marking Bits: (ParMarkBitMap*) 0x0000000065785aa0
 Begin Bits: [0x0000000012e10000, 0x0000000014610000)
 End Bits:   [0x0000000014610000, 0x0000000015e10000)

Polling page: 0x0000000000c80000

CodeCache: size=245760Kb used=14188Kb max_used=14188Kb free=231571Kb
 bounds [0x0000000003140000, 0x0000000003f30000, 0x0000000012140000]
 total_blobs=4779 nmethods=4038 adapters=653
 compilation: enabled

Compilation events (10 events):
Event: 39.881 Thread 0x0000000017e19000 4423       3       sun.nio.fs.WindowsException::<init> (15 bytes)
Event: 39.882 Thread 0x0000000017e19000 nmethod 4423 0x0000000003f25150 code [0x0000000003f252e0, 0x0000000003f25688]
Event: 39.882 Thread 0x0000000017e19000 4424       3       java.nio.file.FileSystemException::<init> (16 bytes)
Event: 39.883 Thread 0x0000000017e19000 nmethod 4424 0x0000000003f257d0 code [0x0000000003f25940, 0x0000000003f25be8]
Event: 39.883 Thread 0x0000000017e19000 4425       3       java.nio.file.NoSuchFileException::<init> (8 bytes)
Event: 39.883 Thread 0x0000000017e19000 nmethod 4425 0x0000000003f25d10 code [0x0000000003f25e80, 0x0000000003f26188]
Event: 39.883 Thread 0x0000000017e19000 4426       1       java.util.Spliterators$IteratorSpliterator::characteristics (5 bytes)
Event: 39.883 Thread 0x0000000017e19000 nmethod 4426 0x0000000003f26310 code [0x0000000003f26460, 0x0000000003f26570]
Event: 39.983 Thread 0x0000000017e19000 4427  s    3       java.util.Hashtable::containsKey (65 bytes)
Event: 39.984 Thread 0x0000000017e19000 nmethod 4427 0x0000000003f26a50 code [0x0000000003f26be0, 0x0000000003f27218]

GC Heap History (10 events):
Event: 17.539 GC heap before
{Heap before GC invocations=10 (full 1):
 PSYoungGen      total 70656K, used 64000K [0x00000000e0000000, 0x00000000e4d00000, 0x0000000100000000)
  eden space 64000K, 100% used [0x00000000e0000000,0x00000000e3e80000,0x00000000e3e80000)
  from space 6656K, 0% used [0x00000000e4580000,0x00000000e4580000,0x00000000e4c00000)
  to   space 7168K, 0% used [0x00000000e3e80000,0x00000000e3e80000,0x00000000e4580000)
 ParOldGen       total 36864K, used 8851K [0x00000000a0000000, 0x00000000a2400000, 0x00000000e0000000)
  object space 36864K, 24% used [0x00000000a0000000,0x00000000a08a4d78,0x00000000a2400000)
 Metaspace       used 26006K, capacity 26488K, committed 26624K, reserved 1073152K
  class space    used 3630K, capacity 3793K, committed 3840K, reserved 1048576K
Event: 17.602 GC heap after
Heap after GC invocations=10 (full 1):
 PSYoungGen      total 71168K, used 6242K [0x00000000e0000000, 0x00000000e5f80000, 0x0000000100000000)
  eden space 64000K, 0% used [0x00000000e0000000,0x00000000e0000000,0x00000000e3e80000)
  from space 7168K, 87% used [0x00000000e3e80000,0x00000000e4498b58,0x00000000e4580000)
  to   space 7680K, 0% used [0x00000000e5800000,0x00000000e5800000,0x00000000e5f80000)
 ParOldGen       total 36864K, used 8851K [0x00000000a0000000, 0x00000000a2400000, 0x00000000e0000000)
  object space 36864K, 24% used [0x00000000a0000000,0x00000000a08a4d78,0x00000000a2400000)
 Metaspace       used 26006K, capacity 26488K, committed 26624K, reserved 1073152K
  class space    used 3630K, capacity 3793K, committed 3840K, reserved 1048576K
}
Event: 24.133 GC heap before
{Heap before GC invocations=11 (full 1):
 PSYoungGen      total 71168K, used 70242K [0x00000000e0000000, 0x00000000e5f80000, 0x0000000100000000)
  eden space 64000K, 100% used [0x00000000e0000000,0x00000000e3e80000,0x00000000e3e80000)
  from space 7168K, 87% used [0x00000000e3e80000,0x00000000e4498b58,0x00000000e4580000)
  to   space 7680K, 0% used [0x00000000e5800000,0x00000000e5800000,0x00000000e5f80000)
 ParOldGen       total 36864K, used 8851K [0x00000000a0000000, 0x00000000a2400000, 0x00000000e0000000)
  object space 36864K, 24% used [0x00000000a0000000,0x00000000a08a4d78,0x00000000a2400000)
 Metaspace       used 30120K, capacity 30748K, committed 30848K, reserved 1075200K
  class space    used 4224K, capacity 4421K, committed 4480K, reserved 1048576K
Event: 24.171 GC heap after
Heap after GC invocations=11 (full 1):
 PSYoungGen      total 89088K, used 7676K [0x00000000e0000000, 0x00000000e6080000, 0x0000000100000000)
  eden space 81408K, 0% used [0x00000000e0000000,0x00000000e0000000,0x00000000e4f80000)
  from space 7680K, 99% used [0x00000000e5800000,0x00000000e5f7f060,0x00000000e5f80000)
  to   space 8704K, 0% used [0x00000000e4f80000,0x00000000e4f80000,0x00000000e5800000)
 ParOldGen       total 36864K, used 10519K [0x00000000a0000000, 0x00000000a2400000, 0x00000000e0000000)
  object space 36864K, 28% used [0x00000000a0000000,0x00000000a0a45d18,0x00000000a2400000)
 Metaspace       used 30120K, capacity 30748K, committed 30848K, reserved 1075200K
  class space    used 4224K, capacity 4421K, committed 4480K, reserved 1048576K
}
Event: 34.395 GC heap before
{Heap before GC invocations=12 (full 1):
 PSYoungGen      total 89088K, used 54005K [0x00000000e0000000, 0x00000000e6080000, 0x0000000100000000)
  eden space 81408K, 56% used [0x00000000e0000000,0x00000000e2d3e6f0,0x00000000e4f80000)
  from space 7680K, 99% used [0x00000000e5800000,0x00000000e5f7f060,0x00000000e5f80000)
  to   space 8704K, 0% used [0x00000000e4f80000,0x00000000e4f80000,0x00000000e5800000)
 ParOldGen       total 36864K, used 10519K [0x00000000a0000000, 0x00000000a2400000, 0x00000000e0000000)
  object space 36864K, 28% used [0x00000000a0000000,0x00000000a0a45d18,0x00000000a2400000)
 Metaspace       used 34433K, capacity 35298K, committed 35416K, reserved 1079296K
  class space    used 4819K, capacity 5152K, committed 5208K, reserved 1048576K
Event: 34.423 GC heap after
Heap after GC invocations=12 (full 1):
 PSYoungGen      total 90112K, used 8682K [0x00000000e0000000, 0x00000000e7780000, 0x0000000100000000)
  eden space 81408K, 0% used [0x00000000e0000000,0x00000000e0000000,0x00000000e4f80000)
  from space 8704K, 99% used [0x00000000e4f80000,0x00000000e57faa88,0x00000000e5800000)
  to   space 10752K, 0% used [0x00000000e6d00000,0x00000000e6d00000,0x00000000e7780000)
 ParOldGen       total 36864K, used 13086K [0x00000000a0000000, 0x00000000a2400000, 0x00000000e0000000)
  object space 36864K, 35% used [0x00000000a0000000,0x00000000a0cc7a10,0x00000000a2400000)
 Metaspace       used 34433K, capacity 35298K, committed 35416K, reserved 1079296K
  class space    used 4819K, capacity 5152K, committed 5208K, reserved 1048576K
}
Event: 34.423 GC heap before
{Heap before GC invocations=13 (full 2):
 PSYoungGen      total 90112K, used 8682K [0x00000000e0000000, 0x00000000e7780000, 0x0000000100000000)
  eden space 81408K, 0% used [0x00000000e0000000,0x00000000e0000000,0x00000000e4f80000)
  from space 8704K, 99% used [0x00000000e4f80000,0x00000000e57faa88,0x00000000e5800000)
  to   space 10752K, 0% used [0x00000000e6d00000,0x00000000e6d00000,0x00000000e7780000)
 ParOldGen       total 36864K, used 13086K [0x00000000a0000000, 0x00000000a2400000, 0x00000000e0000000)
  object space 36864K, 35% used [0x00000000a0000000,0x00000000a0cc7a10,0x00000000a2400000)
 Metaspace       used 34433K, capacity 35298K, committed 35416K, reserved 1079296K
  class space    used 4819K, capacity 5152K, committed 5208K, reserved 1048576K
Event: 34.578 GC heap after
Heap after GC invocations=13 (full 2):
 PSYoungGen      total 90112K, used 0K [0x00000000e0000000, 0x00000000e7780000, 0x0000000100000000)
  eden space 81408K, 0% used [0x00000000e0000000,0x00000000e0000000,0x00000000e4f80000)
  from space 8704K, 0% used [0x00000000e4f80000,0x00000000e4f80000,0x00000000e5800000)
  to   space 10752K, 0% used [0x00000000e6d00000,0x00000000e6d00000,0x00000000e7780000)
 ParOldGen       total 60928K, used 18233K [0x00000000a0000000, 0x00000000a3b80000, 0x00000000e0000000)
  object space 60928K, 29% used [0x00000000a0000000,0x00000000a11ce790,0x00000000a3b80000)
 Metaspace       used 34433K, capacity 35298K, committed 35416K, reserved 1079296K
  class space    used 4819K, capacity 5152K, committed 5208K, reserved 1048576K
}
Event: 37.043 GC heap before
{Heap before GC invocations=14 (full 2):
 PSYoungGen      total 90112K, used 81408K [0x00000000e0000000, 0x00000000e7780000, 0x0000000100000000)
  eden space 81408K, 100% used [0x00000000e0000000,0x00000000e4f80000,0x00000000e4f80000)
  from space 8704K, 0% used [0x00000000e4f80000,0x00000000e4f80000,0x00000000e5800000)
  to   space 10752K, 0% used [0x00000000e6d00000,0x00000000e6d00000,0x00000000e7780000)
 ParOldGen       total 60928K, used 18233K [0x00000000a0000000, 0x00000000a3b80000, 0x00000000e0000000)
  object space 60928K, 29% used [0x00000000a0000000,0x00000000a11ce790,0x00000000a3b80000)
 Metaspace       used 39881K, capacity 40748K, committed 41176K, reserved 1085440K
  class space    used 5447K, capacity 5729K, committed 5848K, reserved 1048576K
Event: 37.076 GC heap after
Heap after GC invocations=14 (full 2):
 PSYoungGen      total 111104K, used 8525K [0x00000000e0000000, 0x00000000e7d00000, 0x0000000100000000)
  eden space 100352K, 0% used [0x00000000e0000000,0x00000000e0000000,0x00000000e6200000)
  from space 10752K, 79% used [0x00000000e6d00000,0x00000000e7553438,0x00000000e7780000)
  to   space 11264K, 0% used [0x00000000e6200000,0x00000000e6200000,0x00000000e6d00000)
 ParOldGen       total 60928K, used 18241K [0x00000000a0000000, 0x00000000a3b80000, 0x00000000e0000000)
  object space 60928K, 29% used [0x00000000a0000000,0x00000000a11d0790,0x00000000a3b80000)
 Metaspace       used 39881K, capacity 40748K, committed 41176K, reserved 1085440K
  class space    used 5447K, capacity 5729K, committed 5848K, reserved 1048576K
}

Deoptimization events (10 events):
Event: 36.738 Thread 0x0000000018bde800 Uncommon trap: reason=unstable_if action=reinterpret pc=0x0000000003c1d784 method=java.util.jar.JarFile$JarFileEntry.getCodeSigners()[Ljava/security/CodeSigner; @ 24
Event: 36.739 Thread 0x0000000018bde800 Uncommon trap: reason=unstable_if action=reinterpret pc=0x0000000003c28aa8 method=java.security.CodeSource.matchCerts(Ljava/security/CodeSource;Z)Z @ 11
Event: 36.798 Thread 0x0000000018bde800 Uncommon trap: reason=unstable_if action=reinterpret pc=0x0000000003ba5304 method=java.util.LinkedHashMap.get(Ljava/lang/Object;)Ljava/lang/Object; @ 20
Event: 36.976 Thread 0x0000000018bde800 Uncommon trap: reason=unstable_if action=reinterpret pc=0x00000000038fbd00 method=org.objectweb.asm.ByteVector.putUTF8(Ljava/lang/String;)Lorg/objectweb/asm/ByteVector; @ 91
Event: 37.255 Thread 0x0000000018bde800 Uncommon trap: reason=unstable_if action=reinterpret pc=0x0000000003872730 method=org.objectweb.asm.ByteVector.putUTF8(Ljava/lang/String;)Lorg/objectweb/asm/ByteVector; @ 91
Event: 37.508 Thread 0x0000000018bde800 Uncommon trap: reason=null_check action=make_not_entrant pc=0x0000000003d97034 method=java.lang.ThreadLocal$ThreadLocalMap.getEntryAfterMiss(Ljava/lang/ThreadLocal;ILjava/lang/ThreadLocal$ThreadLocalMap$Entry;)Ljava/lang/ThreadLocal$ThreadLocalMap$Entry; 
Event: 38.996 Thread 0x0000000018bde800 Uncommon trap: reason=bimorphic action=maybe_recompile pc=0x0000000003e6ee3c method=java.util.regex.Pattern$5.isSatisfiedBy(I)Z @ 16
Event: 38.996 Thread 0x0000000018bde800 Uncommon trap: reason=bimorphic action=maybe_recompile pc=0x0000000003e6ee3c method=java.util.regex.Pattern$5.isSatisfiedBy(I)Z @ 16
Event: 38.996 Thread 0x0000000018bde800 Uncommon trap: reason=bimorphic action=maybe_recompile pc=0x0000000003e6ee3c method=java.util.regex.Pattern$5.isSatisfiedBy(I)Z @ 16
Event: 38.996 Thread 0x0000000018bde800 Uncommon trap: reason=bimorphic action=maybe_recompile pc=0x0000000003e6ee3c method=java.util.regex.Pattern$5.isSatisfiedBy(I)Z @ 16

Classes redefined (0 events):
No events

Internal exceptions (10 events):
Event: 39.857 Thread 0x0000000018bde800 Exception <a 'sun/nio/fs/WindowsException'> (0x00000000e321d810) thrown at [D:\src\AOSP-openjdk-cygwin\jdk8u\hotspot\src\share\vm\prims\jni.cpp, line 709]
Event: 39.861 Thread 0x0000000018bde800 Exception <a 'sun/nio/fs/WindowsException'> (0x00000000e3220290) thrown at [D:\src\AOSP-openjdk-cygwin\jdk8u\hotspot\src\share\vm\prims\jni.cpp, line 709]
Event: 39.861 Thread 0x0000000018bde800 Exception <a 'sun/nio/fs/WindowsException'> (0x00000000e3220ee8) thrown at [D:\src\AOSP-openjdk-cygwin\jdk8u\hotspot\src\share\vm\prims\jni.cpp, line 709]
Event: 39.861 Thread 0x0000000018bde800 Exception <a 'sun/nio/fs/WindowsException'> (0x00000000e3222b78) thrown at [D:\src\AOSP-openjdk-cygwin\jdk8u\hotspot\src\share\vm\prims\jni.cpp, line 709]
Event: 39.862 Thread 0x0000000018bde800 Exception <a 'sun/nio/fs/WindowsException'> (0x00000000e3223810) thrown at [D:\src\AOSP-openjdk-cygwin\jdk8u\hotspot\src\share\vm\prims\jni.cpp, line 709]
Event: 39.880 Thread 0x0000000018bde800 Exception <a 'sun/nio/fs/WindowsException'> (0x00000000e32270e8) thrown at [D:\src\AOSP-openjdk-cygwin\jdk8u\hotspot\src\share\vm\prims\jni.cpp, line 709]
Event: 39.881 Thread 0x0000000018bde800 Exception <a 'sun/nio/fs/WindowsException'> (0x00000000e3227da8) thrown at [D:\src\AOSP-openjdk-cygwin\jdk8u\hotspot\src\share\vm\prims\jni.cpp, line 709]
Event: 39.881 Thread 0x0000000018bde800 Exception <a 'sun/nio/fs/WindowsException'> (0x00000000e3229ab0) thrown at [D:\src\AOSP-openjdk-cygwin\jdk8u\hotspot\src\share\vm\prims\jni.cpp, line 709]
Event: 39.881 Thread 0x0000000018bde800 Exception <a 'sun/nio/fs/WindowsException'> (0x00000000e322a7a8) thrown at [D:\src\AOSP-openjdk-cygwin\jdk8u\hotspot\src\share\vm\prims\jni.cpp, line 709]
Event: 39.950 Thread 0x0000000018bde800 Exception <a 'java/lang/ClassNotFoundException': com/sun/org/glassfish/hk2/osgiresourcelocator/ServiceLoader> (0x00000000e3286e78) thrown at [D:\src\AOSP-openjdk-cygwin\jdk8u\hotspot\src\share\vm\classfile\systemDictionary.cpp, line 210]

Events (10 events):
Event: 40.031 loading class javax/xml/bind/JAXBIntrospector
Event: 40.031 loading class javax/xml/bind/JAXBIntrospector done
Event: 40.031 loading class com/sun/xml/bind/v2/runtime/JAXBContextImpl$3
Event: 40.031 loading class com/sun/xml/bind/v2/runtime/JAXBContextImpl$3 done
Event: 40.032 loading class com/sun/xml/bind/api/ErrorListener
Event: 40.033 loading class com/sun/xml/bind/api/ErrorListener done
Event: 40.034 loading class javax/xml/bind/Marshaller
Event: 40.034 loading class javax/xml/bind/Marshaller done
Event: 40.034 loading class com/sun/xml/bind/v2/model/core/ErrorHandler
Event: 40.034 loading class com/sun/xml/bind/v2/model/core/ErrorHandler done


Dynamic libraries:
0x00007ff647700000 - 0x00007ff647731000 	C:\Program Files\Android\Android Studio\jre\bin\java.exe
0x00007ffcc6250000 - 0x00007ffcc6431000 	C:\WINDOWS\SYSTEM32\ntdll.dll
0x00007ffcc53a0000 - 0x00007ffcc5452000 	C:\WINDOWS\System32\KERNEL32.DLL
0x00007ffcc2ef0000 - 0x00007ffcc3163000 	C:\WINDOWS\System32\KERNELBASE.dll
0x00007ffcc52f0000 - 0x00007ffcc5391000 	C:\WINDOWS\System32\ADVAPI32.dll
0x00007ffcc5250000 - 0x00007ffcc52ee000 	C:\WINDOWS\System32\msvcrt.dll
0x00007ffcc5fd0000 - 0x00007ffcc602b000 	C:\WINDOWS\System32\sechost.dll
0x00007ffcc6030000 - 0x00007ffcc6154000 	C:\WINDOWS\System32\RPCRT4.dll
0x00007ffcc55f0000 - 0x00007ffcc5780000 	C:\WINDOWS\System32\USER32.dll
0x00007ffcc2ed0000 - 0x00007ffcc2ef0000 	C:\WINDOWS\System32\win32u.dll
0x00007ffcc5220000 - 0x00007ffcc5248000 	C:\WINDOWS\System32\GDI32.dll
0x00007ffcc31f0000 - 0x00007ffcc3382000 	C:\WINDOWS\System32\gdi32full.dll
0x00007ffcc2e30000 - 0x00007ffcc2ecf000 	C:\WINDOWS\System32\msvcp_win.dll
0x00007ffcc2620000 - 0x00007ffcc271a000 	C:\WINDOWS\System32\ucrtbase.dll
0x00007ffcb63a0000 - 0x00007ffcb6609000 	C:\WINDOWS\WinSxS\amd64_microsoft.windows.common-controls_6595b64144ccf1df_6.0.17134.523_none_fb409dd930672a56\COMCTL32.dll
0x00007ffcc3a50000 - 0x00007ffcc3d72000 	C:\WINDOWS\System32\combase.dll
0x00007ffcc3170000 - 0x00007ffcc31ea000 	C:\WINDOWS\System32\bcryptPrimitives.dll
0x00007ffcc5bd0000 - 0x00007ffcc5bfd000 	C:\WINDOWS\System32\IMM32.DLL
0x0000000064ee0000 - 0x0000000064fb2000 	C:\Program Files\Android\Android Studio\jre\jre\bin\msvcr100.dll
0x0000000064fc0000 - 0x0000000065801000 	C:\Program Files\Android\Android Studio\jre\jre\bin\server\jvm.dll
0x00007ffcc38a0000 - 0x00007ffcc38a8000 	C:\WINDOWS\System32\PSAPI.DLL
0x00007ffcb7a20000 - 0x00007ffcb7a2a000 	C:\WINDOWS\SYSTEM32\VERSION.dll
0x00007ffcb8a80000 - 0x00007ffcb8aa3000 	C:\WINDOWS\SYSTEM32\WINMM.dll
0x00007ffcb7b20000 - 0x00007ffcb7b29000 	C:\WINDOWS\SYSTEM32\WSOCK32.dll
0x00007ffcc5eb0000 - 0x00007ffcc5f1c000 	C:\WINDOWS\System32\WS2_32.dll
0x00007ffcb8320000 - 0x00007ffcb834a000 	C:\WINDOWS\SYSTEM32\WINMMBASE.dll
0x00007ffcc33f0000 - 0x00007ffcc3439000 	C:\WINDOWS\System32\cfgmgr32.dll
0x00007ffcbe1e0000 - 0x00007ffcbe1ef000 	C:\Program Files\Android\Android Studio\jre\jre\bin\verify.dll
0x00007ffcb3bf0000 - 0x00007ffcb3c19000 	C:\Program Files\Android\Android Studio\jre\jre\bin\java.dll
0x00007ffcb7140000 - 0x00007ffcb7156000 	C:\Program Files\Android\Android Studio\jre\jre\bin\zip.dll
0x00007ffcc3de0000 - 0x00007ffcc5220000 	C:\WINDOWS\System32\SHELL32.dll
0x00007ffcc5f20000 - 0x00007ffcc5fc9000 	C:\WINDOWS\System32\shcore.dll
0x00007ffcc2720000 - 0x00007ffcc2e2d000 	C:\WINDOWS\System32\windows.storage.dll
0x00007ffcc3d80000 - 0x00007ffcc3dd1000 	C:\WINDOWS\System32\shlwapi.dll
0x00007ffcc2560000 - 0x00007ffcc2571000 	C:\WINDOWS\System32\kernel.appcore.dll
0x00007ffcc25f0000 - 0x00007ffcc260f000 	C:\WINDOWS\System32\profapi.dll
0x00007ffcc25a0000 - 0x00007ffcc25ec000 	C:\WINDOWS\System32\powrprof.dll
0x00007ffcc2610000 - 0x00007ffcc261a000 	C:\WINDOWS\System32\FLTLIB.DLL
0x00007ffcb4f90000 - 0x00007ffcb4faa000 	C:\Program Files\Android\Android Studio\jre\jre\bin\net.dll
0x00007ffcc1de0000 - 0x00007ffcc1e46000 	C:\WINDOWS\system32\mswsock.dll
0x00007ffcb3f30000 - 0x00007ffcb3f41000 	C:\Program Files\Android\Android Studio\jre\jre\bin\nio.dll
0x00007ffcb5f30000 - 0x00007ffcb5f4e000 	C:\Users\deg98\.gradle\native\25\windows-amd64\native-platform.dll
0x00007ffcbe1d0000 - 0x00007ffcbe1dd000 	C:\Program Files\Android\Android Studio\jre\jre\bin\management.dll
0x00007ffcc1f90000 - 0x00007ffcc1fa7000 	C:\WINDOWS\SYSTEM32\CRYPTSP.dll
0x00007ffcc19c0000 - 0x00007ffcc19f3000 	C:\WINDOWS\system32\rsaenh.dll
0x00007ffcc20c0000 - 0x00007ffcc20e5000 	C:\WINDOWS\SYSTEM32\bcrypt.dll
0x00007ffcc2460000 - 0x00007ffcc2488000 	C:\WINDOWS\SYSTEM32\USERENV.dll
0x00007ffcc1fb0000 - 0x00007ffcc1fbb000 	C:\WINDOWS\SYSTEM32\CRYPTBASE.dll
0x00007ffcc1b60000 - 0x00007ffcc1b98000 	C:\WINDOWS\SYSTEM32\IPHLPAPI.DLL
0x00007ffcc5d60000 - 0x00007ffcc5d68000 	C:\WINDOWS\System32\NSI.dll
0x00007ffcbb920000 - 0x00007ffcbb936000 	C:\WINDOWS\SYSTEM32\dhcpcsvc6.DLL
0x00007ffcbb900000 - 0x00007ffcbb91a000 	C:\WINDOWS\SYSTEM32\dhcpcsvc.DLL

VM Arguments:
jvm_args: -Xmx1536m -Dfile.encoding=x-windows-949 -Duser.country=KR -Duser.language=ko -Duser.variant 
java_command: org.gradle.launcher.daemon.bootstrap.GradleDaemon 4.6
java_class_path (initial): C:\Users\deg98\.gradle\wrapper\dists\gradle-4.6-all\bcst21l2brirad8k2ben1letg\gradle-4.6\lib\gradle-launcher-4.6.jar
Launcher Type: SUN_STANDARD

Environment Variables:
PATH=C:\Program Files (x86)\Common Files\Oracle\Java\javapath;C:\oraclexe\app\oracle\product\11.2.0\server\bin;C:\ProgramData\Oracle\Java\javapath;C:\WINDOWS\system32;C:\WINDOWS;C:\WINDOWS\System32\Wbem;C:\WINDOWS\System32\WindowsPowerShell\v1.0\;c:\Program Files (x86)\Microsoft SQL Server\100\Tools\Binn\;c:\Program Files\Microsoft SQL Server\100\Tools\Binn\;c:\Program Files\Microsoft SQL Server\100\DTS\Binn\;C:\Program Files\Java\jdk1.8.0_161\bin;C:\WINDOWS\System32\OpenSSH\;C:\Program Files\Git\cmd;C:\Program Files\PuTTY\;C:\Users\deg98\AppData\Local\Programs\Python\Python37-32\Scripts\;C:\Users\deg98\AppData\Local\Programs\Python\Python37-32\;C:\Users\deg98\AppData\Local\Microsoft\WindowsApps;;C:\Users\deg98\AppData\Local\Programs\Microsoft VS Code\bin
USERNAME=deg98
OS=Windows_NT
PROCESSOR_IDENTIFIER=Intel64 Family 6 Model 69 Stepping 1, GenuineIntel



---------------  S Y S T E M  ---------------

OS: Windows 10.0 , 64 bit Build 17134 (10.0.17134.1)

CPU:total 4 (initial active 4) (2 cores per cpu, 2 threads per core) family 6 model 69 stepping 1, cmov, cx8, fxsr, mmx, sse, sse2, sse3, ssse3, sse4.1, sse4.2, popcnt, avx, avx2, aes, clmul, erms, lzcnt, ht, tsc, tscinvbit, bmi1, bmi2

Memory: 4k page, physical 4107072k(387972k free), swap 16689984k(5692k free)

vm_info: OpenJDK 64-Bit Server VM (25.152-b06) for windows-amd64 JRE (1.8.0_152-release-1136-b06), built by "builder" with MS VC++ 10.0 (VS2010)

time: Mon Feb 04 18:12:40 2019
elapsed time: 40 seconds (0d 0h 0m 40s)

