#
# There is insufficient memory for the Java Runtime Environment to continue.
# Native memory allocation (malloc) failed to allocate 1082736 bytes for Chunk::new
# Possible reasons:
#   The system is out of physical RAM or swap space
#   In 32 bit mode, the process size limit was hit
# Possible solutions:
#   Reduce memory load on the system
#   Increase physical memory or swap space
#   Check if swap backing store is full
#   Use 64 bit Java on a 64 bit OS
#   Decrease Java heap size (-Xmx/-Xms)
#   Decrease number of Java threads
#   Decrease Java thread stack sizes (-Xss)
#   Set larger code cache with -XX:ReservedCodeCacheSize=
# This output file may be truncated or incomplete.
#
#  Out of Memory Error (allocation.cpp:390), pid=13688, tid=0x0000000000003d34
#
# JRE version: OpenJDK Runtime Environment (8.0_152-b06) (build 1.8.0_152-release-1136-b06)
# Java VM: OpenJDK 64-Bit Server VM (25.152-b06 mixed mode windows-amd64 compressed oops)
# Failed to write core dump. Minidumps are not enabled by default on client versions of Windows
#

---------------  T H R E A D  ---------------

Current thread (0x00000000169f9000):  JavaThread "C2 CompilerThread0" daemon [_thread_in_native, id=15668, stack(0x00000000182f0000,0x00000000183f0000)]

Stack: [0x00000000182f0000,0x00000000183f0000]
[error occurred during error reporting (printing stack bounds), id 0xc0000005]

Native frames: (J=compiled Java code, j=interpreted, Vv=VM code, C=native code)


Current CompileTask:
C2:4654407 22870       4       com.sun.tools.javac.comp.Check::checkClassBounds (171 bytes)


---------------  P R O C E S S  ---------------

Java Threads: ( => current thread )
  0x000000001ea84800 JavaThread "Cache worker for Java compile cache (E:\0_Prography\Android_Study\AndroidProjects\just\.gradle\4.6\javaCompile)" [_thread_blocked, id=5964, stack(0x00000000355a0000,0x00000000356a0000)]
  0x000000001ea87800 JavaThread "stdout" [_thread_in_native, id=17188, stack(0x00000000354a0000,0x00000000355a0000)]
  0x000000001ea87000 JavaThread "stderr" [_thread_in_native, id=20608, stack(0x00000000353a0000,0x00000000354a0000)]
  0x000000001ea86000 JavaThread "pool-35-thread-1" [_thread_blocked, id=17492, stack(0x00000000352a0000,0x00000000353a0000)]
  0x000000001ea83000 JavaThread "Task worker for ':' Thread 3" [_thread_in_native, id=25532, stack(0x00000000350a0000,0x00000000351a0000)]
  0x000000001ea85800 JavaThread "Task worker for ':' Thread 2" [_thread_blocked, id=16404, stack(0x0000000034fa0000,0x00000000350a0000)]
  0x000000001ea7b800 JavaThread "Task worker for ':'" [_thread_blocked, id=18128, stack(0x0000000034ea0000,0x0000000034fa0000)]
  0x000000001ea82800 JavaThread "Cache worker for Build Output Cleanup Cache (E:\0_Prography\Android_Study\AndroidProjects\just\.gradle\buildOutputCleanup)" [_thread_blocked, id=19860, stack(0x0000000034da0000,0x0000000034ea0000)]
  0x000000001ea81000 JavaThread "Cache worker for task history cache (E:\0_Prography\Android_Study\AndroidProjects\just\.gradle\4.6\taskHistory)" [_thread_blocked, id=11504, stack(0x0000000034ca0000,0x0000000034da0000)]
  0x000000001ea7d000 JavaThread "Cache worker for file content cache (E:\0_Prography\Android_Study\AndroidProjects\just\.gradle\4.6\fileContent)" [_thread_blocked, id=24464, stack(0x0000000034ba0000,0x0000000034ca0000)]
  0x000000001ea79800 JavaThread "Build operations Thread 4" [_thread_blocked, id=7500, stack(0x0000000034aa0000,0x0000000034ba0000)]
  0x000000001ea7f800 JavaThread "Build operations Thread 3" [_thread_blocked, id=6744, stack(0x00000000349a0000,0x0000000034aa0000)]
  0x000000001ce70800 JavaThread "Build operations Thread 2" [_thread_blocked, id=21944, stack(0x00000000348a0000,0x00000000349a0000)]
  0x000000001ce6e800 JavaThread "Build operations" [_thread_blocked, id=1368, stack(0x00000000347a0000,0x00000000348a0000)]
  0x000000001ce6d000 JavaThread "Cache worker for Artifact transforms cache (C:\Users\deg98\.gradle\caches\transforms-1)" [_thread_blocked, id=24416, stack(0x00000000346a0000,0x00000000347a0000)]
  0x000000001ce6a000 JavaThread "Cache worker for file hash cache (E:\0_Prography\Android_Study\AndroidProjects\just\.gradle\4.6\fileHashes)" [_thread_blocked, id=21712, stack(0x00000000345a0000,0x00000000346a0000)]
  0x000000001ce6b800 JavaThread "Asynchronous log dispatcher for DefaultDaemonConnection: socket connection from /127.0.0.1:60187 to /127.0.0.1:63776" [_thread_blocked, id=19884, stack(0x00000000343a0000,0x00000000344a0000)]
  0x000000001ce6c000 JavaThread "Daemon worker Thread 8" [_thread_blocked, id=13524, stack(0x00000000342a0000,0x00000000343a0000)]
  0x000000001ce69000 JavaThread "Cancel handler" [_thread_blocked, id=23208, stack(0x00000000341a0000,0x00000000342a0000)]
  0x000000001ce6a800 JavaThread "Handler for socket connection from /127.0.0.1:60187 to /127.0.0.1:63776" [_thread_in_native, id=24492, stack(0x00000000340a0000,0x00000000341a0000)]
  0x000000001ce67000 JavaThread "Daemon Thread 8" [_thread_blocked, id=7292, stack(0x0000000033fa0000,0x00000000340a0000)]
  0x0000000018e26800 JavaThread "Memory manager" [_thread_blocked, id=7296, stack(0x0000000020d90000,0x0000000020e90000)]
  0x0000000018e20000 JavaThread "pool-1-thread-1" [_thread_blocked, id=16652, stack(0x0000000020a90000,0x0000000020b90000)]
  0x00000000199e2800 JavaThread "File lock request listener" [_thread_in_native, id=1464, stack(0x000000001afa0000,0x000000001b0a0000)]
  0x00000000198ca800 JavaThread "Cache worker for file hash cache (C:\Users\deg98\.gradle\caches\4.6\fileHashes)" [_thread_blocked, id=3880, stack(0x000000001aea0000,0x000000001afa0000)]
  0x0000000017f1f000 JavaThread "Daemon periodic checks" [_thread_blocked, id=17132, stack(0x000000001a3a0000,0x000000001a4a0000)]
  0x0000000018e6f800 JavaThread "Incoming local TCP Connector on port 60187" [_thread_in_native, id=16032, stack(0x000000001a1c0000,0x000000001a2c0000)]
  0x0000000017d88800 JavaThread "Service Thread" daemon [_thread_blocked, id=8448, stack(0x00000000185f0000,0x00000000186f0000)]
  0x0000000017d08000 JavaThread "C1 CompilerThread2" daemon [_thread_blocked, id=12376, stack(0x00000000184f0000,0x00000000185f0000)]
  0x00000000169fc800 JavaThread "C2 CompilerThread1" daemon [_thread_blocked, id=2516, stack(0x00000000183f0000,0x00000000184f0000)]
=>0x00000000169f9000 JavaThread "C2 CompilerThread0" daemon [_thread_in_native, id=15668, stack(0x00000000182f0000,0x00000000183f0000)]
  0x0000000017cf8800 JavaThread "Attach Listener" daemon [_thread_blocked, id=20112, stack(0x00000000181f0000,0x00000000182f0000)]
  0x00000000169ae000 JavaThread "Signal Dispatcher" daemon [_thread_blocked, id=22096, stack(0x00000000180f0000,0x00000000181f0000)]
  0x000000001698e000 JavaThread "Finalizer" daemon [_thread_blocked, id=4644, stack(0x0000000017bf0000,0x0000000017cf0000)]
  0x0000000003022800 JavaThread "Reference Handler" daemon [_thread_blocked, id=7116, stack(0x0000000017af0000,0x0000000017bf0000)]
  0x0000000002f2e000 JavaThread "main" [_thread_blocked, id=12056, stack(0x0000000002d30000,0x0000000002e30000)]

Other Threads:
  0x0000000016965800 VMThread [stack: 0x00000000179f0000,0x0000000017af0000] [id=21508]
  0x0000000017d89800 WatcherThread [stack: 0x00000000186f0000,0x00000000187f0000] [id=12320]

VM state:not at safepoint (normal execution)

VM Mutex/Monitor currently owned by a thread: None

Heap:
 PSYoungGen      total 410624K, used 4687K [0x00000000e0000000, 0x00000000fbc00000, 0x0000000100000000)
  eden space 381952K, 1% used [0x00000000e0000000,0x00000000e0493f48,0x00000000f7500000)
  from space 28672K, 0% used [0x00000000f9000000,0x00000000f9000000,0x00000000fac00000)
  to   space 27648K, 0% used [0x00000000f7500000,0x00000000f7500000,0x00000000f9000000)
 ParOldGen       total 184320K, used 104202K [0x00000000a0000000, 0x00000000ab400000, 0x00000000e0000000)
  object space 184320K, 56% used [0x00000000a0000000,0x00000000a65c2ae8,0x00000000ab400000)
 Metaspace       used 85821K, capacity 89816K, committed 92032K, reserved 1130496K
  class space    used 10651K, capacity 11373K, committed 11648K, reserved 1048576K

Card table byte_map: [0x00000000123f0000,0x0000000012700000] byte_map_base: 0x0000000011ef0000

Marking Bits: (ParMarkBitMap*) 0x0000000070315aa0
 Begin Bits: [0x0000000012d00000, 0x0000000014500000)
 End Bits:   [0x0000000014500000, 0x0000000015d00000)

Polling page: 0x0000000002920000

CodeCache: size=245760Kb used=64078Kb max_used=64082Kb free=181681Kb
 bounds [0x0000000003030000, 0x0000000006f20000, 0x0000000012030000]
 total_blobs=18265 nmethods=17402 adapters=773
 compilation: enabled

Compilation events (10 events):
Event: 4652.568 Thread 0x00000000169fc800 22872       4       com.sun.tools.javac.comp.Resolve::isAccessible (44 bytes)
Event: 4652.579 Thread 0x0000000017d08000 22873       3       com.sun.tools.javac.code.Types::isCaptureOf (41 bytes)
Event: 4652.580 Thread 0x0000000017d08000 nmethod 22873 0x0000000006f04550 code [0x0000000006f04720, 0x0000000006f04f68]
Event: 4652.584 Thread 0x00000000169fc800 nmethod 22872 0x0000000006f13310 code [0x0000000006f134e0, 0x0000000006f13960]
Event: 4652.757 Thread 0x0000000017d08000 22874       3       java.util.Formatter::getZero (27 bytes)
Event: 4652.758 Thread 0x0000000017d08000 nmethod 22874 0x0000000006f06e10 code [0x0000000006f06f80, 0x0000000006f07258]
Event: 4652.769 Thread 0x0000000017d08000 22875       3       com.sun.tools.javac.code.Types$11::visitClassType (10 bytes)
Event: 4652.770 Thread 0x0000000017d08000 nmethod 22875 0x0000000006efc850 code [0x0000000006efc9c0, 0x0000000006efcc48]
Event: 4652.770 Thread 0x0000000017d08000 22876       3       com.sun.tools.javac.code.Types$11::visitClassType (73 bytes)
Event: 4652.772 Thread 0x0000000017d08000 nmethod 22876 0x0000000006f15c50 code [0x0000000006f15ea0, 0x0000000006f16cd8]

GC Heap History (10 events):
Event: 3584.895 GC heap before
{Heap before GC invocations=33 (full 4):
 PSYoungGen      total 370688K, used 346594K [0x00000000e0000000, 0x00000000fa700000, 0x0000000100000000)
  eden space 339456K, 99% used [0x00000000e0000000,0x00000000f4ac8fb0,0x00000000f4b80000)
  from space 31232K, 25% used [0x00000000f6900000,0x00000000f70af918,0x00000000f8780000)
  to   space 30208K, 0% used [0x00000000f4b80000,0x00000000f4b80000,0x00000000f6900000)
 ParOldGen       total 109056K, used 50498K [0x00000000a0000000, 0x00000000a6a80000, 0x00000000e0000000)
  object space 109056K, 46% used [0x00000000a0000000,0x00000000a3150950,0x00000000a6a80000)
 Metaspace       used 85172K, capacity 88686K, committed 88960K, reserved 1126400K
  class space    used 10604K, capacity 11285K, committed 11392K, reserved 1048576K
Event: 3585.036 GC heap after
Heap after GC invocations=33 (full 4):
 PSYoungGen      total 369664K, used 8404K [0x00000000e0000000, 0x00000000fac00000, 0x0000000100000000)
  eden space 339456K, 0% used [0x00000000e0000000,0x00000000e0000000,0x00000000f4b80000)
  from space 30208K, 27% used [0x00000000f4b80000,0x00000000f53b5060,0x00000000f6900000)
  to   space 28672K, 0% used [0x00000000f9000000,0x00000000f9000000,0x00000000fac00000)
 ParOldGen       total 109056K, used 50506K [0x00000000a0000000, 0x00000000a6a80000, 0x00000000e0000000)
  object space 109056K, 46% used [0x00000000a0000000,0x00000000a3152950,0x00000000a6a80000)
 Metaspace       used 85172K, capacity 88686K, committed 88960K, reserved 1126400K
  class space    used 10604K, capacity 11285K, committed 11392K, reserved 1048576K
}
Event: 3588.155 GC heap before
{Heap before GC invocations=34 (full 4):
 PSYoungGen      total 369664K, used 347076K [0x00000000e0000000, 0x00000000fac00000, 0x0000000100000000)
  eden space 339456K, 99% used [0x00000000e0000000,0x00000000f4abc368,0x00000000f4b80000)
  from space 30208K, 27% used [0x00000000f4b80000,0x00000000f53b5060,0x00000000f6900000)
  to   space 28672K, 0% used [0x00000000f9000000,0x00000000f9000000,0x00000000fac00000)
 ParOldGen       total 109056K, used 50506K [0x00000000a0000000, 0x00000000a6a80000, 0x00000000e0000000)
  object space 109056K, 46% used [0x00000000a0000000,0x00000000a3152950,0x00000000a6a80000)
 Metaspace       used 85172K, capacity 88686K, committed 88960K, reserved 1126400K
  class space    used 10604K, capacity 11285K, committed 11392K, reserved 1048576K
Event: 3588.314 GC heap after
Heap after GC invocations=34 (full 4):
 PSYoungGen      total 410624K, used 7242K [0x00000000e0000000, 0x00000000fbc00000, 0x0000000100000000)
  eden space 381952K, 0% used [0x00000000e0000000,0x00000000e0000000,0x00000000f7500000)
  from space 28672K, 25% used [0x00000000f9000000,0x00000000f9712a18,0x00000000fac00000)
  to   space 27648K, 0% used [0x00000000f7500000,0x00000000f7500000,0x00000000f9000000)
 ParOldGen       total 109056K, used 50506K [0x00000000a0000000, 0x00000000a6a80000, 0x00000000e0000000)
  object space 109056K, 46% used [0x00000000a0000000,0x00000000a3152950,0x00000000a6a80000)
 Metaspace       used 85172K, capacity 88686K, committed 88960K, reserved 1126400K
  class space    used 10604K, capacity 11285K, committed 11392K, reserved 1048576K
}
Event: 4358.601 GC heap before
{Heap before GC invocations=35 (full 4):
 PSYoungGen      total 410624K, used 389194K [0x00000000e0000000, 0x00000000fbc00000, 0x0000000100000000)
  eden space 381952K, 100% used [0x00000000e0000000,0x00000000f7500000,0x00000000f7500000)
  from space 28672K, 25% used [0x00000000f9000000,0x00000000f9712a18,0x00000000fac00000)
  to   space 27648K, 0% used [0x00000000f7500000,0x00000000f7500000,0x00000000f9000000)
 ParOldGen       total 109056K, used 50506K [0x00000000a0000000, 0x00000000a6a80000, 0x00000000e0000000)
  object space 109056K, 46% used [0x00000000a0000000,0x00000000a3152950,0x00000000a6a80000)
 Metaspace       used 86474K, capacity 90560K, committed 90624K, reserved 1128448K
  class space    used 10751K, capacity 11506K, committed 11520K, reserved 1048576K
Event: 4359.099 GC heap after
Heap after GC invocations=35 (full 4):
 PSYoungGen      total 409600K, used 9596K [0x00000000e0000000, 0x00000000fbc00000, 0x0000000100000000)
  eden space 381952K, 0% used [0x00000000e0000000,0x00000000e0000000,0x00000000f7500000)
  from space 27648K, 34% used [0x00000000f7500000,0x00000000f7e5f250,0x00000000f9000000)
  to   space 28672K, 0% used [0x00000000f9000000,0x00000000f9000000,0x00000000fac00000)
 ParOldGen       total 109056K, used 51034K [0x00000000a0000000, 0x00000000a6a80000, 0x00000000e0000000)
  object space 109056K, 46% used [0x00000000a0000000,0x00000000a31d6970,0x00000000a6a80000)
 Metaspace       used 86474K, capacity 90560K, committed 90624K, reserved 1128448K
  class space    used 10751K, capacity 11506K, committed 11520K, reserved 1048576K
}
Event: 4648.228 GC heap before
{Heap before GC invocations=36 (full 4):
 PSYoungGen      total 409600K, used 391548K [0x00000000e0000000, 0x00000000fbc00000, 0x0000000100000000)
  eden space 381952K, 100% used [0x00000000e0000000,0x00000000f7500000,0x00000000f7500000)
  from space 27648K, 34% used [0x00000000f7500000,0x00000000f7e5f250,0x00000000f9000000)
  to   space 28672K, 0% used [0x00000000f9000000,0x00000000f9000000,0x00000000fac00000)
 ParOldGen       total 109056K, used 51034K [0x00000000a0000000, 0x00000000a6a80000, 0x00000000e0000000)
  object space 109056K, 46% used [0x00000000a0000000,0x00000000a31d6970,0x00000000a6a80000)
 Metaspace       used 87402K, capacity 91742K, committed 92032K, reserved 1130496K
  class space    used 10836K, capacity 11613K, committed 11648K, reserved 1048576K
Event: 4649.083 GC heap after
Heap after GC invocations=36 (full 4):
 PSYoungGen      total 410624K, used 28665K [0x00000000e0000000, 0x00000000fbc00000, 0x0000000100000000)
  eden space 381952K, 0% used [0x00000000e0000000,0x00000000e0000000,0x00000000f7500000)
  from space 28672K, 99% used [0x00000000f9000000,0x00000000fabfe550,0x00000000fac00000)
  to   space 27648K, 0% used [0x00000000f7500000,0x00000000f7500000,0x00000000f9000000)
 ParOldGen       total 109056K, used 90094K [0x00000000a0000000, 0x00000000a6a80000, 0x00000000e0000000)
  object space 109056K, 82% used [0x00000000a0000000,0x00000000a57fbb60,0x00000000a6a80000)
 Metaspace       used 87402K, capacity 91742K, committed 92032K, reserved 1130496K
  class space    used 10836K, capacity 11613K, committed 11648K, reserved 1048576K
}
Event: 4649.084 GC heap before
{Heap before GC invocations=37 (full 5):
 PSYoungGen      total 410624K, used 28665K [0x00000000e0000000, 0x00000000fbc00000, 0x0000000100000000)
  eden space 381952K, 0% used [0x00000000e0000000,0x00000000e0000000,0x00000000f7500000)
  from space 28672K, 99% used [0x00000000f9000000,0x00000000fabfe550,0x00000000fac00000)
  to   space 27648K, 0% used [0x00000000f7500000,0x00000000f7500000,0x00000000f9000000)
 ParOldGen       total 109056K, used 90094K [0x00000000a0000000, 0x00000000a6a80000, 0x00000000e0000000)
  object space 109056K, 82% used [0x00000000a0000000,0x00000000a57fbb60,0x00000000a6a80000)
 Metaspace       used 87402K, capacity 91742K, committed 92032K, reserved 1130496K
  class space    used 10836K, capacity 11613K, committed 11648K, reserved 1048576K
Event: 4652.421 GC heap after
Heap after GC invocations=37 (full 5):
 PSYoungGen      total 410624K, used 0K [0x00000000e0000000, 0x00000000fbc00000, 0x0000000100000000)
  eden space 381952K, 0% used [0x00000000e0000000,0x00000000e0000000,0x00000000f7500000)
  from space 28672K, 0% used [0x00000000f9000000,0x00000000f9000000,0x00000000fac00000)
  to   space 27648K, 0% used [0x00000000f7500000,0x00000000f7500000,0x00000000f9000000)
 ParOldGen       total 184320K, used 104202K [0x00000000a0000000, 0x00000000ab400000, 0x00000000e0000000)
  object space 184320K, 56% used [0x00000000a0000000,0x00000000a65c2ae8,0x00000000ab400000)
 Metaspace       used 85819K, capacity 89816K, committed 92032K, reserved 1130496K
  class space    used 10651K, capacity 11373K, committed 11648K, reserved 1048576K
}

Deoptimization events (10 events):
Event: 4363.990 Thread 0x000000001d201800 Uncommon trap: reason=array_check action=maybe_recompile pc=0x0000000005565d30 method=java.util.TimSort.mergeHi(IIII)V @ 250
Event: 4364.604 Thread 0x000000001d1f7800 Uncommon trap: reason=speculate_class_check action=maybe_recompile pc=0x0000000005412a30 method=java.lang.StringCoding.encode(Ljava/nio/charset/Charset;[CII)[B @ 99
Event: 4364.605 Thread 0x000000001d1f7800 Uncommon trap: reason=speculate_class_check action=maybe_recompile pc=0x0000000005412a30 method=java.lang.StringCoding.encode(Ljava/nio/charset/Charset;[CII)[B @ 99
Event: 4582.571 Thread 0x000000001ce6c000 Uncommon trap: reason=bimorphic action=maybe_recompile pc=0x0000000006db6e58 method=java.util.stream.ReduceOps$3ReducingSink.accept(Ljava/lang/Object;)V @ 9
Event: 4582.595 Thread 0x000000001ce6c000 Uncommon trap: reason=bimorphic action=maybe_recompile pc=0x0000000006db6e58 method=java.util.stream.ReduceOps$3ReducingSink.accept(Ljava/lang/Object;)V @ 9
Event: 4582.596 Thread 0x000000001ce6c000 Uncommon trap: reason=bimorphic action=maybe_recompile pc=0x0000000006db6e58 method=java.util.stream.ReduceOps$3ReducingSink.accept(Ljava/lang/Object;)V @ 9
Event: 4582.598 Thread 0x000000001ce6c000 Uncommon trap: reason=bimorphic action=maybe_recompile pc=0x0000000006db6e58 method=java.util.stream.ReduceOps$3ReducingSink.accept(Ljava/lang/Object;)V @ 9
Event: 4643.908 Thread 0x000000001ea83000 Uncommon trap: reason=unstable_if action=reinterpret pc=0x000000000577ba48 method=com.squareup.javapoet.LineWrapper.append(Ljava/lang/String;)V @ 50
Event: 4645.721 Thread 0x000000001ea83000 Uncommon trap: reason=bimorphic action=maybe_recompile pc=0x00000000050e3c48 method=com.sun.tools.javac.comp.Attr.attribLazyConstantValue(Lcom/sun/tools/javac/comp/Env;Lcom/sun/tools/javac/tree/JCTree$JCVariableDecl;Lcom/sun/tools/javac/code/Type;)Ljava/l
Event: 4652.426 Thread 0x000000001ea83000 Uncommon trap: reason=unstable_if action=reinterpret pc=0x0000000006883a78 method=sun.util.locale.provider.LocaleResources.removeEmptyReferences()V @ 9

Classes redefined (0 events):
No events

Internal exceptions (10 events):
Event: 4300.800 Thread 0x000000001ea81000 Exception <a 'sun/nio/fs/WindowsException'> (0x00000000e3ccdaf0) thrown at [D:\src\AOSP-openjdk-cygwin\jdk8u\hotspot\src\share\vm\prims\jni.cpp, line 709]
Event: 4354.927 Thread 0x000000001d1f4800 Implicit null exception at 0x0000000004cfba94 to 0x0000000004cfbe01
Event: 4357.718 Thread 0x000000001d201800 Exception <a 'sun/nio/fs/WindowsException'> (0x00000000f666ecd0) thrown at [D:\src\AOSP-openjdk-cygwin\jdk8u\hotspot\src\share\vm\prims\jni.cpp, line 709]
Event: 4360.763 Thread 0x000000001d201800 Exception <a 'sun/nio/fs/WindowsException'> (0x00000000e09ba590) thrown at [D:\src\AOSP-openjdk-cygwin\jdk8u\hotspot\src\share\vm\prims\jni.cpp, line 709]
Event: 4360.853 Thread 0x000000001d201800 Exception <a 'sun/nio/fs/WindowsException'> (0x00000000e09c4cd8) thrown at [D:\src\AOSP-openjdk-cygwin\jdk8u\hotspot\src\share\vm\prims\jni.cpp, line 709]
Event: 4360.942 Thread 0x000000001d201800 Exception <a 'sun/nio/fs/WindowsException'> (0x00000000e0aa0ca8) thrown at [D:\src\AOSP-openjdk-cygwin\jdk8u\hotspot\src\share\vm\prims\jni.cpp, line 709]
Event: 4363.495 Thread 0x000000001d200000 Exception <a 'sun/nio/fs/WindowsException'> (0x00000000e166b9c0) thrown at [D:\src\AOSP-openjdk-cygwin\jdk8u\hotspot\src\share\vm\prims\jni.cpp, line 709]
Event: 4364.154 Thread 0x000000001d201800 Exception <a 'sun/nio/fs/WindowsException'> (0x00000000e29387c0) thrown at [D:\src\AOSP-openjdk-cygwin\jdk8u\hotspot\src\share\vm\prims\jni.cpp, line 709]
Event: 4582.245 Thread 0x000000001ce6c000 Exception <a 'sun/nio/fs/WindowsException'> (0x00000000e4763d50) thrown at [D:\src\AOSP-openjdk-cygwin\jdk8u\hotspot\src\share\vm\prims\jni.cpp, line 709]
Event: 4582.290 Thread 0x000000001ce6c000 Exception <a 'sun/nio/fs/WindowsException'> (0x00000000e476fe78) thrown at [D:\src\AOSP-openjdk-cygwin\jdk8u\hotspot\src\share\vm\prims\jni.cpp, line 709]

Events (10 events):
Event: 4652.427 Executing VM operation: RevokeBias
Event: 4652.427 Executing VM operation: RevokeBias done
Event: 4652.428 Executing VM operation: BulkRevokeBias
Event: 4652.429 Executing VM operation: BulkRevokeBias done
Event: 4652.437 Executing VM operation: ForceSafepoint
Event: 4652.439 Executing VM operation: ForceSafepoint done
Event: 4652.503 Executing VM operation: ForceSafepoint
Event: 4652.504 Executing VM operation: ForceSafepoint done
Event: 4652.737 Executing VM operation: ForceSafepoint
Event: 4652.738 Executing VM operation: ForceSafepoint done


Dynamic libraries:
0x00007ff675c60000 - 0x00007ff675c91000 	C:\Program Files\Android\Android Studio\jre\bin\java.exe
0x00007ffa0d9a0000 - 0x00007ffa0db81000 	C:\WINDOWS\SYSTEM32\ntdll.dll
0x00007ffa0d4f0000 - 0x00007ffa0d5a2000 	C:\WINDOWS\System32\KERNEL32.DLL
0x00007ffa0a7e0000 - 0x00007ffa0aa53000 	C:\WINDOWS\System32\KERNELBASE.dll
0x00007ffa0d440000 - 0x00007ffa0d4e1000 	C:\WINDOWS\System32\ADVAPI32.dll
0x00007ffa0b4a0000 - 0x00007ffa0b53e000 	C:\WINDOWS\System32\msvcrt.dll
0x00007ffa0d800000 - 0x00007ffa0d85b000 	C:\WINDOWS\System32\sechost.dll
0x00007ffa0b540000 - 0x00007ffa0b664000 	C:\WINDOWS\System32\RPCRT4.dll
0x00007ffa0ae30000 - 0x00007ffa0afc0000 	C:\WINDOWS\System32\USER32.dll
0x00007ffa0a580000 - 0x00007ffa0a5a0000 	C:\WINDOWS\System32\win32u.dll
0x00007ffa0d910000 - 0x00007ffa0d938000 	C:\WINDOWS\System32\GDI32.dll
0x00007ffa0ab10000 - 0x00007ffa0aca2000 	C:\WINDOWS\System32\gdi32full.dll
0x00007ffa0acb0000 - 0x00007ffa0ad4f000 	C:\WINDOWS\System32\msvcp_win.dll
0x00007ffa0a480000 - 0x00007ffa0a57a000 	C:\WINDOWS\System32\ucrtbase.dll
0x00007ff9fcf90000 - 0x00007ff9fd1f9000 	C:\WINDOWS\WinSxS\amd64_microsoft.windows.common-controls_6595b64144ccf1df_6.0.17134.523_none_fb409dd930672a56\COMCTL32.dll
0x00007ffa0b940000 - 0x00007ffa0bc62000 	C:\WINDOWS\System32\combase.dll
0x00007ffa0adb0000 - 0x00007ffa0ae2a000 	C:\WINDOWS\System32\bcryptPrimitives.dll
0x00007ffa0d940000 - 0x00007ffa0d96d000 	C:\WINDOWS\System32\IMM32.DLL
0x0000000070b00000 - 0x0000000070bd2000 	C:\Program Files\Android\Android Studio\jre\jre\bin\msvcr100.dll
0x000000006fb50000 - 0x0000000070391000 	C:\Program Files\Android\Android Studio\jre\jre\bin\server\jvm.dll
0x00007ffa0b860000 - 0x00007ffa0b868000 	C:\WINDOWS\System32\PSAPI.DLL
0x00007ff9ff3a0000 - 0x00007ff9ff3c3000 	C:\WINDOWS\SYSTEM32\WINMM.dll
0x00007ff9fea80000 - 0x00007ff9fea8a000 	C:\WINDOWS\SYSTEM32\VERSION.dll
0x00007ff9ffda0000 - 0x00007ff9ffda9000 	C:\WINDOWS\SYSTEM32\WSOCK32.dll
0x00007ffa0d250000 - 0x00007ffa0d2bc000 	C:\WINDOWS\System32\WS2_32.dll
0x00007ff9ff370000 - 0x00007ff9ff39a000 	C:\WINDOWS\SYSTEM32\WINMMBASE.dll
0x00007ffa0a790000 - 0x00007ffa0a7d9000 	C:\WINDOWS\System32\cfgmgr32.dll
0x00007ffa07f90000 - 0x00007ffa07f9f000 	C:\Program Files\Android\Android Studio\jre\jre\bin\verify.dll
0x00007ffa07d80000 - 0x00007ffa07da9000 	C:\Program Files\Android\Android Studio\jre\jre\bin\java.dll
0x00007ffa07ad0000 - 0x00007ffa07ae6000 	C:\Program Files\Android\Android Studio\jre\jre\bin\zip.dll
0x00007ffa0bc70000 - 0x00007ffa0d0b0000 	C:\WINDOWS\System32\SHELL32.dll
0x00007ffa0d860000 - 0x00007ffa0d909000 	C:\WINDOWS\System32\shcore.dll
0x00007ffa09d70000 - 0x00007ffa0a47d000 	C:\WINDOWS\System32\windows.storage.dll
0x00007ffa0b760000 - 0x00007ffa0b7b1000 	C:\WINDOWS\System32\shlwapi.dll
0x00007ffa09d50000 - 0x00007ffa09d61000 	C:\WINDOWS\System32\kernel.appcore.dll
0x00007ffa09d10000 - 0x00007ffa09d2f000 	C:\WINDOWS\System32\profapi.dll
0x00007ffa09cc0000 - 0x00007ffa09d0c000 	C:\WINDOWS\System32\powrprof.dll
0x00007ffa09cb0000 - 0x00007ffa09cba000 	C:\WINDOWS\System32\FLTLIB.DLL
0x00007ffa03c30000 - 0x00007ffa03c4a000 	C:\Program Files\Android\Android Studio\jre\jre\bin\net.dll
0x00007ffa09530000 - 0x00007ffa09596000 	C:\WINDOWS\system32\mswsock.dll
0x00007ffa03910000 - 0x00007ffa03921000 	C:\Program Files\Android\Android Studio\jre\jre\bin\nio.dll
0x00007ffa07db0000 - 0x00007ffa07dce000 	C:\Users\deg98\.gradle\native\25\windows-amd64\native-platform.dll
0x00007ffa07f80000 - 0x00007ffa07f8d000 	C:\Program Files\Android\Android Studio\jre\jre\bin\management.dll
0x00007ffa096f0000 - 0x00007ffa09707000 	C:\WINDOWS\SYSTEM32\CRYPTSP.dll
0x00007ffa09110000 - 0x00007ffa09143000 	C:\WINDOWS\system32\rsaenh.dll
0x00007ffa09810000 - 0x00007ffa09835000 	C:\WINDOWS\SYSTEM32\bcrypt.dll
0x00007ffa09bb0000 - 0x00007ffa09bd8000 	C:\WINDOWS\SYSTEM32\USERENV.dll
0x00007ffa096e0000 - 0x00007ffa096eb000 	C:\WINDOWS\SYSTEM32\CRYPTBASE.dll
0x00007ffa092b0000 - 0x00007ffa092e8000 	C:\WINDOWS\SYSTEM32\IPHLPAPI.DLL
0x00007ffa0d690000 - 0x00007ffa0d698000 	C:\WINDOWS\System32\NSI.dll
0x00007ffa040b0000 - 0x00007ffa040c6000 	C:\WINDOWS\SYSTEM32\dhcpcsvc6.DLL
0x00007ffa04010000 - 0x00007ffa0402a000 	C:\WINDOWS\SYSTEM32\dhcpcsvc.DLL

VM Arguments:
jvm_args: -Xmx1536m -Dfile.encoding=x-windows-949 -Duser.country=KR -Duser.language=ko -Duser.variant 
java_command: org.gradle.launcher.daemon.bootstrap.GradleDaemon 4.6
java_class_path (initial): C:\Users\deg98\.gradle\wrapper\dists\gradle-4.6-all\bcst21l2brirad8k2ben1letg\gradle-4.6\lib\gradle-launcher-4.6.jar
Launcher Type: SUN_STANDARD

Environment Variables:
PATH=C:\Program Files (x86)\Common Files\Oracle\Java\javapath;C:\oraclexe\app\oracle\product\11.2.0\server\bin;C:\ProgramData\Oracle\Java\javapath;C:\WINDOWS\system32;C:\WINDOWS;C:\WINDOWS\System32\Wbem;C:\WINDOWS\System32\WindowsPowerShell\v1.0\;c:\Program Files (x86)\Microsoft SQL Server\100\Tools\Binn\;c:\Program Files\Microsoft SQL Server\100\Tools\Binn\;c:\Program Files\Microsoft SQL Server\100\DTS\Binn\;C:\Program Files\Java\jdk1.8.0_161\bin;C:\WINDOWS\System32\OpenSSH\;C:\Program Files\Git\cmd;C:\Program Files\PuTTY\;C:\Users\deg98\AppData\Local\Programs\Python\Python37-32\Scripts\;C:\Users\deg98\AppData\Local\Programs\Python\Python37-32\;C:\Users\deg98\AppData\Local\Microsoft\WindowsApps;;C:\Users\deg98\AppData\Local\Programs\Microsoft VS Code\bin
USERNAME=deg98
OS=Windows_NT
PROCESSOR_IDENTIFIER=Intel64 Family 6 Model 69 Stepping 1, GenuineIntel



---------------  S Y S T E M  ---------------

OS: Windows 10.0 , 64 bit Build 17134 (10.0.17134.1)

CPU:total 4 (initial active 4) (2 cores per cpu, 2 threads per core) family 6 model 69 stepping 1, cmov, cx8, fxsr, mmx, sse, sse2, sse3, ssse3, sse4.1, sse4.2, popcnt, avx, avx2, aes, clmul, erms, lzcnt, ht, tsc, tscinvbit, bmi1, bmi2

Memory: 4k page, physical 4107072k(232752k free), swap 16689984k(5216k free)

vm_info: OpenJDK 64-Bit Server VM (25.152-b06) for windows-amd64 JRE (1.8.0_152-release-1136-b06), built by "builder" with MS VC++ 10.0 (VS2010)

time: Sat Jan 26 07:06:59 2019
elapsed time: 4652 seconds (0d 1h 17m 32s)

