#
# There is insufficient memory for the Java Runtime Environment to continue.
# Native memory allocation (malloc) failed to allocate 1244656 bytes for Chunk::new
# Possible reasons:
#   The system is out of physical RAM or swap space
#   In 32 bit mode, the process size limit was hit
# Possible solutions:
#   Reduce memory load on the system
#   Increase physical memory or swap space
#   Check if swap backing store is full
#   Use 64 bit Java on a 64 bit OS
#   Decrease Java heap size (-Xmx/-Xms)
#   Decrease number of Java threads
#   Decrease Java thread stack sizes (-Xss)
#   Set larger code cache with -XX:ReservedCodeCacheSize=
# This output file may be truncated or incomplete.
#
#  Out of Memory Error (allocation.cpp:390), pid=11208, tid=0x0000000000002a1c
#
# JRE version: OpenJDK Runtime Environment (8.0_152-b06) (build 1.8.0_152-release-1136-b06)
# Java VM: OpenJDK 64-Bit Server VM (25.152-b06 mixed mode windows-amd64 compressed oops)
# Failed to write core dump. Minidumps are not enabled by default on client versions of Windows
#

---------------  T H R E A D  ---------------

Current thread (0x00000000170bb800):  JavaThread "C2 CompilerThread1" daemon [_thread_in_native, id=10780, stack(0x0000000018ac0000,0x0000000018bc0000)]

Stack: [0x0000000018ac0000,0x0000000018bc0000]
[error occurred during error reporting (printing stack bounds), id 0xc0000005]

Native frames: (J=compiled Java code, j=interpreted, Vv=VM code, C=native code)


Current CompileTask:
C2:2351771 16493       4       com.android.tools.r8.ir.regalloc.LinearScanRegisterAllocator::allocateSingleInterval (797 bytes)


---------------  P R O C E S S  ---------------

Java Threads: ( => current thread )
  0x000000001f597000 JavaThread "ForkJoinPool.commonPool-worker-2" daemon [_thread_in_Java, id=17584, stack(0x0000000027f40000,0x0000000028040000)]
  0x000000001f594000 JavaThread "ForkJoinPool.commonPool-worker-1" daemon [_thread_in_native, id=14784, stack(0x0000000027e40000,0x0000000027f40000)]
  0x000000001f59b000 JavaThread "ForkJoinPool.commonPool-worker-0" daemon [_thread_in_native, id=25904, stack(0x0000000027d40000,0x0000000027e40000)]
  0x000000001f58f800 JavaThread "Cache worker for Java compile cache (E:\0_Prography\Android_Study\AndroidProjects\just\.gradle\4.6\javaCompile)" [_thread_blocked, id=13280, stack(0x0000000027740000,0x0000000027840000)]
  0x000000001f598800 JavaThread "stdout" daemon [_thread_in_native, id=3088, stack(0x0000000027640000,0x0000000027740000)]
  0x000000001f595000 JavaThread "stderr" daemon [_thread_in_native, id=25444, stack(0x0000000027540000,0x0000000027640000)]
  0x000000001f598000 JavaThread "stdout" daemon [_thread_in_native, id=21092, stack(0x0000000027440000,0x0000000027540000)]
  0x000000001f590800 JavaThread "stderr" daemon [_thread_in_native, id=4328, stack(0x0000000027340000,0x0000000027440000)]
  0x000000001f591000 JavaThread "pool-6-thread-1" [_thread_blocked, id=1980, stack(0x0000000027240000,0x0000000027340000)]
  0x000000001f595800 JavaThread "Task worker for ':' Thread 3" [_thread_blocked, id=26544, stack(0x0000000026e40000,0x0000000026f40000)]
  0x000000001f593800 JavaThread "Task worker for ':' Thread 2" [_thread_blocked, id=5036, stack(0x0000000026d40000,0x0000000026e40000)]
  0x000000001f592800 JavaThread "Task worker for ':'" [_thread_blocked, id=23960, stack(0x0000000026c40000,0x0000000026d40000)]
  0x000000001f40c000 JavaThread "Cache worker for Build Output Cleanup Cache (E:\0_Prography\Android_Study\AndroidProjects\just\.gradle\buildOutputCleanup)" [_thread_blocked, id=15740, stack(0x0000000026b40000,0x0000000026c40000)]
  0x000000001f409000 JavaThread "Cache worker for task history cache (E:\0_Prography\Android_Study\AndroidProjects\just\.gradle\4.6\taskHistory)" [_thread_blocked, id=26024, stack(0x0000000026a40000,0x0000000026b40000)]
  0x000000001f40f000 JavaThread "Cache worker for file content cache (E:\0_Prography\Android_Study\AndroidProjects\just\.gradle\4.6\fileContent)" [_thread_blocked, id=25492, stack(0x0000000026940000,0x0000000026a40000)]
  0x000000001f44d800 JavaThread "Build operations Thread 4" [_thread_blocked, id=924, stack(0x0000000026840000,0x0000000026940000)]
  0x000000001f44f000 JavaThread "Build operations Thread 3" [_thread_blocked, id=22524, stack(0x0000000026740000,0x0000000026840000)]
  0x000000001f44d000 JavaThread "Build operations Thread 2" [_thread_blocked, id=3584, stack(0x0000000026640000,0x0000000026740000)]
  0x000000001f44a000 JavaThread "Build operations" [_thread_blocked, id=9164, stack(0x0000000026540000,0x0000000026640000)]
  0x000000001f441800 JavaThread "Cache worker for Artifact transforms cache (C:\Users\deg98\.gradle\caches\transforms-1)" [_thread_blocked, id=24292, stack(0x0000000026440000,0x0000000026540000)]
  0x000000001f44a800 JavaThread "Cache worker for file hash cache (E:\0_Prography\Android_Study\AndroidProjects\just\.gradle\4.6\fileHashes)" [_thread_blocked, id=9520, stack(0x0000000026340000,0x0000000026440000)]
  0x000000001f44c000 JavaThread "Asynchronous log dispatcher for DefaultDaemonConnection: socket connection from /127.0.0.1:58610 to /127.0.0.1:60585" [_thread_blocked, id=18456, stack(0x0000000026140000,0x0000000026240000)]
  0x000000001f449000 JavaThread "Daemon worker Thread 2" [_thread_blocked, id=6016, stack(0x0000000026040000,0x0000000026140000)]
  0x000000001f44e800 JavaThread "Cancel handler" [_thread_blocked, id=22844, stack(0x0000000025f40000,0x0000000026040000)]
  0x000000001f448800 JavaThread "Handler for socket connection from /127.0.0.1:58610 to /127.0.0.1:60585" [_thread_in_native, id=12892, stack(0x0000000025e40000,0x0000000025f40000)]
  0x000000001f441000 JavaThread "Daemon Thread 2" [_thread_blocked, id=22612, stack(0x0000000025d40000,0x0000000025e40000)]
  0x000000001f442800 JavaThread "Memory manager" [_thread_blocked, id=22532, stack(0x00000000212f0000,0x00000000213f0000)]
  0x000000001f445800 JavaThread "pool-1-thread-1" [_thread_blocked, id=2160, stack(0x0000000020ff0000,0x00000000210f0000)]
  0x00000000192d8800 JavaThread "File lock request listener" [_thread_in_native, id=24508, stack(0x000000001c640000,0x000000001c740000)]
  0x00000000185cd800 JavaThread "Cache worker for file hash cache (C:\Users\deg98\.gradle\caches\4.6\fileHashes)" [_thread_blocked, id=5012, stack(0x000000001b570000,0x000000001b670000)]
  0x0000000019cff000 JavaThread "Daemon periodic checks" [_thread_blocked, id=18928, stack(0x000000001aa70000,0x000000001ab70000)]
  0x0000000019b36000 JavaThread "Incoming local TCP Connector on port 58610" [_thread_in_native, id=26504, stack(0x000000001a890000,0x000000001a990000)]
  0x000000001844d800 JavaThread "Service Thread" daemon [_thread_blocked, id=19292, stack(0x0000000018cc0000,0x0000000018dc0000)]
  0x00000000183d2000 JavaThread "C1 CompilerThread2" daemon [_thread_blocked, id=22916, stack(0x0000000018bc0000,0x0000000018cc0000)]
=>0x00000000170bb800 JavaThread "C2 CompilerThread1" daemon [_thread_in_native, id=10780, stack(0x0000000018ac0000,0x0000000018bc0000)]
  0x000000001706d800 JavaThread "C2 CompilerThread0" daemon [_thread_in_native, id=26516, stack(0x00000000189c0000,0x0000000018ac0000)]
  0x00000000170b8800 JavaThread "Attach Listener" daemon [_thread_blocked, id=25048, stack(0x00000000188c0000,0x00000000189c0000)]
  0x00000000183c8800 JavaThread "Signal Dispatcher" daemon [_thread_blocked, id=15684, stack(0x00000000187c0000,0x00000000188c0000)]
  0x00000000036ec800 JavaThread "Finalizer" daemon [_thread_blocked, id=20680, stack(0x00000000182c0000,0x00000000183c0000)]
  0x00000000036e1800 JavaThread "Reference Handler" daemon [_thread_blocked, id=8040, stack(0x00000000181c0000,0x00000000182c0000)]
  0x00000000035ee000 JavaThread "main" [_thread_blocked, id=22224, stack(0x0000000003480000,0x0000000003580000)]

Other Threads:
  0x0000000017026000 VMThread [stack: 0x00000000180c0000,0x00000000181c0000] [id=19020]
  0x000000001844e800 WatcherThread [stack: 0x0000000018dc0000,0x0000000018ec0000] [id=18560]

VM state:not at safepoint (normal execution)

VM Mutex/Monitor currently owned by a thread: None

Heap:
 PSYoungGen      total 324096K, used 63987K [0x00000000e0000000, 0x00000000f6300000, 0x0000000100000000)
  eden space 296960K, 12% used [0x00000000e0000000,0x00000000e23ff940,0x00000000f2200000)
  from space 27136K, 99% used [0x00000000f2200000,0x00000000f3c7d2d8,0x00000000f3c80000)
  to   space 24576K, 0% used [0x00000000f3c80000,0x00000000f3c80000,0x00000000f5480000)
 ParOldGen       total 93184K, used 51860K [0x00000000a0000000, 0x00000000a5b00000, 0x00000000e0000000)
  object space 93184K, 55% used [0x00000000a0000000,0x00000000a32a5048,0x00000000a5b00000)
 Metaspace       used 85080K, capacity 89031K, committed 89216K, reserved 1126400K
  class space    used 10931K, capacity 11785K, committed 11904K, reserved 1048576K

Card table byte_map: [0x0000000012ab0000,0x0000000012dc0000] byte_map_base: 0x00000000125b0000

Marking Bits: (ParMarkBitMap*) 0x0000000073535aa0
 Begin Bits: [0x00000000133c0000, 0x0000000014bc0000)
 End Bits:   [0x0000000014bc0000, 0x00000000163c0000)

Polling page: 0x0000000001290000

CodeCache: size=245760Kb used=47256Kb max_used=47256Kb free=198503Kb
 bounds [0x00000000036f0000, 0x0000000006550000, 0x00000000126f0000]
 total_blobs=14374 nmethods=13519 adapters=765
 compilation: enabled

Compilation events (10 events):
Event: 2350.665 Thread 0x00000000183d2000 nmethod 16639 0x0000000006534050 code [0x00000000065343c0, 0x0000000006535f08]
Event: 2350.668 Thread 0x00000000183d2000 16640       3       com.android.tools.r8.graph.DexDebugEventBuilder::add (313 bytes)
Event: 2350.671 Thread 0x00000000183d2000 nmethod 16640 0x0000000006536f10 code [0x00000000065371e0, 0x0000000006538588]
Event: 2350.671 Thread 0x00000000183d2000 16642       3       com.android.tools.r8.graph.DexProgramClass::get (5 bytes)
Event: 2350.672 Thread 0x00000000183d2000 nmethod 16642 0x0000000006538e90 code [0x0000000006539000, 0x00000000065391d0]
Event: 2350.672 Thread 0x00000000183d2000 16643       3       com.android.tools.r8.graph.DexProgramClass::get (2 bytes)
Event: 2350.672 Thread 0x00000000183d2000 nmethod 16643 0x0000000006539290 code [0x00000000065393e0, 0x0000000006539530]
Event: 2350.674 Thread 0x00000000183d2000 16645       3       com.android.tools.r8.graph.DexString::slowCompareTo (147 bytes)
Event: 2350.675 Thread 0x00000000183d2000 nmethod 16645 0x00000000065395d0 code [0x0000000006539760, 0x0000000006539c90]
Event: 2350.675 Thread 0x00000000183d2000 16646       3       com.android.tools.r8.it.unimi.dsi.fastutil.ints.Int2ReferenceOpenHashMap::containsKey (70 bytes)

GC Heap History (10 events):
Event: 105.947 GC heap before
{Heap before GC invocations=16 (full 3):
 PSYoungGen      total 251392K, used 230912K [0x00000000e0000000, 0x00000000f0f80000, 0x0000000100000000)
  eden space 230912K, 100% used [0x00000000e0000000,0x00000000ee180000,0x00000000ee180000)
  from space 20480K, 0% used [0x00000000ef600000,0x00000000ef600000,0x00000000f0a00000)
  to   space 20992K, 0% used [0x00000000ee180000,0x00000000ee180000,0x00000000ef600000)
 ParOldGen       total 93184K, used 45195K [0x00000000a0000000, 0x00000000a5b00000, 0x00000000e0000000)
  object space 93184K, 48% used [0x00000000a0000000,0x00000000a2c22e88,0x00000000a5b00000)
 Metaspace       used 64383K, capacity 66763K, committed 67072K, reserved 1107968K
  class space    used 8578K, capacity 9144K, committed 9216K, reserved 1048576K
Event: 106.005 GC heap after
Heap after GC invocations=16 (full 3):
 PSYoungGen      total 251904K, used 15309K [0x00000000e0000000, 0x00000000f3580000, 0x0000000100000000)
  eden space 230912K, 0% used [0x00000000e0000000,0x00000000e0000000,0x00000000ee180000)
  from space 20992K, 72% used [0x00000000ee180000,0x00000000ef0734c0,0x00000000ef600000)
  to   space 22016K, 0% used [0x00000000f2000000,0x00000000f2000000,0x00000000f3580000)
 ParOldGen       total 93184K, used 45203K [0x00000000a0000000, 0x00000000a5b00000, 0x00000000e0000000)
  object space 93184K, 48% used [0x00000000a0000000,0x00000000a2c24e88,0x00000000a5b00000)
 Metaspace       used 64383K, capacity 66763K, committed 67072K, reserved 1107968K
  class space    used 8578K, capacity 9144K, committed 9216K, reserved 1048576K
}
Event: 2202.034 GC heap before
{Heap before GC invocations=17 (full 3):
 PSYoungGen      total 251904K, used 246221K [0x00000000e0000000, 0x00000000f3580000, 0x0000000100000000)
  eden space 230912K, 100% used [0x00000000e0000000,0x00000000ee180000,0x00000000ee180000)
  from space 20992K, 72% used [0x00000000ee180000,0x00000000ef0734c0,0x00000000ef600000)
  to   space 22016K, 0% used [0x00000000f2000000,0x00000000f2000000,0x00000000f3580000)
 ParOldGen       total 93184K, used 45203K [0x00000000a0000000, 0x00000000a5b00000, 0x00000000e0000000)
  object space 93184K, 48% used [0x00000000a0000000,0x00000000a2c24e88,0x00000000a5b00000)
 Metaspace       used 67520K, capacity 70089K, committed 70272K, reserved 1110016K
  class space    used 8890K, capacity 9525K, committed 9600K, reserved 1048576K
Event: 2202.278 GC heap after
Heap after GC invocations=17 (full 3):
 PSYoungGen      total 279552K, used 13935K [0x00000000e0000000, 0x00000000f2e80000, 0x0000000100000000)
  eden space 264704K, 0% used [0x00000000e0000000,0x00000000e0000000,0x00000000f0280000)
  from space 14848K, 93% used [0x00000000f2000000,0x00000000f2d9be38,0x00000000f2e80000)
  to   space 22528K, 0% used [0x00000000f0280000,0x00000000f0280000,0x00000000f1880000)
 ParOldGen       total 93184K, used 45211K [0x00000000a0000000, 0x00000000a5b00000, 0x00000000e0000000)
  object space 93184K, 48% used [0x00000000a0000000,0x00000000a2c26e88,0x00000000a5b00000)
 Metaspace       used 67520K, capacity 70089K, committed 70272K, reserved 1110016K
  class space    used 8890K, capacity 9525K, committed 9600K, reserved 1048576K
}
Event: 2271.050 GC heap before
{Heap before GC invocations=18 (full 3):
 PSYoungGen      total 279552K, used 278639K [0x00000000e0000000, 0x00000000f2e80000, 0x0000000100000000)
  eden space 264704K, 100% used [0x00000000e0000000,0x00000000f0280000,0x00000000f0280000)
  from space 14848K, 93% used [0x00000000f2000000,0x00000000f2d9be38,0x00000000f2e80000)
  to   space 22528K, 0% used [0x00000000f0280000,0x00000000f0280000,0x00000000f1880000)
 ParOldGen       total 93184K, used 45211K [0x00000000a0000000, 0x00000000a5b00000, 0x00000000e0000000)
  object space 93184K, 48% used [0x00000000a0000000,0x00000000a2c26e88,0x00000000a5b00000)
 Metaspace       used 74688K, capacity 77439K, committed 77696K, reserved 1116160K
  class space    used 9613K, capacity 10274K, committed 10368K, reserved 1048576K
Event: 2271.364 GC heap after
Heap after GC invocations=18 (full 3):
 PSYoungGen      total 287232K, used 18527K [0x00000000e0000000, 0x00000000f5480000, 0x0000000100000000)
  eden space 264704K, 0% used [0x00000000e0000000,0x00000000e0000000,0x00000000f0280000)
  from space 22528K, 82% used [0x00000000f0280000,0x00000000f1497ce8,0x00000000f1880000)
  to   space 24576K, 0% used [0x00000000f3c80000,0x00000000f3c80000,0x00000000f5480000)
 ParOldGen       total 93184K, used 45219K [0x00000000a0000000, 0x00000000a5b00000, 0x00000000e0000000)
  object space 93184K, 48% used [0x00000000a0000000,0x00000000a2c28e88,0x00000000a5b00000)
 Metaspace       used 74688K, capacity 77439K, committed 77696K, reserved 1116160K
  class space    used 9613K, capacity 10274K, committed 10368K, reserved 1048576K
}
Event: 2297.965 GC heap before
{Heap before GC invocations=19 (full 3):
 PSYoungGen      total 287232K, used 282587K [0x00000000e0000000, 0x00000000f5480000, 0x0000000100000000)
  eden space 264704K, 99% used [0x00000000e0000000,0x00000000f01df0a0,0x00000000f0280000)
  from space 22528K, 82% used [0x00000000f0280000,0x00000000f1497ce8,0x00000000f1880000)
  to   space 24576K, 0% used [0x00000000f3c80000,0x00000000f3c80000,0x00000000f5480000)
 ParOldGen       total 93184K, used 45219K [0x00000000a0000000, 0x00000000a5b00000, 0x00000000e0000000)
  object space 93184K, 48% used [0x00000000a0000000,0x00000000a2c28e88,0x00000000a5b00000)
 Metaspace       used 76055K, capacity 78889K, committed 79104K, reserved 1118208K
  class space    used 9797K, capacity 10489K, committed 10496K, reserved 1048576K
Event: 2298.569 GC heap after
Heap after GC invocations=19 (full 3):
 PSYoungGen      total 321536K, used 22355K [0x00000000e0000000, 0x00000000f6300000, 0x0000000100000000)
  eden space 296960K, 0% used [0x00000000e0000000,0x00000000e0000000,0x00000000f2200000)
  from space 24576K, 90% used [0x00000000f3c80000,0x00000000f5254ee8,0x00000000f5480000)
  to   space 27136K, 0% used [0x00000000f2200000,0x00000000f2200000,0x00000000f3c80000)
 ParOldGen       total 93184K, used 45227K [0x00000000a0000000, 0x00000000a5b00000, 0x00000000e0000000)
  object space 93184K, 48% used [0x00000000a0000000,0x00000000a2c2ae88,0x00000000a5b00000)
 Metaspace       used 76055K, capacity 78889K, committed 79104K, reserved 1118208K
  class space    used 9797K, capacity 10489K, committed 10496K, reserved 1048576K
}
Event: 2347.036 GC heap before
{Heap before GC invocations=20 (full 3):
 PSYoungGen      total 321536K, used 319315K [0x00000000e0000000, 0x00000000f6300000, 0x0000000100000000)
  eden space 296960K, 100% used [0x00000000e0000000,0x00000000f2200000,0x00000000f2200000)
  from space 24576K, 90% used [0x00000000f3c80000,0x00000000f5254ee8,0x00000000f5480000)
  to   space 27136K, 0% used [0x00000000f2200000,0x00000000f2200000,0x00000000f3c80000)
 ParOldGen       total 93184K, used 45227K [0x00000000a0000000, 0x00000000a5b00000, 0x00000000e0000000)
  object space 93184K, 48% used [0x00000000a0000000,0x00000000a2c2ae88,0x00000000a5b00000)
 Metaspace       used 84373K, capacity 88271K, committed 88576K, reserved 1126400K
  class space    used 10875K, capacity 11713K, committed 11776K, reserved 1048576K
Event: 2347.836 GC heap after
Heap after GC invocations=20 (full 3):
 PSYoungGen      total 324096K, used 27124K [0x00000000e0000000, 0x00000000f6300000, 0x0000000100000000)
  eden space 296960K, 0% used [0x00000000e0000000,0x00000000e0000000,0x00000000f2200000)
  from space 27136K, 99% used [0x00000000f2200000,0x00000000f3c7d2d8,0x00000000f3c80000)
  to   space 24576K, 0% used [0x00000000f3c80000,0x00000000f3c80000,0x00000000f5480000)
 ParOldGen       total 93184K, used 51860K [0x00000000a0000000, 0x00000000a5b00000, 0x00000000e0000000)
  object space 93184K, 55% used [0x00000000a0000000,0x00000000a32a5048,0x00000000a5b00000)
 Metaspace       used 84373K, capacity 88271K, committed 88576K, reserved 1126400K
  class space    used 10875K, capacity 11713K, committed 11776K, reserved 1048576K
}

Deoptimization events (10 events):
Event: 2346.561 Thread 0x000000001f597000 Uncommon trap: reason=unstable_if action=reinterpret pc=0x000000000633261c method=com.android.tools.r8.org.objectweb.asm.ClassReader.readUTF8(I[C)Ljava/lang/String; @ 7
Event: 2346.792 Thread 0x000000001f597000 Uncommon trap: reason=predicate action=maybe_recompile pc=0x0000000004edbbf8 method=java.util.LinkedList.remove(Ljava/lang/Object;)Z @ 48
Event: 2346.844 Thread 0x000000001f597000 Uncommon trap: reason=class_check action=maybe_recompile pc=0x0000000003b0deac method=java.util.stream.StreamOpFlag.fromCharacteristics(Ljava/util/Spliterator;)I @ 14
Event: 2346.969 Thread 0x000000001f597000 Uncommon trap: reason=unstable_if action=reinterpret pc=0x0000000006391128 method=com.android.tools.r8.ir.code.IRCodeInstructionsIterator.next()Lcom/android/tools/r8/ir/code/Instruction; @ 9
Event: 2346.969 Thread 0x000000001f597000 Uncommon trap: reason=unstable_if action=reinterpret pc=0x0000000006394be8 method=com.android.tools.r8.ir.code.IRCodeInstructionsIterator.next()Lcom/android/tools/r8/ir/code/Instruction; @ 9
Event: 2346.983 Thread 0x000000001f597000 Uncommon trap: reason=class_check action=maybe_recompile pc=0x0000000003b0deac method=java.util.stream.StreamOpFlag.fromCharacteristics(Ljava/util/Spliterator;)I @ 14
Event: 2347.863 Thread 0x000000001f597000 Uncommon trap: reason=unstable_if action=reinterpret pc=0x00000000062a193c method=com.android.tools.r8.graph.DexString.slowCompareTo(Lcom/android/tools/r8/graph/DexString;)I @ 136
Event: 2347.937 Thread 0x000000001f597000 Uncommon trap: reason=class_check action=maybe_recompile pc=0x0000000003b0deac method=java.util.stream.StreamOpFlag.fromCharacteristics(Ljava/util/Spliterator;)I @ 14
Event: 2348.041 Thread 0x000000001f597000 Uncommon trap: reason=class_check action=maybe_recompile pc=0x0000000003b0deac method=java.util.stream.StreamOpFlag.fromCharacteristics(Ljava/util/Spliterator;)I @ 14
Event: 2350.536 Thread 0x000000001f597000 Uncommon trap: reason=unstable_if action=reinterpret pc=0x00000000064e3728 method=com.android.tools.r8.ir.conversion.JarSourceCode.buildInstruction(Lcom/android/tools/r8/ir/conversion/IRBuilder;IZ)V @ 359

Classes redefined (0 events):
No events

Internal exceptions (10 events):
Event: 2346.159 Thread 0x000000001f59b000 Exception <a 'sun/nio/fs/WindowsException'> (0x00000000f122c378) thrown at [D:\src\AOSP-openjdk-cygwin\jdk8u\hotspot\src\share\vm\prims\jni.cpp, line 709]
Event: 2346.215 Thread 0x000000001f594000 Exception <a 'sun/nio/fs/WindowsException'> (0x00000000f131c808) thrown at [D:\src\AOSP-openjdk-cygwin\jdk8u\hotspot\src\share\vm\prims\jni.cpp, line 709]
Event: 2346.231 Thread 0x000000001f59b000 Exception <a 'sun/nio/fs/WindowsException'> (0x00000000f1235098) thrown at [D:\src\AOSP-openjdk-cygwin\jdk8u\hotspot\src\share\vm\prims\jni.cpp, line 709]
Event: 2346.325 Thread 0x000000001f594000 Exception <a 'sun/nio/fs/WindowsException'> (0x00000000f1323580) thrown at [D:\src\AOSP-openjdk-cygwin\jdk8u\hotspot\src\share\vm\prims\jni.cpp, line 709]
Event: 2346.400 Thread 0x000000001f59b000 Exception <a 'sun/nio/fs/WindowsException'> (0x00000000f16e5cb8) thrown at [D:\src\AOSP-openjdk-cygwin\jdk8u\hotspot\src\share\vm\prims\jni.cpp, line 709]
Event: 2346.471 Thread 0x000000001f59b000 Exception <a 'sun/nio/fs/WindowsException'> (0x00000000f1762d78) thrown at [D:\src\AOSP-openjdk-cygwin\jdk8u\hotspot\src\share\vm\prims\jni.cpp, line 709]
Event: 2346.483 Thread 0x000000001f597000 Exception <a 'sun/nio/fs/WindowsException'> (0x00000000f18124c0) thrown at [D:\src\AOSP-openjdk-cygwin\jdk8u\hotspot\src\share\vm\prims\jni.cpp, line 709]
Event: 2346.583 Thread 0x000000001f594000 Exception <a 'sun/nio/fs/WindowsException'> (0x00000000f1c9ec38) thrown at [D:\src\AOSP-openjdk-cygwin\jdk8u\hotspot\src\share\vm\prims\jni.cpp, line 709]
Event: 2346.651 Thread 0x000000001f594000 Exception <a 'sun/nio/fs/WindowsException'> (0x00000000f1da8c60) thrown at [D:\src\AOSP-openjdk-cygwin\jdk8u\hotspot\src\share\vm\prims\jni.cpp, line 709]
Event: 2348.127 Thread 0x000000001f59b000 Exception <a 'sun/nio/fs/WindowsException'> (0x00000000e038e0e0) thrown at [D:\src\AOSP-openjdk-cygwin\jdk8u\hotspot\src\share\vm\prims\jni.cpp, line 709]

Events (10 events):
Event: 2350.542 Executing VM operation: Deoptimize
Event: 2350.544 Executing VM operation: Deoptimize done
Event: 2350.547 loading class com/android/tools/r8/it/unimi/dsi/fastutil/ints/Int2ReferenceAVLTreeMap$2
Event: 2350.547 loading class com/android/tools/r8/it/unimi/dsi/fastutil/ints/Int2ReferenceAVLTreeMap$2 done
Event: 2350.550 loading class com/android/tools/r8/it/unimi/dsi/fastutil/ints/Int2ReferenceAVLTreeMap$2$1
Event: 2350.550 loading class com/android/tools/r8/it/unimi/dsi/fastutil/ints/Int2ReferenceAVLTreeMap$2$1 done
Event: 2350.550 loading class com/android/tools/r8/it/unimi/dsi/fastutil/ints/Int2ReferenceAVLTreeMap$EntryIterator
Event: 2350.550 loading class com/android/tools/r8/it/unimi/dsi/fastutil/ints/Int2ReferenceAVLTreeMap$EntryIterator done
Event: 2350.552 loading class com/android/tools/r8/graph/DexDebugEvent$StartLocal
Event: 2350.552 loading class com/android/tools/r8/graph/DexDebugEvent$StartLocal done


Dynamic libraries:
0x00007ff6fffb0000 - 0x00007ff6fffe1000 	C:\Program Files\Android\Android Studio\jre\bin\java.exe
0x00007fffef3e0000 - 0x00007fffef5c1000 	C:\WINDOWS\SYSTEM32\ntdll.dll
0x00007fffecbe0000 - 0x00007fffecc92000 	C:\WINDOWS\System32\KERNEL32.DLL
0x00007fffebcd0000 - 0x00007fffebf43000 	C:\WINDOWS\System32\KERNELBASE.dll
0x00007fffec950000 - 0x00007fffec9f1000 	C:\WINDOWS\System32\ADVAPI32.dll
0x00007fffed2b0000 - 0x00007fffed34e000 	C:\WINDOWS\System32\msvcrt.dll
0x00007fffeda90000 - 0x00007fffedaeb000 	C:\WINDOWS\System32\sechost.dll
0x00007fffed7c0000 - 0x00007fffed8e4000 	C:\WINDOWS\System32\RPCRT4.dll
0x00007fffed8f0000 - 0x00007fffeda80000 	C:\WINDOWS\System32\USER32.dll
0x00007fffebf50000 - 0x00007fffebf70000 	C:\WINDOWS\System32\win32u.dll
0x00007fffedb00000 - 0x00007fffedb28000 	C:\WINDOWS\System32\GDI32.dll
0x00007fffebb30000 - 0x00007fffebcc2000 	C:\WINDOWS\System32\gdi32full.dll
0x00007fffeb8b0000 - 0x00007fffeb94f000 	C:\WINDOWS\System32\msvcp_win.dll
0x00007fffeb7b0000 - 0x00007fffeb8aa000 	C:\WINDOWS\System32\ucrtbase.dll
0x00007fffde720000 - 0x00007fffde989000 	C:\WINDOWS\WinSxS\amd64_microsoft.windows.common-controls_6595b64144ccf1df_6.0.17134.523_none_fb409dd930672a56\COMCTL32.dll
0x00007fffed490000 - 0x00007fffed7b2000 	C:\WINDOWS\System32\combase.dll
0x00007fffebab0000 - 0x00007fffebb2a000 	C:\WINDOWS\System32\bcryptPrimitives.dll
0x00007fffed450000 - 0x00007fffed47d000 	C:\WINDOWS\System32\IMM32.DLL
0x0000000072c90000 - 0x0000000072d62000 	C:\Program Files\Android\Android Studio\jre\jre\bin\msvcr100.dll
0x0000000072d70000 - 0x00000000735b1000 	C:\Program Files\Android\Android Studio\jre\jre\bin\server\jvm.dll
0x00007fffedaf0000 - 0x00007fffedaf8000 	C:\WINDOWS\System32\PSAPI.DLL
0x00007fffe1f00000 - 0x00007fffe1f09000 	C:\WINDOWS\SYSTEM32\WSOCK32.dll
0x00007fffe0c30000 - 0x00007fffe0c3a000 	C:\WINDOWS\SYSTEM32\VERSION.dll
0x00007fffe1550000 - 0x00007fffe1573000 	C:\WINDOWS\SYSTEM32\WINMM.dll
0x00007fffedbe0000 - 0x00007fffedc4c000 	C:\WINDOWS\System32\WS2_32.dll
0x00007fffe1520000 - 0x00007fffe154a000 	C:\WINDOWS\SYSTEM32\winmmbase.dll
0x00007fffeb950000 - 0x00007fffeb999000 	C:\WINDOWS\System32\cfgmgr32.dll
0x00007fffe8580000 - 0x00007fffe858f000 	C:\Program Files\Android\Android Studio\jre\jre\bin\verify.dll
0x00007fffe7630000 - 0x00007fffe7659000 	C:\Program Files\Android\Android Studio\jre\jre\bin\java.dll
0x00007fffe8560000 - 0x00007fffe8576000 	C:\Program Files\Android\Android Studio\jre\jre\bin\zip.dll
0x00007fffeddd0000 - 0x00007fffef210000 	C:\WINDOWS\System32\SHELL32.dll
0x00007fffedb30000 - 0x00007fffedbd9000 	C:\WINDOWS\System32\shcore.dll
0x00007fffebf70000 - 0x00007fffec67d000 	C:\WINDOWS\System32\windows.storage.dll
0x00007fffec8f0000 - 0x00007fffec941000 	C:\WINDOWS\System32\shlwapi.dll
0x00007fffeb790000 - 0x00007fffeb7a1000 	C:\WINDOWS\System32\kernel.appcore.dll
0x00007fffeb750000 - 0x00007fffeb76f000 	C:\WINDOWS\System32\profapi.dll
0x00007fffeb700000 - 0x00007fffeb74c000 	C:\WINDOWS\System32\powrprof.dll
0x00007fffeb6f0000 - 0x00007fffeb6fa000 	C:\WINDOWS\System32\FLTLIB.DLL
0x00007fffe68d0000 - 0x00007fffe68ea000 	C:\Program Files\Android\Android Studio\jre\jre\bin\net.dll
0x00007fffeaf70000 - 0x00007fffeafd6000 	C:\WINDOWS\system32\mswsock.dll
0x00007fffe6570000 - 0x00007fffe6581000 	C:\Program Files\Android\Android Studio\jre\jre\bin\nio.dll
0x00007fffdf6c0000 - 0x00007fffdf6de000 	C:\Users\deg98\.gradle\native\25\windows-amd64\native-platform.dll
0x00007fffe8540000 - 0x00007fffe854d000 	C:\Program Files\Android\Android Studio\jre\jre\bin\management.dll
0x00007fffeb120000 - 0x00007fffeb137000 	C:\WINDOWS\SYSTEM32\CRYPTSP.dll
0x00007fffeab50000 - 0x00007fffeab83000 	C:\WINDOWS\system32\rsaenh.dll
0x00007fffeb250000 - 0x00007fffeb275000 	C:\WINDOWS\SYSTEM32\bcrypt.dll
0x00007fffeb5f0000 - 0x00007fffeb618000 	C:\WINDOWS\SYSTEM32\USERENV.dll
0x00007fffeb140000 - 0x00007fffeb14b000 	C:\WINDOWS\SYSTEM32\CRYPTBASE.dll
0x00007fffeacf0000 - 0x00007fffead28000 	C:\WINDOWS\SYSTEM32\IPHLPAPI.DLL
0x00007fffed480000 - 0x00007fffed488000 	C:\WINDOWS\System32\NSI.dll
0x00007fffe4db0000 - 0x00007fffe4dc6000 	C:\WINDOWS\SYSTEM32\dhcpcsvc6.DLL
0x00007fffe4d80000 - 0x00007fffe4d9a000 	C:\WINDOWS\SYSTEM32\dhcpcsvc.DLL

VM Arguments:
jvm_args: -Xmx1536m -Dfile.encoding=x-windows-949 -Duser.country=KR -Duser.language=ko -Duser.variant 
java_command: org.gradle.launcher.daemon.bootstrap.GradleDaemon 4.6
java_class_path (initial): C:\Users\deg98\.gradle\wrapper\dists\gradle-4.6-all\bcst21l2brirad8k2ben1letg\gradle-4.6\lib\gradle-launcher-4.6.jar
Launcher Type: SUN_STANDARD

Environment Variables:
PATH=C:\Program Files (x86)\Common Files\Oracle\Java\javapath;C:\oraclexe\app\oracle\product\11.2.0\server\bin;C:\ProgramData\Oracle\Java\javapath;C:\WINDOWS\system32;C:\WINDOWS;C:\WINDOWS\System32\Wbem;C:\WINDOWS\System32\WindowsPowerShell\v1.0\;c:\Program Files (x86)\Microsoft SQL Server\100\Tools\Binn\;c:\Program Files\Microsoft SQL Server\100\Tools\Binn\;c:\Program Files\Microsoft SQL Server\100\DTS\Binn\;C:\Program Files\Java\jdk1.8.0_161\bin;C:\WINDOWS\System32\OpenSSH\;C:\Program Files\Git\cmd;C:\Program Files\PuTTY\;C:\Users\deg98\AppData\Local\Programs\Python\Python37-32\Scripts\;C:\Users\deg98\AppData\Local\Programs\Python\Python37-32\;C:\Users\deg98\AppData\Local\Microsoft\WindowsApps;;C:\Users\deg98\AppData\Local\Programs\Microsoft VS Code\bin
USERNAME=deg98
OS=Windows_NT
PROCESSOR_IDENTIFIER=Intel64 Family 6 Model 69 Stepping 1, GenuineIntel



---------------  S Y S T E M  ---------------

OS: Windows 10.0 , 64 bit Build 17134 (10.0.17134.1)

CPU:total 4 (initial active 4) (2 cores per cpu, 2 threads per core) family 6 model 69 stepping 1, cmov, cx8, fxsr, mmx, sse, sse2, sse3, ssse3, sse4.1, sse4.2, popcnt, avx, avx2, aes, clmul, erms, lzcnt, ht, tsc, tscinvbit, bmi1, bmi2

Memory: 4k page, physical 4107072k(233360k free), swap 16689984k(9208k free)

vm_info: OpenJDK 64-Bit Server VM (25.152-b06) for windows-amd64 JRE (1.8.0_152-release-1136-b06), built by "builder" with MS VC++ 10.0 (VS2010)

time: Mon Jan 21 16:17:05 2019
elapsed time: 2351 seconds (0d 0h 39m 11s)

