#
# There is insufficient memory for the Java Runtime Environment to continue.
# Native memory allocation (malloc) failed to allocate 1439056 bytes for Chunk::new
# Possible reasons:
#   The system is out of physical RAM or swap space
#   In 32 bit mode, the process size limit was hit
# Possible solutions:
#   Reduce memory load on the system
#   Increase physical memory or swap space
#   Check if swap backing store is full
#   Use 64 bit Java on a 64 bit OS
#   Decrease Java heap size (-Xmx/-Xms)
#   Decrease number of Java threads
#   Decrease Java thread stack sizes (-Xss)
#   Set larger code cache with -XX:ReservedCodeCacheSize=
# This output file may be truncated or incomplete.
#
#  Out of Memory Error (allocation.cpp:390), pid=21328, tid=0x0000000000003188
#
# JRE version: OpenJDK Runtime Environment (8.0_152-b06) (build 1.8.0_152-release-1136-b06)
# Java VM: OpenJDK 64-Bit Server VM (25.152-b06 mixed mode windows-amd64 compressed oops)
# Failed to write core dump. Minidumps are not enabled by default on client versions of Windows
#

---------------  T H R E A D  ---------------

Current thread (0x00000000167ad800):  JavaThread "C2 CompilerThread0" daemon [_thread_in_native, id=12680, stack(0x0000000018120000,0x0000000018220000)]

Stack: [0x0000000018120000,0x0000000018220000]
[error occurred during error reporting (printing stack bounds), id 0xc0000005]

Native frames: (J=compiled Java code, j=interpreted, Vv=VM code, C=native code)


Current CompileTask:
C2: 209918 12930       4       com.android.tools.r8.ir.regalloc.LinearScanRegisterAllocator::allocateSingleInterval (797 bytes)


---------------  P R O C E S S  ---------------

Java Threads: ( => current thread )
  0x000000001b645000 JavaThread "ForkJoinPool.commonPool-worker-2" daemon [_thread_in_Java, id=1484, stack(0x0000000022fe0000,0x00000000230e0000)]
  0x000000001b644800 JavaThread "ForkJoinPool.commonPool-worker-1" daemon [_thread_in_native, id=21576, stack(0x0000000022ee0000,0x0000000022fe0000)]
  0x000000001b641800 JavaThread "ForkJoinPool.commonPool-worker-0" daemon [_thread_in_native, id=23272, stack(0x0000000022de0000,0x0000000022ee0000)]
  0x000000001b640800 JavaThread "Cache worker for Java compile cache (E:\0_Prography\Android_Study\AndroidProjects\just\.gradle\4.6\javaCompile)" [_thread_blocked, id=17536, stack(0x00000000223e0000,0x00000000224e0000)]
  0x000000001b63f000 JavaThread "Task worker for ':' Thread 3" [_thread_blocked, id=18892, stack(0x00000000220e0000,0x00000000221e0000)]
  0x000000001b63a800 JavaThread "Task worker for ':' Thread 2" [_thread_blocked, id=21016, stack(0x0000000021fe0000,0x00000000220e0000)]
  0x000000001b637800 JavaThread "Task worker for ':'" [_thread_blocked, id=9872, stack(0x0000000021ee0000,0x0000000021fe0000)]
  0x000000001b639000 JavaThread "Cache worker for Build Output Cleanup Cache (E:\0_Prography\Android_Study\AndroidProjects\just\.gradle\buildOutputCleanup)" [_thread_blocked, id=19584, stack(0x0000000021de0000,0x0000000021ee0000)]
  0x000000001b63b000 JavaThread "Cache worker for task history cache (E:\0_Prography\Android_Study\AndroidProjects\just\.gradle\4.6\taskHistory)" [_thread_blocked, id=23244, stack(0x0000000021ce0000,0x0000000021de0000)]
  0x000000001b63d000 JavaThread "Cache worker for file content cache (E:\0_Prography\Android_Study\AndroidProjects\just\.gradle\4.6\fileContent)" [_thread_blocked, id=23064, stack(0x0000000021be0000,0x0000000021ce0000)]
  0x000000001d705000 JavaThread "Memory manager" [_thread_blocked, id=13440, stack(0x0000000020ae0000,0x0000000020be0000)]
  0x000000001d704000 JavaThread "pool-1-thread-1" [_thread_blocked, id=24168, stack(0x00000000207e0000,0x00000000208e0000)]
  0x000000001d705800 JavaThread "Build operations Thread 4" [_thread_blocked, id=25932, stack(0x00000000201e0000,0x00000000202e0000)]
  0x000000001d707000 JavaThread "Build operations Thread 3" [_thread_blocked, id=21300, stack(0x00000000200e0000,0x00000000201e0000)]
  0x000000001d702000 JavaThread "Build operations Thread 2" [_thread_blocked, id=4296, stack(0x000000001ffe0000,0x00000000200e0000)]
  0x000000001d703800 JavaThread "Build operations" [_thread_blocked, id=11840, stack(0x000000001fee0000,0x000000001ffe0000)]
  0x000000001d701000 JavaThread "Cache worker for Artifact transforms cache (C:\Users\deg98\.gradle\caches\transforms-1)" [_thread_blocked, id=13524, stack(0x000000001e140000,0x000000001e240000)]
  0x000000001b13e000 JavaThread "Cache worker for file hash cache (E:\0_Prography\Android_Study\AndroidProjects\just\.gradle\4.6\fileHashes)" [_thread_blocked, id=23924, stack(0x000000001bea0000,0x000000001bfa0000)]
  0x00000000195eb800 JavaThread "File lock request listener" [_thread_in_native, id=25368, stack(0x000000001add0000,0x000000001aed0000)]
  0x0000000018899800 JavaThread "Cache worker for file hash cache (C:\Users\deg98\.gradle\caches\4.6\fileHashes)" [_thread_blocked, id=13844, stack(0x000000001acd0000,0x000000001add0000)]
  0x0000000018b0c000 JavaThread "Asynchronous log dispatcher for DefaultDaemonConnection: socket connection from /127.0.0.1:60838 to /127.0.0.1:60841" [_thread_blocked, id=8860, stack(0x000000001a8d0000,0x000000001a9d0000)]
  0x0000000018b0b000 JavaThread "Daemon worker" [_thread_blocked, id=17688, stack(0x000000001a7d0000,0x000000001a8d0000)]
  0x0000000018b0a000 JavaThread "Cancel handler" [_thread_blocked, id=7588, stack(0x000000001a6d0000,0x000000001a7d0000)]
  0x0000000018a35000 JavaThread "Handler for socket connection from /127.0.0.1:60838 to /127.0.0.1:60841" [_thread_in_native, id=15932, stack(0x000000001a3d0000,0x000000001a4d0000)]
  0x0000000018a34000 JavaThread "Daemon" [_thread_blocked, id=17204, stack(0x000000001a2d0000,0x000000001a3d0000)]
  0x00000000189a1800 JavaThread "Daemon periodic checks" [_thread_blocked, id=16360, stack(0x000000001a1d0000,0x000000001a2d0000)]
  0x0000000018858000 JavaThread "Incoming local TCP Connector on port 60838" [_thread_in_native, id=18924, stack(0x0000000019ff0000,0x000000001a0f0000)]
  0x0000000017b87000 JavaThread "Service Thread" daemon [_thread_blocked, id=9096, stack(0x0000000018420000,0x0000000018520000)]
  0x0000000017b6b000 JavaThread "C1 CompilerThread2" daemon [_thread_blocked, id=17860, stack(0x0000000018320000,0x0000000018420000)]
  0x00000000167fb800 JavaThread "C2 CompilerThread1" daemon [_thread_in_native, id=14740, stack(0x0000000018220000,0x0000000018320000)]
=>0x00000000167ad800 JavaThread "C2 CompilerThread0" daemon [_thread_in_native, id=12680, stack(0x0000000018120000,0x0000000018220000)]
  0x00000000167f8800 JavaThread "Attach Listener" daemon [_thread_blocked, id=5628, stack(0x0000000018020000,0x0000000018120000)]
  0x0000000017b28800 JavaThread "Signal Dispatcher" daemon [_thread_blocked, id=19644, stack(0x0000000017f20000,0x0000000018020000)]
  0x0000000002d6c800 JavaThread "Finalizer" daemon [_thread_blocked, id=26432, stack(0x0000000017a20000,0x0000000017b20000)]
  0x0000000002d61800 JavaThread "Reference Handler" daemon [_thread_blocked, id=8556, stack(0x0000000017920000,0x0000000017a20000)]
  0x0000000002e2e000 JavaThread "main" [_thread_blocked, id=23204, stack(0x0000000002780000,0x0000000002880000)]

Other Threads:
  0x0000000016765800 VMThread [stack: 0x0000000017820000,0x0000000017920000] [id=17292]
  0x0000000017b88000 WatcherThread [stack: 0x0000000018520000,0x0000000018620000] [id=23848]

VM state:not at safepoint (normal execution)

VM Mutex/Monitor currently owned by a thread: None

Heap:
 PSYoungGen      total 197120K, used 39597K [0x00000000e0000000, 0x00000000f1780000, 0x0000000100000000)
  eden space 181760K, 15% used [0x00000000e0000000,0x00000000e1b076c0,0x00000000eb180000)
  from space 15360K, 77% used [0x00000000ed400000,0x00000000edfa3db0,0x00000000ee300000)
  to   space 35328K, 0% used [0x00000000eb180000,0x00000000eb180000,0x00000000ed400000)
 ParOldGen       total 127488K, used 47702K [0x00000000a0000000, 0x00000000a7c80000, 0x00000000e0000000)
  object space 127488K, 37% used [0x00000000a0000000,0x00000000a2e95a50,0x00000000a7c80000)
 Metaspace       used 73726K, capacity 76398K, committed 76672K, reserved 1116160K
  class space    used 9638K, capacity 10240K, committed 10368K, reserved 1048576K

Card table byte_map: [0x00000000121f0000,0x0000000012500000] byte_map_base: 0x0000000011cf0000

Marking Bits: (ParMarkBitMap*) 0x0000000073535aa0
 Begin Bits: [0x0000000012b00000, 0x0000000014300000)
 End Bits:   [0x0000000014300000, 0x0000000015b00000)

Polling page: 0x0000000000fb0000

CodeCache: size=245760Kb used=38009Kb max_used=38009Kb free=207750Kb
 bounds [0x0000000002e30000, 0x0000000005380000, 0x0000000011e30000]
 total_blobs=11873 nmethods=11040 adapters=743
 compilation: enabled

Compilation events (10 events):
Event: 209.814 Thread 0x0000000017b6b000 13100       2       java.util.stream.SliceOps$1$1::accept (52 bytes)
Event: 209.814 Thread 0x0000000017b6b000 nmethod 13100 0x0000000005375890 code [0x0000000005375a00, 0x0000000005375be8]
Event: 209.814 Thread 0x0000000017b6b000 13101       2       com.android.tools.r8.ir.optimize.ConstantCanonicalizer$$Lambda$494/1449695865::accept (12 bytes)
Event: 209.814 Thread 0x0000000017b6b000 nmethod 13101 0x0000000005375c90 code [0x0000000005375e00, 0x0000000005375fc8]
Event: 209.814 Thread 0x0000000017b6b000 13102       2       com.android.tools.r8.it.unimi.dsi.fastutil.objects.Object2ObjectLinkedOpenCustomHashMap$MapEntry::getKey (13 bytes)
Event: 209.815 Thread 0x0000000017b6b000 nmethod 13102 0x0000000005376090 code [0x00000000053761e0, 0x0000000005376350]
Event: 209.815 Thread 0x0000000017b6b000 13103       2       com.android.tools.r8.ir.optimize.ConstantCanonicalizer::insertCanonicalizedConstant (59 bytes)
Event: 209.817 Thread 0x0000000017b6b000 nmethod 13103 0x0000000005376450 code [0x0000000005376660, 0x0000000005376c58]
Event: 209.818 Thread 0x0000000017b6b000 13104       1       com.android.tools.r8.ir.code.Argument::asArgument (2 bytes)
Event: 209.818 Thread 0x0000000017b6b000 nmethod 13104 0x0000000005377290 code [0x00000000053773e0, 0x00000000053774f0]

GC Heap History (10 events):
Event: 75.962 GC heap before
{Heap before GC invocations=18 (full 3):
 PSYoungGen      total 167424K, used 2528K [0x00000000e0000000, 0x00000000ee300000, 0x0000000100000000)
  eden space 152064K, 0% used [0x00000000e0000000,0x00000000e0000000,0x00000000e9480000)
  from space 15360K, 16% used [0x00000000e9480000,0x00000000e96f8000,0x00000000ea380000)
  to   space 15360K, 0% used [0x00000000ed400000,0x00000000ed400000,0x00000000ee300000)
 ParOldGen       total 52224K, used 38632K [0x00000000a0000000, 0x00000000a3300000, 0x00000000e0000000)
  object space 52224K, 73% used [0x00000000a0000000,0x00000000a25ba300,0x00000000a3300000)
 Metaspace       used 57166K, capacity 58878K, committed 59008K, reserved 1099776K
  class space    used 7778K, capacity 8240K, committed 8320K, reserved 1048576K
Event: 77.089 GC heap after
Heap after GC invocations=18 (full 3):
 PSYoungGen      total 167424K, used 0K [0x00000000e0000000, 0x00000000ee300000, 0x0000000100000000)
  eden space 152064K, 0% used [0x00000000e0000000,0x00000000e0000000,0x00000000e9480000)
  from space 15360K, 0% used [0x00000000e9480000,0x00000000e9480000,0x00000000ea380000)
  to   space 15360K, 0% used [0x00000000ed400000,0x00000000ed400000,0x00000000ee300000)
 ParOldGen       total 87040K, used 34420K [0x00000000a0000000, 0x00000000a5500000, 0x00000000e0000000)
  object space 87040K, 39% used [0x00000000a0000000,0x00000000a219d340,0x00000000a5500000)
 Metaspace       used 57166K, capacity 58878K, committed 59008K, reserved 1099776K
  class space    used 7778K, capacity 8240K, committed 8320K, reserved 1048576K
}
Event: 105.213 GC heap before
{Heap before GC invocations=19 (full 3):
 PSYoungGen      total 167424K, used 152064K [0x00000000e0000000, 0x00000000ee300000, 0x0000000100000000)
  eden space 152064K, 100% used [0x00000000e0000000,0x00000000e9480000,0x00000000e9480000)
  from space 15360K, 0% used [0x00000000e9480000,0x00000000e9480000,0x00000000ea380000)
  to   space 15360K, 0% used [0x00000000ed400000,0x00000000ed400000,0x00000000ee300000)
 ParOldGen       total 87040K, used 34420K [0x00000000a0000000, 0x00000000a5500000, 0x00000000e0000000)
  object space 87040K, 39% used [0x00000000a0000000,0x00000000a219d340,0x00000000a5500000)
 Metaspace       used 62284K, capacity 64118K, committed 64384K, reserved 1105920K
  class space    used 8331K, capacity 8794K, committed 8832K, reserved 1048576K
Event: 105.378 GC heap after
Heap after GC invocations=19 (full 3):
 PSYoungGen      total 201728K, used 15345K [0x00000000e0000000, 0x00000000ee900000, 0x0000000100000000)
  eden space 186368K, 0% used [0x00000000e0000000,0x00000000e0000000,0x00000000eb600000)
  from space 15360K, 99% used [0x00000000ed400000,0x00000000ee2fc510,0x00000000ee300000)
  to   space 26112K, 0% used [0x00000000eb600000,0x00000000eb600000,0x00000000ecf80000)
 ParOldGen       total 87040K, used 57398K [0x00000000a0000000, 0x00000000a5500000, 0x00000000e0000000)
  object space 87040K, 65% used [0x00000000a0000000,0x00000000a380d850,0x00000000a5500000)
 Metaspace       used 62284K, capacity 64118K, committed 64384K, reserved 1105920K
  class space    used 8331K, capacity 8794K, committed 8832K, reserved 1048576K
}
Event: 189.816 GC heap before
{Heap before GC invocations=20 (full 3):
 PSYoungGen      total 201728K, used 201713K [0x00000000e0000000, 0x00000000ee900000, 0x0000000100000000)
  eden space 186368K, 100% used [0x00000000e0000000,0x00000000eb600000,0x00000000eb600000)
  from space 15360K, 99% used [0x00000000ed400000,0x00000000ee2fc510,0x00000000ee300000)
  to   space 26112K, 0% used [0x00000000eb600000,0x00000000eb600000,0x00000000ecf80000)
 ParOldGen       total 87040K, used 57398K [0x00000000a0000000, 0x00000000a5500000, 0x00000000e0000000)
  object space 87040K, 65% used [0x00000000a0000000,0x00000000a380d850,0x00000000a5500000)
 Metaspace       used 66071K, capacity 68168K, committed 68480K, reserved 1107968K
  class space    used 8723K, capacity 9238K, committed 9344K, reserved 1048576K
Event: 190.905 GC heap after
Heap after GC invocations=20 (full 3):
 PSYoungGen      total 212480K, used 26097K [0x00000000e0000000, 0x00000000ee900000, 0x0000000100000000)
  eden space 186368K, 0% used [0x00000000e0000000,0x00000000e0000000,0x00000000eb600000)
  from space 26112K, 99% used [0x00000000eb600000,0x00000000ecf7c448,0x00000000ecf80000)
  to   space 15360K, 0% used [0x00000000ed400000,0x00000000ed400000,0x00000000ee300000)
 ParOldGen       total 87040K, used 76857K [0x00000000a0000000, 0x00000000a5500000, 0x00000000e0000000)
  object space 87040K, 88% used [0x00000000a0000000,0x00000000a4b0e730,0x00000000a5500000)
 Metaspace       used 66071K, capacity 68168K, committed 68480K, reserved 1107968K
  class space    used 8723K, capacity 9238K, committed 9344K, reserved 1048576K
}
Event: 190.905 GC heap before
{Heap before GC invocations=21 (full 4):
 PSYoungGen      total 212480K, used 26097K [0x00000000e0000000, 0x00000000ee900000, 0x0000000100000000)
  eden space 186368K, 0% used [0x00000000e0000000,0x00000000e0000000,0x00000000eb600000)
  from space 26112K, 99% used [0x00000000eb600000,0x00000000ecf7c448,0x00000000ecf80000)
  to   space 15360K, 0% used [0x00000000ed400000,0x00000000ed400000,0x00000000ee300000)
 ParOldGen       total 87040K, used 76857K [0x00000000a0000000, 0x00000000a5500000, 0x00000000e0000000)
  object space 87040K, 88% used [0x00000000a0000000,0x00000000a4b0e730,0x00000000a5500000)
 Metaspace       used 66071K, capacity 68168K, committed 68480K, reserved 1107968K
  class space    used 8723K, capacity 9238K, committed 9344K, reserved 1048576K
Event: 192.188 GC heap after
Heap after GC invocations=21 (full 4):
 PSYoungGen      total 212480K, used 0K [0x00000000e0000000, 0x00000000ee900000, 0x0000000100000000)
  eden space 186368K, 0% used [0x00000000e0000000,0x00000000e0000000,0x00000000eb600000)
  from space 26112K, 0% used [0x00000000eb600000,0x00000000eb600000,0x00000000ecf80000)
  to   space 15360K, 0% used [0x00000000ed400000,0x00000000ed400000,0x00000000ee300000)
 ParOldGen       total 127488K, used 47694K [0x00000000a0000000, 0x00000000a7c80000, 0x00000000e0000000)
  object space 127488K, 37% used [0x00000000a0000000,0x00000000a2e93a50,0x00000000a7c80000)
 Metaspace       used 65388K, capacity 67376K, committed 68480K, reserved 1107968K
  class space    used 8647K, capacity 9151K, committed 9344K, reserved 1048576K
}
Event: 208.792 GC heap before
{Heap before GC invocations=22 (full 4):
 PSYoungGen      total 212480K, used 186368K [0x00000000e0000000, 0x00000000ee900000, 0x0000000100000000)
  eden space 186368K, 100% used [0x00000000e0000000,0x00000000eb600000,0x00000000eb600000)
  from space 26112K, 0% used [0x00000000eb600000,0x00000000eb600000,0x00000000ecf80000)
  to   space 15360K, 0% used [0x00000000ed400000,0x00000000ed400000,0x00000000ee300000)
 ParOldGen       total 127488K, used 47694K [0x00000000a0000000, 0x00000000a7c80000, 0x00000000e0000000)
  object space 127488K, 37% used [0x00000000a0000000,0x00000000a2e93a50,0x00000000a7c80000)
 Metaspace       used 73621K, capacity 76298K, committed 76544K, reserved 1116160K
  class space    used 9624K, capacity 10208K, committed 10240K, reserved 1048576K
Event: 208.897 GC heap after
Heap after GC invocations=22 (full 4):
 PSYoungGen      total 197120K, used 11919K [0x00000000e0000000, 0x00000000f1780000, 0x0000000100000000)
  eden space 181760K, 0% used [0x00000000e0000000,0x00000000e0000000,0x00000000eb180000)
  from space 15360K, 77% used [0x00000000ed400000,0x00000000edfa3db0,0x00000000ee300000)
  to   space 35328K, 0% used [0x00000000eb180000,0x00000000eb180000,0x00000000ed400000)
 ParOldGen       total 127488K, used 47702K [0x00000000a0000000, 0x00000000a7c80000, 0x00000000e0000000)
  object space 127488K, 37% used [0x00000000a0000000,0x00000000a2e95a50,0x00000000a7c80000)
 Metaspace       used 73621K, capacity 76298K, committed 76544K, reserved 1116160K
  class space    used 9624K, capacity 10208K, committed 10240K, reserved 1048576K
}

Deoptimization events (10 events):
Event: 208.616 Thread 0x000000001b645000 Uncommon trap: reason=unstable_if action=reinterpret pc=0x0000000004da7fc4 method=com.android.tools.r8.com.google.common.collect.ImmutableSet.construct(I[Ljava/lang/Object;)Lcom/android/tools/r8/com/google/common/collect/ImmutableSet; @ 215
Event: 208.747 Thread 0x000000001b645000 Uncommon trap: reason=unstable_if action=reinterpret pc=0x0000000004fe86a0 method=com.android.tools.r8.org.objectweb.asm.ClassReader.readUTF(II[C)Ljava/lang/String; @ 77
Event: 208.747 Thread 0x000000001b645000 Uncommon trap: reason=unstable_if action=reinterpret pc=0x00000000039622bc method=com.android.tools.r8.org.objectweb.asm.ClassReader.readUTF(II[C)Ljava/lang/String; @ 77
Event: 208.753 Thread 0x000000001b645000 Uncommon trap: reason=unstable_if action=reinterpret pc=0x0000000004ff10a4 method=com.android.tools.r8.graph.DexString.countBytes(Ljava/lang/String;)I @ 25
Event: 208.753 Thread 0x000000001b645000 Uncommon trap: reason=unstable_if action=reinterpret pc=0x0000000004f16890 method=com.android.tools.r8.graph.DexString.countBytes(Ljava/lang/String;)I @ 25
Event: 208.753 Thread 0x000000001b645000 Uncommon trap: reason=unstable_if action=reinterpret pc=0x00000000046e1410 method=com.android.tools.r8.graph.DexString.countBytes(Ljava/lang/String;)I @ 25
Event: 208.753 Thread 0x000000001b645000 Uncommon trap: reason=unstable_if action=reinterpret pc=0x00000000040da36c method=com.android.tools.r8.graph.DexString.countBytes(Ljava/lang/String;)I @ 25
Event: 208.754 Thread 0x000000001b645000 Uncommon trap: reason=unstable_if action=reinterpret pc=0x00000000052ea558 method=com.android.tools.r8.ir.optimize.CodeRewriter.allowNewFilledArrayConstruction(Lcom/android/tools/r8/ir/code/Instruction;)Z @ 94
Event: 208.754 Thread 0x000000001b645000 Uncommon trap: reason=unstable_if action=reinterpret pc=0x00000000047b8f38 method=com.android.tools.r8.graph.DexString.decode()Ljava/lang/String; @ 53
Event: 209.583 Thread 0x000000001b645000 Uncommon trap: reason=range_check action=make_not_entrant pc=0x00000000050e5754 method=com.android.tools.r8.org.objectweb.asm.Type.getType([CI)Lcom/android/tools/r8/org/objectweb/asm/Type; @ 2

Classes redefined (0 events):
No events

Internal exceptions (10 events):
Event: 206.825 Thread 0x000000001b644800 Exception <a 'sun/nio/fs/WindowsException'> (0x00000000e76a3770) thrown at [D:\src\AOSP-openjdk-cygwin\jdk8u\hotspot\src\share\vm\prims\jni.cpp, line 709]
Event: 207.033 Thread 0x000000001b644800 Exception <a 'sun/nio/fs/WindowsException'> (0x00000000e96a0b28) thrown at [D:\src\AOSP-openjdk-cygwin\jdk8u\hotspot\src\share\vm\prims\jni.cpp, line 709]
Event: 207.495 Thread 0x000000001b645000 Implicit null exception at 0x0000000002fc8fd1 to 0x0000000002fc8ffd
Event: 207.684 Thread 0x000000001b644800 Exception <a 'sun/nio/fs/WindowsException'> (0x00000000e96a9060) thrown at [D:\src\AOSP-openjdk-cygwin\jdk8u\hotspot\src\share\vm\prims\jni.cpp, line 709]
Event: 208.008 Thread 0x000000001b644800 Exception <a 'sun/nio/fs/WindowsException'> (0x00000000e96b1ca0) thrown at [D:\src\AOSP-openjdk-cygwin\jdk8u\hotspot\src\share\vm\prims\jni.cpp, line 709]
Event: 208.436 Thread 0x000000001b644800 Exception <a 'sun/nio/fs/WindowsException'> (0x00000000e96b6ee0) thrown at [D:\src\AOSP-openjdk-cygwin\jdk8u\hotspot\src\share\vm\prims\jni.cpp, line 709]
Event: 209.062 Thread 0x000000001b644800 Exception <a 'sun/nio/fs/WindowsException'> (0x00000000e0252628) thrown at [D:\src\AOSP-openjdk-cygwin\jdk8u\hotspot\src\share\vm\prims\jni.cpp, line 709]
Event: 209.280 Thread 0x000000001b644800 Exception <a 'sun/nio/fs/WindowsException'> (0x00000000e0257858) thrown at [D:\src\AOSP-openjdk-cygwin\jdk8u\hotspot\src\share\vm\prims\jni.cpp, line 709]
Event: 209.423 Thread 0x000000001b644800 Exception <a 'sun/nio/fs/WindowsException'> (0x00000000e025c930) thrown at [D:\src\AOSP-openjdk-cygwin\jdk8u\hotspot\src\share\vm\prims\jni.cpp, line 709]
Event: 209.670 Thread 0x000000001b644800 Exception <a 'sun/nio/fs/WindowsException'> (0x00000000e0261ca0) thrown at [D:\src\AOSP-openjdk-cygwin\jdk8u\hotspot\src\share\vm\prims\jni.cpp, line 709]

Events (10 events):
Event: 209.822 Thread 0x000000001b645000 DEOPT PACKING pc=0x00000000052bc14b sp=0x00000000230ddb30
Event: 209.822 Thread 0x000000001b645000 DEOPT UNPACKING pc=0x0000000002e775d0 sp=0x00000000230dd838 mode 0
Event: 209.822 Thread 0x000000001b645000 DEOPT PACKING pc=0x00000000052bc14b sp=0x00000000230ddb30
Event: 209.822 Thread 0x000000001b645000 DEOPT UNPACKING pc=0x0000000002e775d0 sp=0x00000000230dd838 mode 0
Event: 209.823 Thread 0x000000001b645000 DEOPT PACKING pc=0x00000000052bc14b sp=0x00000000230ddb30
Event: 209.823 Thread 0x000000001b645000 DEOPT UNPACKING pc=0x0000000002e775d0 sp=0x00000000230dd838 mode 0
Event: 209.823 Thread 0x000000001b645000 DEOPT PACKING pc=0x00000000052bc14b sp=0x00000000230ddb30
Event: 209.823 Thread 0x000000001b645000 DEOPT UNPACKING pc=0x0000000002e775d0 sp=0x00000000230dd838 mode 0
Event: 209.823 Thread 0x000000001b645000 DEOPT PACKING pc=0x00000000052bc14b sp=0x00000000230ddb30
Event: 209.823 Thread 0x000000001b645000 DEOPT UNPACKING pc=0x0000000002e775d0 sp=0x00000000230dd838 mode 0


Dynamic libraries:
0x00007ff6fffb0000 - 0x00007ff6fffe1000 	C:\Program Files\Android\Android Studio\jre\bin\java.exe
0x00007fffef3e0000 - 0x00007fffef5c1000 	C:\WINDOWS\SYSTEM32\ntdll.dll
0x00007fffecbe0000 - 0x00007fffecc92000 	C:\WINDOWS\System32\KERNEL32.DLL
0x00007fffebcd0000 - 0x00007fffebf43000 	C:\WINDOWS\System32\KERNELBASE.dll
0x00007fffec950000 - 0x00007fffec9f1000 	C:\WINDOWS\System32\ADVAPI32.dll
0x00007fffed2b0000 - 0x00007fffed34e000 	C:\WINDOWS\System32\msvcrt.dll
0x00007fffeda90000 - 0x00007fffedaeb000 	C:\WINDOWS\System32\sechost.dll
0x00007fffed7c0000 - 0x00007fffed8e4000 	C:\WINDOWS\System32\RPCRT4.dll
0x00007fffed8f0000 - 0x00007fffeda80000 	C:\WINDOWS\System32\USER32.dll
0x00007fffebf50000 - 0x00007fffebf70000 	C:\WINDOWS\System32\win32u.dll
0x00007fffedb00000 - 0x00007fffedb28000 	C:\WINDOWS\System32\GDI32.dll
0x00007fffebb30000 - 0x00007fffebcc2000 	C:\WINDOWS\System32\gdi32full.dll
0x00007fffeb8b0000 - 0x00007fffeb94f000 	C:\WINDOWS\System32\msvcp_win.dll
0x00007fffeb7b0000 - 0x00007fffeb8aa000 	C:\WINDOWS\System32\ucrtbase.dll
0x00007fffde720000 - 0x00007fffde989000 	C:\WINDOWS\WinSxS\amd64_microsoft.windows.common-controls_6595b64144ccf1df_6.0.17134.523_none_fb409dd930672a56\COMCTL32.dll
0x00007fffed490000 - 0x00007fffed7b2000 	C:\WINDOWS\System32\combase.dll
0x00007fffebab0000 - 0x00007fffebb2a000 	C:\WINDOWS\System32\bcryptPrimitives.dll
0x00007fffed450000 - 0x00007fffed47d000 	C:\WINDOWS\System32\IMM32.DLL
0x0000000073d20000 - 0x0000000073df2000 	C:\Program Files\Android\Android Studio\jre\jre\bin\msvcr100.dll
0x0000000072d70000 - 0x00000000735b1000 	C:\Program Files\Android\Android Studio\jre\jre\bin\server\jvm.dll
0x00007fffedaf0000 - 0x00007fffedaf8000 	C:\WINDOWS\System32\PSAPI.DLL
0x00007fffe1550000 - 0x00007fffe1573000 	C:\WINDOWS\SYSTEM32\WINMM.dll
0x00007fffe0c30000 - 0x00007fffe0c3a000 	C:\WINDOWS\SYSTEM32\VERSION.dll
0x00007fffe1520000 - 0x00007fffe154a000 	C:\WINDOWS\SYSTEM32\WINMMBASE.dll
0x00007fffeb950000 - 0x00007fffeb999000 	C:\WINDOWS\System32\cfgmgr32.dll
0x00007fffe1f00000 - 0x00007fffe1f09000 	C:\WINDOWS\SYSTEM32\WSOCK32.dll
0x00007fffedbe0000 - 0x00007fffedc4c000 	C:\WINDOWS\System32\WS2_32.dll
0x00007fffe8580000 - 0x00007fffe858f000 	C:\Program Files\Android\Android Studio\jre\jre\bin\verify.dll
0x00007fffe7630000 - 0x00007fffe7659000 	C:\Program Files\Android\Android Studio\jre\jre\bin\java.dll
0x00007fffe8560000 - 0x00007fffe8576000 	C:\Program Files\Android\Android Studio\jre\jre\bin\zip.dll
0x00007fffeddd0000 - 0x00007fffef210000 	C:\WINDOWS\System32\SHELL32.dll
0x00007fffedb30000 - 0x00007fffedbd9000 	C:\WINDOWS\System32\shcore.dll
0x00007fffebf70000 - 0x00007fffec67d000 	C:\WINDOWS\System32\windows.storage.dll
0x00007fffec8f0000 - 0x00007fffec941000 	C:\WINDOWS\System32\shlwapi.dll
0x00007fffeb790000 - 0x00007fffeb7a1000 	C:\WINDOWS\System32\kernel.appcore.dll
0x00007fffeb750000 - 0x00007fffeb76f000 	C:\WINDOWS\System32\profapi.dll
0x00007fffeb700000 - 0x00007fffeb74c000 	C:\WINDOWS\System32\powrprof.dll
0x00007fffeb6f0000 - 0x00007fffeb6fa000 	C:\WINDOWS\System32\FLTLIB.DLL
0x00007fffe68d0000 - 0x00007fffe68ea000 	C:\Program Files\Android\Android Studio\jre\jre\bin\net.dll
0x00007fffeaf70000 - 0x00007fffeafd6000 	C:\WINDOWS\system32\mswsock.dll
0x00007fffe6570000 - 0x00007fffe6581000 	C:\Program Files\Android\Android Studio\jre\jre\bin\nio.dll
0x00007fffdf6c0000 - 0x00007fffdf6de000 	C:\Users\deg98\.gradle\native\25\windows-amd64\native-platform.dll
0x00007fffe8540000 - 0x00007fffe854d000 	C:\Program Files\Android\Android Studio\jre\jre\bin\management.dll
0x00007fffeb120000 - 0x00007fffeb137000 	C:\WINDOWS\SYSTEM32\CRYPTSP.dll
0x00007fffeab50000 - 0x00007fffeab83000 	C:\WINDOWS\system32\rsaenh.dll
0x00007fffeb250000 - 0x00007fffeb275000 	C:\WINDOWS\SYSTEM32\bcrypt.dll
0x00007fffeb5f0000 - 0x00007fffeb618000 	C:\WINDOWS\SYSTEM32\USERENV.dll
0x00007fffeb140000 - 0x00007fffeb14b000 	C:\WINDOWS\SYSTEM32\CRYPTBASE.dll
0x00007fffeacf0000 - 0x00007fffead28000 	C:\WINDOWS\SYSTEM32\IPHLPAPI.DLL
0x00007fffed480000 - 0x00007fffed488000 	C:\WINDOWS\System32\NSI.dll
0x00007fffe4db0000 - 0x00007fffe4dc6000 	C:\WINDOWS\SYSTEM32\dhcpcsvc6.DLL
0x00007fffe4d80000 - 0x00007fffe4d9a000 	C:\WINDOWS\SYSTEM32\dhcpcsvc.DLL

VM Arguments:
jvm_args: -Xmx1536m -Dfile.encoding=x-windows-949 -Duser.country=KR -Duser.language=ko -Duser.variant 
java_command: org.gradle.launcher.daemon.bootstrap.GradleDaemon 4.6
java_class_path (initial): C:\Users\deg98\.gradle\wrapper\dists\gradle-4.6-all\bcst21l2brirad8k2ben1letg\gradle-4.6\lib\gradle-launcher-4.6.jar
Launcher Type: SUN_STANDARD

Environment Variables:
PATH=C:\Program Files (x86)\Common Files\Oracle\Java\javapath;C:\oraclexe\app\oracle\product\11.2.0\server\bin;C:\ProgramData\Oracle\Java\javapath;C:\WINDOWS\system32;C:\WINDOWS;C:\WINDOWS\System32\Wbem;C:\WINDOWS\System32\WindowsPowerShell\v1.0\;c:\Program Files (x86)\Microsoft SQL Server\100\Tools\Binn\;c:\Program Files\Microsoft SQL Server\100\Tools\Binn\;c:\Program Files\Microsoft SQL Server\100\DTS\Binn\;C:\Program Files\Java\jdk1.8.0_161\bin;C:\WINDOWS\System32\OpenSSH\;C:\Program Files\Git\cmd;C:\Program Files\PuTTY\;C:\Users\deg98\AppData\Local\Programs\Python\Python37-32\Scripts\;C:\Users\deg98\AppData\Local\Programs\Python\Python37-32\;C:\Users\deg98\AppData\Local\Microsoft\WindowsApps;;C:\Users\deg98\AppData\Local\Programs\Microsoft VS Code\bin
USERNAME=deg98
OS=Windows_NT
PROCESSOR_IDENTIFIER=Intel64 Family 6 Model 69 Stepping 1, GenuineIntel



---------------  S Y S T E M  ---------------

OS: Windows 10.0 , 64 bit Build 17134 (10.0.17134.1)

CPU:total 4 (initial active 4) (2 cores per cpu, 2 threads per core) family 6 model 69 stepping 1, cmov, cx8, fxsr, mmx, sse, sse2, sse3, ssse3, sse4.1, sse4.2, popcnt, avx, avx2, aes, clmul, erms, lzcnt, ht, tsc, tscinvbit, bmi1, bmi2

Memory: 4k page, physical 4107072k(336156k free), swap 16689984k(8020k free)

vm_info: OpenJDK 64-Bit Server VM (25.152-b06) for windows-amd64 JRE (1.8.0_152-release-1136-b06), built by "builder" with MS VC++ 10.0 (VS2010)

time: Mon Jan 21 16:23:11 2019
elapsed time: 209 seconds (0d 0h 3m 29s)

