#
# There is insufficient memory for the Java Runtime Environment to continue.
# Native memory allocation (malloc) failed to allocate 169360 bytes for Chunk::new
# Possible reasons:
#   The system is out of physical RAM or swap space
#   In 32 bit mode, the process size limit was hit
# Possible solutions:
#   Reduce memory load on the system
#   Increase physical memory or swap space
#   Check if swap backing store is full
#   Use 64 bit Java on a 64 bit OS
#   Decrease Java heap size (-Xmx/-Xms)
#   Decrease number of Java threads
#   Decrease Java thread stack sizes (-Xss)
#   Set larger code cache with -XX:ReservedCodeCacheSize=
# This output file may be truncated or incomplete.
#
#  Out of Memory Error (allocation.cpp:390), pid=6428, tid=0x0000000000000754
#
# JRE version: OpenJDK Runtime Environment (8.0_152-b06) (build 1.8.0_152-release-1136-b06)
# Java VM: OpenJDK 64-Bit Server VM (25.152-b06 mixed mode windows-amd64 compressed oops)
# Failed to write core dump. Minidumps are not enabled by default on client versions of Windows
#

---------------  T H R E A D  ---------------

Current thread (0x000000001659d800):  JavaThread "C2 CompilerThread0" daemon [_thread_in_native, id=1876, stack(0x0000000017f70000,0x0000000018070000)]

Stack: [0x0000000017f70000,0x0000000018070000]
[error occurred during error reporting (printing stack bounds), id 0xc0000005]

Native frames: (J=compiled Java code, j=interpreted, Vv=VM code, C=native code)


Current CompileTask:
C2:  96683 7664 % !   4       com.android.ide.common.resources.DataMerger::mergeData @ 247 (611 bytes)


---------------  P R O C E S S  ---------------

Java Threads: ( => current thread )
  0x000000001bf22800 JavaThread "MarlinRenderer Disposer" daemon [_thread_blocked, id=14472, stack(0x0000000023920000,0x0000000023a20000)]
  0x0000000018d17000 JavaThread "Java2D Disposer" daemon [_thread_blocked, id=6544, stack(0x0000000023810000,0x0000000023910000)]
  0x000000001ae5f000 JavaThread "ForkJoinPool.commonPool-worker-3" daemon [_thread_in_native, id=7052, stack(0x0000000023510000,0x0000000023610000)]
  0x000000001ae5e000 JavaThread "ForkJoinPool.commonPool-worker-2" daemon [_thread_in_native, id=1084, stack(0x0000000023410000,0x0000000023510000)]
  0x000000001ae5d800 JavaThread "ForkJoinPool.commonPool-worker-1" daemon [_thread_in_native, id=12664, stack(0x0000000023310000,0x0000000023410000)]
  0x000000001ae5f800 JavaThread "Task worker for ':' Thread 3" [_thread_blocked, id=6520, stack(0x0000000022c50000,0x0000000022d50000)]
  0x000000001ae5c800 JavaThread "Task worker for ':' Thread 2" [_thread_blocked, id=15600, stack(0x0000000022b50000,0x0000000022c50000)]
  0x000000001ae53800 JavaThread "Task worker for ':'" [_thread_in_native, id=16180, stack(0x0000000022a50000,0x0000000022b50000)]
  0x000000001ae5a800 JavaThread "Cache worker for Build Output Cleanup Cache (E:\0_Prography\Android_Study\AndroidProjects\just\.gradle\buildOutputCleanup)" [_thread_blocked, id=13924, stack(0x0000000022950000,0x0000000022a50000)]
  0x000000001ae53000 JavaThread "Cache worker for task history cache (E:\0_Prography\Android_Study\AndroidProjects\just\.gradle\4.6\taskHistory)" [_thread_blocked, id=15536, stack(0x00000000225a0000,0x00000000226a0000)]
  0x000000001ae59800 JavaThread "Cache worker for file content cache (E:\0_Prography\Android_Study\AndroidProjects\just\.gradle\4.6\fileContent)" [_thread_blocked, id=11596, stack(0x0000000021850000,0x0000000021950000)]
  0x000000001ae57800 JavaThread "Memory manager" [_thread_blocked, id=5504, stack(0x0000000021750000,0x0000000021850000)]
  0x000000001ae56000 JavaThread "pool-1-thread-1" [_thread_blocked, id=9660, stack(0x0000000021450000,0x0000000021550000)]
  0x0000000018d15800 JavaThread "Build operations Thread 4" [_thread_blocked, id=14248, stack(0x000000001ff30000,0x0000000020030000)]
  0x0000000018d14000 JavaThread "Build operations Thread 3" [_thread_blocked, id=13636, stack(0x000000001fe30000,0x000000001ff30000)]
  0x0000000018d16800 JavaThread "Build operations Thread 2" [_thread_blocked, id=5224, stack(0x000000001fd30000,0x000000001fe30000)]
  0x0000000018d12800 JavaThread "Build operations" [_thread_blocked, id=10320, stack(0x000000001fc30000,0x000000001fd30000)]
  0x0000000018d15000 JavaThread "Cache worker for Artifact transforms cache (C:\Users\deg98\.gradle\caches\transforms-1)" [_thread_blocked, id=12240, stack(0x000000001f610000,0x000000001f710000)]
  0x000000001949c000 JavaThread "Cache worker for file hash cache (E:\0_Prography\Android_Study\AndroidProjects\just\.gradle\4.6\fileHashes)" [_thread_blocked, id=4780, stack(0x000000001bcf0000,0x000000001bdf0000)]
  0x00000000193b5800 JavaThread "File lock request listener" [_thread_in_native, id=5808, stack(0x000000001ac20000,0x000000001ad20000)]
  0x00000000188e7800 JavaThread "Cache worker for file hash cache (C:\Users\deg98\.gradle\caches\4.6\fileHashes)" [_thread_blocked, id=12068, stack(0x000000001ab20000,0x000000001ac20000)]
  0x0000000019361800 JavaThread "Asynchronous log dispatcher for DefaultDaemonConnection: socket connection from /127.0.0.1:53549 to /127.0.0.1:53550" [_thread_blocked, id=14356, stack(0x000000001a720000,0x000000001a820000)]
  0x00000000193bc000 JavaThread "Daemon worker" [_thread_blocked, id=14616, stack(0x000000001a620000,0x000000001a720000)]
  0x0000000017b58800 JavaThread "Cancel handler" [_thread_blocked, id=14892, stack(0x000000001a520000,0x000000001a620000)]
  0x00000000187ce000 JavaThread "Handler for socket connection from /127.0.0.1:53549 to /127.0.0.1:53550" [_thread_in_native, id=12412, stack(0x000000001a220000,0x000000001a320000)]
  0x0000000018cfd000 JavaThread "Daemon" [_thread_blocked, id=6584, stack(0x000000001a120000,0x000000001a220000)]
  0x0000000019558800 JavaThread "Daemon periodic checks" [_thread_blocked, id=10756, stack(0x000000001a020000,0x000000001a120000)]
  0x0000000019324000 JavaThread "Incoming local TCP Connector on port 53549" [_thread_in_native, id=11948, stack(0x0000000019e40000,0x0000000019f40000)]
  0x00000000179f4000 JavaThread "Service Thread" daemon [_thread_blocked, id=8776, stack(0x0000000018270000,0x0000000018370000)]
  0x0000000017984000 JavaThread "C1 CompilerThread2" daemon [_thread_in_native, id=4516, stack(0x0000000018170000,0x0000000018270000)]
  0x00000000165ec000 JavaThread "C2 CompilerThread1" daemon [_thread_in_native, id=11832, stack(0x0000000018070000,0x0000000018170000)]
=>0x000000001659d800 JavaThread "C2 CompilerThread0" daemon [_thread_in_native, id=1876, stack(0x0000000017f70000,0x0000000018070000)]
  0x00000000165e8800 JavaThread "Attach Listener" daemon [_thread_blocked, id=6476, stack(0x0000000017e70000,0x0000000017f70000)]
  0x0000000017978800 JavaThread "Signal Dispatcher" daemon [_thread_blocked, id=15112, stack(0x0000000017d70000,0x0000000017e70000)]
  0x0000000002c1c800 JavaThread "Finalizer" daemon [_thread_blocked, id=6912, stack(0x00000000177e0000,0x00000000178e0000)]
  0x0000000002c11800 JavaThread "Reference Handler" daemon [_thread_blocked, id=13752, stack(0x00000000176e0000,0x00000000177e0000)]
  0x0000000002a1e000 JavaThread "main" [_thread_blocked, id=8124, stack(0x0000000002a20000,0x0000000002b20000)]

Other Threads:
  0x0000000016555800 VMThread [stack: 0x00000000175e0000,0x00000000176e0000] [id=12732]
  0x00000000179f5000 WatcherThread [stack: 0x0000000018370000,0x0000000018470000] [id=7480]

VM state:not at safepoint (normal execution)

VM Mutex/Monitor currently owned by a thread:  ([mutex/lock_event])
[0x0000000002a1c610] CodeCache_lock - owner thread: 0x0000000000000000

Heap:
 PSYoungGen      total 183808K, used 7942K [0x00000000e0000000, 0x00000000f0900000, 0x0000000100000000)
  eden space 163840K, 4% used [0x00000000e0000000,0x00000000e07c1860,0x00000000ea000000)
  from space 19968K, 0% used [0x00000000ea000000,0x00000000ea000000,0x00000000eb380000)
  to   space 20480K, 0% used [0x00000000ef500000,0x00000000ef500000,0x00000000f0900000)
 ParOldGen       total 59904K, used 43288K [0x00000000a0000000, 0x00000000a3a80000, 0x00000000e0000000)
  object space 59904K, 72% used [0x00000000a0000000,0x00000000a2a46390,0x00000000a3a80000)
 Metaspace       used 59385K, capacity 61146K, committed 61440K, reserved 1101824K
  class space    used 7926K, capacity 8374K, committed 8448K, reserved 1048576K

Card table byte_map: [0x0000000011fe0000,0x00000000122f0000] byte_map_base: 0x0000000011ae0000

Marking Bits: (ParMarkBitMap*) 0x0000000065785aa0
 Begin Bits: [0x00000000128f0000, 0x00000000140f0000)
 End Bits:   [0x00000000140f0000, 0x00000000158f0000)

Polling page: 0x0000000002600000

CodeCache: size=245760Kb used=23503Kb max_used=23512Kb free=222256Kb
 bounds [0x0000000002c20000, 0x0000000004330000, 0x0000000011c20000]
 total_blobs=7820 nmethods=6922 adapters=809
 compilation: enabled

Compilation events (10 events):
Event: 96.604 Thread 0x0000000017984000 nmethod 7863 0x0000000004305350 code [0x0000000004305640, 0x0000000004306e18]
Event: 96.604 Thread 0x0000000017984000 7864       3       java.awt.image.SinglePixelPackedSampleModel::getPixels (227 bytes)
Event: 96.605 Thread 0x0000000017984000 nmethod 7864 0x0000000004307c90 code [0x0000000004307e60, 0x00000000043087b8]
Event: 96.628 Thread 0x0000000017984000 7865       1       java.awt.image.SampleModel::getNumBands (5 bytes)
Event: 96.628 Thread 0x0000000017984000 nmethod 7865 0x0000000004308d90 code [0x0000000004308ee0, 0x0000000004308ff0]
Event: 96.628 Thread 0x0000000017984000 7866       1       java.awt.image.BufferedImage::getColorModel (5 bytes)
Event: 96.628 Thread 0x0000000017984000 nmethod 7866 0x0000000004309050 code [0x00000000043091a0, 0x00000000043092b0]
Event: 96.628 Thread 0x0000000017984000 7867 %     3       com.sun.imageio.plugins.png.PNGImageWriter::encodePass @ 790 (1063 bytes)
Event: 96.638 Thread 0x0000000017984000 nmethod 7867% 0x0000000004309310 code [0x0000000004309740, 0x000000000430d088]
Event: 96.638 Thread 0x0000000017984000 7869       3       sun.awt.image.IntegerComponentRaster::verify (540 bytes)

GC Heap History (10 events):
Event: 25.561 GC heap before
{Heap before GC invocations=12 (full 2):
 PSYoungGen      total 134144K, used 125952K [0x00000000e0000000, 0x00000000e9a00000, 0x0000000100000000)
  eden space 125952K, 100% used [0x00000000e0000000,0x00000000e7b00000,0x00000000e7b00000)
  from space 8192K, 0% used [0x00000000e7b00000,0x00000000e7b00000,0x00000000e8300000)
  to   space 11264K, 0% used [0x00000000e8f00000,0x00000000e8f00000,0x00000000e9a00000)
 ParOldGen       total 59904K, used 19514K [0x00000000a0000000, 0x00000000a3a80000, 0x00000000e0000000)
  object space 59904K, 32% used [0x00000000a0000000,0x00000000a130e980,0x00000000a3a80000)
 Metaspace       used 42531K, capacity 43442K, committed 43776K, reserved 1087488K
  class space    used 5750K, capacity 6050K, committed 6144K, reserved 1048576K
Event: 25.607 GC heap after
Heap after GC invocations=12 (full 2):
 PSYoungGen      total 143872K, used 11256K [0x00000000e0000000, 0x00000000eb880000, 0x0000000100000000)
  eden space 132608K, 0% used [0x00000000e0000000,0x00000000e0000000,0x00000000e8180000)
  from space 11264K, 99% used [0x00000000e8f00000,0x00000000e99fe058,0x00000000e9a00000)
  to   space 13824K, 0% used [0x00000000e8180000,0x00000000e8180000,0x00000000e8f00000)
 ParOldGen       total 59904K, used 23097K [0x00000000a0000000, 0x00000000a3a80000, 0x00000000e0000000)
  object space 59904K, 38% used [0x00000000a0000000,0x00000000a168e728,0x00000000a3a80000)
 Metaspace       used 42531K, capacity 43442K, committed 43776K, reserved 1087488K
  class space    used 5750K, capacity 6050K, committed 6144K, reserved 1048576K
}
Event: 30.876 GC heap before
{Heap before GC invocations=13 (full 2):
 PSYoungGen      total 143872K, used 143864K [0x00000000e0000000, 0x00000000eb880000, 0x0000000100000000)
  eden space 132608K, 100% used [0x00000000e0000000,0x00000000e8180000,0x00000000e8180000)
  from space 11264K, 99% used [0x00000000e8f00000,0x00000000e99fe058,0x00000000e9a00000)
  to   space 13824K, 0% used [0x00000000e8180000,0x00000000e8180000,0x00000000e8f00000)
 ParOldGen       total 59904K, used 23097K [0x00000000a0000000, 0x00000000a3a80000, 0x00000000e0000000)
  object space 59904K, 38% used [0x00000000a0000000,0x00000000a168e728,0x00000000a3a80000)
 Metaspace       used 54077K, capacity 55686K, committed 55936K, reserved 1097728K
  class space    used 7377K, capacity 7768K, committed 7808K, reserved 1048576K
Event: 30.926 GC heap after
Heap after GC invocations=13 (full 2):
 PSYoungGen      total 146432K, used 13220K [0x00000000e0000000, 0x00000000ec400000, 0x0000000100000000)
  eden space 132608K, 0% used [0x00000000e0000000,0x00000000e0000000,0x00000000e8180000)
  from space 13824K, 95% used [0x00000000e8180000,0x00000000e8e69380,0x00000000e8f00000)
  to   space 15872K, 0% used [0x00000000eb480000,0x00000000eb480000,0x00000000ec400000)
 ParOldGen       total 59904K, used 32438K [0x00000000a0000000, 0x00000000a3a80000, 0x00000000e0000000)
  object space 59904K, 54% used [0x00000000a0000000,0x00000000a1fad8f0,0x00000000a3a80000)
 Metaspace       used 54077K, capacity 55686K, committed 55936K, reserved 1097728K
  class space    used 7377K, capacity 7768K, committed 7808K, reserved 1048576K
}
Event: 94.971 GC heap before
{Heap before GC invocations=14 (full 2):
 PSYoungGen      total 146432K, used 145828K [0x00000000e0000000, 0x00000000ec400000, 0x0000000100000000)
  eden space 132608K, 100% used [0x00000000e0000000,0x00000000e8180000,0x00000000e8180000)
  from space 13824K, 95% used [0x00000000e8180000,0x00000000e8e69380,0x00000000e8f00000)
  to   space 15872K, 0% used [0x00000000eb480000,0x00000000eb480000,0x00000000ec400000)
 ParOldGen       total 59904K, used 32438K [0x00000000a0000000, 0x00000000a3a80000, 0x00000000e0000000)
  object space 59904K, 54% used [0x00000000a0000000,0x00000000a1fad8f0,0x00000000a3a80000)
 Metaspace       used 56938K, capacity 58644K, committed 58880K, reserved 1099776K
  class space    used 7670K, capacity 8115K, committed 8192K, reserved 1048576K
Event: 95.040 GC heap after
Heap after GC invocations=14 (full 2):
 PSYoungGen      total 179712K, used 15849K [0x00000000e0000000, 0x00000000ec700000, 0x0000000100000000)
  eden space 163840K, 0% used [0x00000000e0000000,0x00000000e0000000,0x00000000ea000000)
  from space 15872K, 99% used [0x00000000eb480000,0x00000000ec3fa650,0x00000000ec400000)
  to   space 19968K, 0% used [0x00000000ea000000,0x00000000ea000000,0x00000000eb380000)
 ParOldGen       total 59904K, used 38370K [0x00000000a0000000, 0x00000000a3a80000, 0x00000000e0000000)
  object space 59904K, 64% used [0x00000000a0000000,0x00000000a2578828,0x00000000a3a80000)
 Metaspace       used 56938K, capacity 58644K, committed 58880K, reserved 1099776K
  class space    used 7670K, capacity 8115K, committed 8192K, reserved 1048576K
}
Event: 95.503 GC heap before
{Heap before GC invocations=15 (full 2):
 PSYoungGen      total 179712K, used 25462K [0x00000000e0000000, 0x00000000ec700000, 0x0000000100000000)
  eden space 163840K, 5% used [0x00000000e0000000,0x00000000e0963328,0x00000000ea000000)
  from space 15872K, 99% used [0x00000000eb480000,0x00000000ec3fa650,0x00000000ec400000)
  to   space 19968K, 0% used [0x00000000ea000000,0x00000000ea000000,0x00000000eb380000)
 ParOldGen       total 59904K, used 38370K [0x00000000a0000000, 0x00000000a3a80000, 0x00000000e0000000)
  object space 59904K, 64% used [0x00000000a0000000,0x00000000a2578828,0x00000000a3a80000)
 Metaspace       used 57257K, capacity 58900K, committed 59028K, reserved 1099776K
  class space    used 7702K, capacity 8115K, committed 8192K, reserved 1048576K
Event: 95.552 GC heap after
Heap after GC invocations=15 (full 2):
 PSYoungGen      total 183808K, used 899K [0x00000000e0000000, 0x00000000f0900000, 0x0000000100000000)
  eden space 163840K, 0% used [0x00000000e0000000,0x00000000e0000000,0x00000000ea000000)
  from space 19968K, 4% used [0x00000000ea000000,0x00000000ea0e0ee0,0x00000000eb380000)
  to   space 20480K, 0% used [0x00000000ef500000,0x00000000ef500000,0x00000000f0900000)
 ParOldGen       total 59904K, used 54139K [0x00000000a0000000, 0x00000000a3a80000, 0x00000000e0000000)
  object space 59904K, 90% used [0x00000000a0000000,0x00000000a34deed8,0x00000000a3a80000)
 Metaspace       used 57257K, capacity 58900K, committed 59028K, reserved 1099776K
  class space    used 7702K, capacity 8115K, committed 8192K, reserved 1048576K
}
Event: 95.552 GC heap before
{Heap before GC invocations=16 (full 3):
 PSYoungGen      total 183808K, used 899K [0x00000000e0000000, 0x00000000f0900000, 0x0000000100000000)
  eden space 163840K, 0% used [0x00000000e0000000,0x00000000e0000000,0x00000000ea000000)
  from space 19968K, 4% used [0x00000000ea000000,0x00000000ea0e0ee0,0x00000000eb380000)
  to   space 20480K, 0% used [0x00000000ef500000,0x00000000ef500000,0x00000000f0900000)
 ParOldGen       total 59904K, used 54139K [0x00000000a0000000, 0x00000000a3a80000, 0x00000000e0000000)
  object space 59904K, 90% used [0x00000000a0000000,0x00000000a34deed8,0x00000000a3a80000)
 Metaspace       used 57257K, capacity 58900K, committed 59028K, reserved 1099776K
  class space    used 7702K, capacity 8115K, committed 8192K, reserved 1048576K
Event: 95.989 GC heap after
Heap after GC invocations=16 (full 3):
 PSYoungGen      total 183808K, used 0K [0x00000000e0000000, 0x00000000f0900000, 0x0000000100000000)
  eden space 163840K, 0% used [0x00000000e0000000,0x00000000e0000000,0x00000000ea000000)
  from space 19968K, 0% used [0x00000000ea000000,0x00000000ea000000,0x00000000eb380000)
  to   space 20480K, 0% used [0x00000000ef500000,0x00000000ef500000,0x00000000f0900000)
 ParOldGen       total 59904K, used 43288K [0x00000000a0000000, 0x00000000a3a80000, 0x00000000e0000000)
  object space 59904K, 72% used [0x00000000a0000000,0x00000000a2a46390,0x00000000a3a80000)
 Metaspace       used 57257K, capacity 58900K, committed 59028K, reserved 1099776K
  class space    used 7702K, capacity 8115K, committed 8192K, reserved 1048576K
}

Deoptimization events (10 events):
Event: 96.063 Thread 0x000000001ae5e000 Uncommon trap: reason=unstable_if action=reinterpret pc=0x00000000041d3c34 method=com.android.utils.PositionXmlParser$DomBuilder.getCurrentPosition()Lcom/android/utils/PositionXmlParser$Position; @ 65
Event: 96.134 Thread 0x000000001ae53800 Uncommon trap: reason=class_check action=maybe_recompile pc=0x0000000004249ee0 method=com.sun.org.apache.xerces.internal.dom.NodeImpl.ownerDocument()Lcom/sun/org/apache/xerces/internal/dom/CoreDocumentImpl; @ 11
Event: 96.134 Thread 0x000000001ae53800 Uncommon trap: reason=class_check action=maybe_recompile pc=0x0000000004249ee0 method=com.sun.org.apache.xerces.internal.dom.NodeImpl.ownerDocument()Lcom/sun/org/apache/xerces/internal/dom/CoreDocumentImpl; @ 11
Event: 96.192 Thread 0x000000001ae5d800 Uncommon trap: reason=predicate action=maybe_recompile pc=0x0000000003d45a6c method=java.util.Arrays$ArrayList.indexOf(Ljava/lang/Object;)I @ 42
Event: 96.273 Thread 0x000000001ae5d800 Uncommon trap: reason=unstable_if action=reinterpret pc=0x0000000003f865fc method=java.io.WinNTFileSystem.prefixLength(Ljava/lang/String;)I @ 42
Event: 96.323 Thread 0x000000001ae5e000 Uncommon trap: reason=bimorphic action=maybe_recompile pc=0x000000000365b3e0 method=java.util.Arrays.binarySearch0([Ljava/lang/Object;IILjava/lang/Object;Ljava/util/Comparator;)I @ 48
Event: 96.323 Thread 0x000000001ae5e000 Uncommon trap: reason=bimorphic action=maybe_recompile pc=0x000000000365b3e0 method=java.util.Arrays.binarySearch0([Ljava/lang/Object;IILjava/lang/Object;Ljava/util/Comparator;)I @ 48
Event: 96.323 Thread 0x000000001ae5e000 Uncommon trap: reason=bimorphic action=maybe_recompile pc=0x000000000365b3e0 method=java.util.Arrays.binarySearch0([Ljava/lang/Object;IILjava/lang/Object;Ljava/util/Comparator;)I @ 48
Event: 96.323 Thread 0x000000001ae5e000 Uncommon trap: reason=bimorphic action=maybe_recompile pc=0x000000000365b3e0 method=java.util.Arrays.binarySearch0([Ljava/lang/Object;IILjava/lang/Object;Ljava/util/Comparator;)I @ 48
Event: 96.323 Thread 0x000000001ae5e000 Uncommon trap: reason=bimorphic action=maybe_recompile pc=0x0000000003666648 method=java.util.Arrays.binarySearch0([Ljava/lang/Object;IILjava/lang/Object;Ljava/util/Comparator;)I @ 48

Classes redefined (0 events):
No events

Internal exceptions (10 events):
Event: 88.646 Thread 0x000000001ae5c800 Exception <a 'sun/nio/fs/WindowsException'> (0x00000000e30a8168) thrown at [D:\src\AOSP-openjdk-cygwin\jdk8u\hotspot\src\share\vm\prims\jni.cpp, line 709]
Event: 88.646 Thread 0x000000001ae5c800 Exception <a 'sun/nio/fs/WindowsException'> (0x00000000e30a8900) thrown at [D:\src\AOSP-openjdk-cygwin\jdk8u\hotspot\src\share\vm\prims\jni.cpp, line 709]
Event: 88.981 Thread 0x000000001ae5c800 Exception <a 'java/lang/NoSuchMethodError': <clinit>> (0x00000000e31836f0) thrown at [D:\src\AOSP-openjdk-cygwin\jdk8u\hotspot\src\share\vm\prims\jni.cpp, line 1613]
Event: 88.983 Thread 0x000000001ae5c800 Exception <a 'java/lang/NoSuchMethodError': <clinit>> (0x00000000e318d248) thrown at [D:\src\AOSP-openjdk-cygwin\jdk8u\hotspot\src\share\vm\prims\jni.cpp, line 1613]
Event: 88.986 Thread 0x000000001ae5c800 Exception <a 'java/lang/NoSuchMethodError': <clinit>> (0x00000000e31a3528) thrown at [D:\src\AOSP-openjdk-cygwin\jdk8u\hotspot\src\share\vm\prims\jni.cpp, line 1613]
Event: 88.988 Thread 0x000000001ae5c800 Exception <a 'java/lang/NoSuchMethodError': <clinit>> (0x00000000e31ae780) thrown at [D:\src\AOSP-openjdk-cygwin\jdk8u\hotspot\src\share\vm\prims\jni.cpp, line 1613]
Event: 89.045 Thread 0x000000001ae5c800 Exception <a 'sun/nio/fs/WindowsException'> (0x00000000e31baec8) thrown at [D:\src\AOSP-openjdk-cygwin\jdk8u\hotspot\src\share\vm\prims\jni.cpp, line 709]
Event: 95.120 Thread 0x000000001ae53800 Implicit null exception at 0x00000000041ba626 to 0x00000000041bfb59
Event: 96.197 Thread 0x000000001ae5d800 Exception <a 'java/io/FileNotFoundException'> (0x00000000e059c1c8) thrown at [D:\src\AOSP-openjdk-cygwin\jdk8u\hotspot\src\share\vm\prims\jni.cpp, line 709]
Event: 96.274 Thread 0x000000001ae5d800 Exception <a 'java/io/FileNotFoundException'> (0x00000000e05b7050) thrown at [D:\src\AOSP-openjdk-cygwin\jdk8u\hotspot\src\share\vm\prims\jni.cpp, line 709]

Events (10 events):
Event: 96.569 loading class java/awt/image/PixelInterleavedSampleModel
Event: 96.570 Thread 0x000000001ae5f000 DEOPT PACKING pc=0x00000000042b68f0 sp=0x000000002360ea40
Event: 96.570 Thread 0x000000001ae5f000 DEOPT UNPACKING pc=0x0000000002c675d0 sp=0x000000002360e758 mode 0
Event: 96.570 loading class java/awt/image/ComponentSampleModel
Event: 96.571 loading class java/awt/image/ComponentSampleModel done
Event: 96.571 loading class java/awt/image/PixelInterleavedSampleModel done
Event: 96.608 Executing VM operation: RevokeBias
Event: 96.608 Executing VM operation: RevokeBias done
Event: 96.608 Executing VM operation: RevokeBias
Event: 96.609 Executing VM operation: RevokeBias done


Dynamic libraries:
0x00007ff73f0c0000 - 0x00007ff73f0f1000 	C:\Program Files\Android\Android Studio\jre\bin\java.exe
0x00007ffcc6250000 - 0x00007ffcc6431000 	C:\WINDOWS\SYSTEM32\ntdll.dll
0x00007ffcc53a0000 - 0x00007ffcc5452000 	C:\WINDOWS\System32\KERNEL32.DLL
0x00007ffcc2ef0000 - 0x00007ffcc3163000 	C:\WINDOWS\System32\KERNELBASE.dll
0x00007ffcc52f0000 - 0x00007ffcc5391000 	C:\WINDOWS\System32\ADVAPI32.dll
0x00007ffcc5250000 - 0x00007ffcc52ee000 	C:\WINDOWS\System32\msvcrt.dll
0x00007ffcc5fd0000 - 0x00007ffcc602b000 	C:\WINDOWS\System32\sechost.dll
0x00007ffcc6030000 - 0x00007ffcc6154000 	C:\WINDOWS\System32\RPCRT4.dll
0x00007ffcc55f0000 - 0x00007ffcc5780000 	C:\WINDOWS\System32\USER32.dll
0x00007ffcc2ed0000 - 0x00007ffcc2ef0000 	C:\WINDOWS\System32\win32u.dll
0x00007ffcc5220000 - 0x00007ffcc5248000 	C:\WINDOWS\System32\GDI32.dll
0x00007ffcc31f0000 - 0x00007ffcc3382000 	C:\WINDOWS\System32\gdi32full.dll
0x00007ffcc2e30000 - 0x00007ffcc2ecf000 	C:\WINDOWS\System32\msvcp_win.dll
0x00007ffcc2620000 - 0x00007ffcc271a000 	C:\WINDOWS\System32\ucrtbase.dll
0x00007ffcb63a0000 - 0x00007ffcb6609000 	C:\WINDOWS\WinSxS\amd64_microsoft.windows.common-controls_6595b64144ccf1df_6.0.17134.523_none_fb409dd930672a56\COMCTL32.dll
0x00007ffcc3a50000 - 0x00007ffcc3d72000 	C:\WINDOWS\System32\combase.dll
0x00007ffcc3170000 - 0x00007ffcc31ea000 	C:\WINDOWS\System32\bcryptPrimitives.dll
0x00007ffcc5bd0000 - 0x00007ffcc5bfd000 	C:\WINDOWS\System32\IMM32.DLL
0x0000000065f70000 - 0x0000000066042000 	C:\Program Files\Android\Android Studio\jre\jre\bin\msvcr100.dll
0x0000000064fc0000 - 0x0000000065801000 	C:\Program Files\Android\Android Studio\jre\jre\bin\server\jvm.dll
0x00007ffcc38a0000 - 0x00007ffcc38a8000 	C:\WINDOWS\System32\PSAPI.DLL
0x00007ffcb7b20000 - 0x00007ffcb7b29000 	C:\WINDOWS\SYSTEM32\WSOCK32.dll
0x00007ffcb8a80000 - 0x00007ffcb8aa3000 	C:\WINDOWS\SYSTEM32\WINMM.dll
0x00007ffcc5eb0000 - 0x00007ffcc5f1c000 	C:\WINDOWS\System32\WS2_32.dll
0x00007ffcb7a20000 - 0x00007ffcb7a2a000 	C:\WINDOWS\SYSTEM32\VERSION.dll
0x00007ffcb8320000 - 0x00007ffcb834a000 	C:\WINDOWS\SYSTEM32\winmmbase.dll
0x00007ffcc33f0000 - 0x00007ffcc3439000 	C:\WINDOWS\System32\cfgmgr32.dll
0x00007ffcbe1d0000 - 0x00007ffcbe1df000 	C:\Program Files\Android\Android Studio\jre\jre\bin\verify.dll
0x00007ffcb3bf0000 - 0x00007ffcb3c19000 	C:\Program Files\Android\Android Studio\jre\jre\bin\java.dll
0x00007ffcb7140000 - 0x00007ffcb7156000 	C:\Program Files\Android\Android Studio\jre\jre\bin\zip.dll
0x00007ffcc3de0000 - 0x00007ffcc5220000 	C:\WINDOWS\System32\SHELL32.dll
0x00007ffcc5f20000 - 0x00007ffcc5fc9000 	C:\WINDOWS\System32\shcore.dll
0x00007ffcc2720000 - 0x00007ffcc2e2d000 	C:\WINDOWS\System32\windows.storage.dll
0x00007ffcc3d80000 - 0x00007ffcc3dd1000 	C:\WINDOWS\System32\shlwapi.dll
0x00007ffcc2560000 - 0x00007ffcc2571000 	C:\WINDOWS\System32\kernel.appcore.dll
0x00007ffcc25f0000 - 0x00007ffcc260f000 	C:\WINDOWS\System32\profapi.dll
0x00007ffcc25a0000 - 0x00007ffcc25ec000 	C:\WINDOWS\System32\powrprof.dll
0x00007ffcc2610000 - 0x00007ffcc261a000 	C:\WINDOWS\System32\FLTLIB.DLL
0x00007ffcb4f90000 - 0x00007ffcb4faa000 	C:\Program Files\Android\Android Studio\jre\jre\bin\net.dll
0x00007ffcc1de0000 - 0x00007ffcc1e46000 	C:\WINDOWS\system32\mswsock.dll
0x00007ffcb0e90000 - 0x00007ffcb0ea1000 	C:\Program Files\Android\Android Studio\jre\jre\bin\nio.dll
0x00007ffcb3ef0000 - 0x00007ffcb3f0e000 	C:\Users\deg98\.gradle\native\25\windows-amd64\native-platform.dll
0x00007ffcbd710000 - 0x00007ffcbd71d000 	C:\Program Files\Android\Android Studio\jre\jre\bin\management.dll
0x00007ffcc1f90000 - 0x00007ffcc1fa7000 	C:\WINDOWS\SYSTEM32\CRYPTSP.dll
0x00007ffcc19c0000 - 0x00007ffcc19f3000 	C:\WINDOWS\system32\rsaenh.dll
0x00007ffcc20c0000 - 0x00007ffcc20e5000 	C:\WINDOWS\SYSTEM32\bcrypt.dll
0x00007ffcc2460000 - 0x00007ffcc2488000 	C:\WINDOWS\SYSTEM32\USERENV.dll
0x00007ffcc1fb0000 - 0x00007ffcc1fbb000 	C:\WINDOWS\SYSTEM32\CRYPTBASE.dll
0x00007ffcc1b60000 - 0x00007ffcc1b98000 	C:\WINDOWS\SYSTEM32\IPHLPAPI.DLL
0x00007ffcc5d60000 - 0x00007ffcc5d68000 	C:\WINDOWS\System32\NSI.dll
0x00007ffcbb920000 - 0x00007ffcbb936000 	C:\WINDOWS\SYSTEM32\dhcpcsvc6.DLL
0x00007ffcbb900000 - 0x00007ffcbb91a000 	C:\WINDOWS\SYSTEM32\dhcpcsvc.DLL
0x00007ffca26c0000 - 0x00007ffca2857000 	C:\Program Files\Android\Android Studio\jre\jre\bin\awt.dll
0x00007ffcc37d0000 - 0x00007ffcc3892000 	C:\WINDOWS\System32\OLEAUT32.dll
0x00007ffcbfc00000 - 0x00007ffcc01c7000 	C:\WINDOWS\SYSTEM32\d2d1.dll
0x00007ffcc08b0000 - 0x00007ffcc093b000 	C:\WINDOWS\SYSTEM32\apphelp.dll
0x00007ffcc0cd0000 - 0x00007ffcc0cf9000 	C:\WINDOWS\system32\DWMAPI.DLL
0x00007ffcc0a30000 - 0x00007ffcc0ac8000 	C:\WINDOWS\system32\uxtheme.dll

VM Arguments:
jvm_args: -Xmx1536m -Dfile.encoding=x-windows-949 -Duser.country=KR -Duser.language=ko -Duser.variant 
java_command: org.gradle.launcher.daemon.bootstrap.GradleDaemon 4.6
java_class_path (initial): C:\Users\deg98\.gradle\wrapper\dists\gradle-4.6-all\bcst21l2brirad8k2ben1letg\gradle-4.6\lib\gradle-launcher-4.6.jar
Launcher Type: SUN_STANDARD

Environment Variables:
PATH=C:\Program Files (x86)\Common Files\Oracle\Java\javapath;C:\oraclexe\app\oracle\product\11.2.0\server\bin;C:\ProgramData\Oracle\Java\javapath;C:\WINDOWS\system32;C:\WINDOWS;C:\WINDOWS\System32\Wbem;C:\WINDOWS\System32\WindowsPowerShell\v1.0\;c:\Program Files (x86)\Microsoft SQL Server\100\Tools\Binn\;c:\Program Files\Microsoft SQL Server\100\Tools\Binn\;c:\Program Files\Microsoft SQL Server\100\DTS\Binn\;C:\Program Files\Java\jdk1.8.0_161\bin;C:\WINDOWS\System32\OpenSSH\;C:\Program Files\Git\cmd;C:\Program Files\PuTTY\;C:\Users\deg98\AppData\Local\Programs\Python\Python37-32\Scripts\;C:\Users\deg98\AppData\Local\Programs\Python\Python37-32\;C:\Users\deg98\AppData\Local\Microsoft\WindowsApps;;C:\Users\deg98\AppData\Local\Programs\Microsoft VS Code\bin
USERNAME=deg98
OS=Windows_NT
PROCESSOR_IDENTIFIER=Intel64 Family 6 Model 69 Stepping 1, GenuineIntel



---------------  S Y S T E M  ---------------

OS: Windows 10.0 , 64 bit Build 17134 (10.0.17134.1)

CPU:total 4 (initial active 4) (2 cores per cpu, 2 threads per core) family 6 model 69 stepping 1, cmov, cx8, fxsr, mmx, sse, sse2, sse3, ssse3, sse4.1, sse4.2, popcnt, avx, avx2, aes, clmul, erms, lzcnt, ht, tsc, tscinvbit, bmi1, bmi2

Memory: 4k page, physical 4107072k(400644k free), swap 16689984k(2476k free)

vm_info: OpenJDK 64-Bit Server VM (25.152-b06) for windows-amd64 JRE (1.8.0_152-release-1136-b06), built by "builder" with MS VC++ 10.0 (VS2010)

time: Mon Feb 04 17:49:18 2019
elapsed time: 96 seconds (0d 0h 1m 36s)

