#
# There is insufficient memory for the Java Runtime Environment to continue.
# Native memory allocation (malloc) failed to allocate 32744 bytes for ChunkPool::allocate
# Possible reasons:
#   The system is out of physical RAM or swap space
#   In 32 bit mode, the process size limit was hit
# Possible solutions:
#   Reduce memory load on the system
#   Increase physical memory or swap space
#   Check if swap backing store is full
#   Use 64 bit Java on a 64 bit OS
#   Decrease Java heap size (-Xmx/-Xms)
#   Decrease number of Java threads
#   Decrease Java thread stack sizes (-Xss)
#   Set larger code cache with -XX:ReservedCodeCacheSize=
# This output file may be truncated or incomplete.
#
#  Out of Memory Error (allocation.cpp:273), pid=13432, tid=0x0000000000003390
#
# JRE version: OpenJDK Runtime Environment (8.0_152-b06) (build 1.8.0_152-release-1136-b06)
# Java VM: OpenJDK 64-Bit Server VM (25.152-b06 mixed mode windows-amd64 compressed oops)
# Failed to write core dump. Minidumps are not enabled by default on client versions of Windows
#

---------------  T H R E A D  ---------------

Current thread (0x000000001664b800):  JavaThread "C2 CompilerThread1" daemon [_thread_in_native, id=13200, stack(0x00000000180e0000,0x00000000181e0000)]

Stack: [0x00000000180e0000,0x00000000181e0000]
[error occurred during error reporting (printing stack bounds), id 0xc0000005]

Native frames: (J=compiled Java code, j=interpreted, Vv=VM code, C=native code)


Current CompileTask:
C2: 957103 9618       4       java.io.ObjectOutputStream::writeClassDesc (60 bytes)


---------------  P R O C E S S  ---------------

Java Threads: ( => current thread )
  0x0000000019bdc800 JavaThread "Cache worker for file hash cache (E:\0_Prography\Android_Study\AndroidProjects\just\.gradle\4.6\fileHashes)" [_thread_blocked, id=7256, stack(0x0000000025480000,0x0000000025580000)]
  0x0000000019bdc000 JavaThread "Stdin handler" [_thread_blocked, id=11924, stack(0x0000000025380000,0x0000000025480000)]
  0x0000000019bdb000 JavaThread "Asynchronous log dispatcher for DefaultDaemonConnection: socket connection from /127.0.0.1:52899 to /127.0.0.1:53377" [_thread_blocked, id=684, stack(0x0000000025280000,0x0000000025380000)]
  0x0000000019bd3800 JavaThread "Daemon worker Thread 2" [_thread_in_native, id=12628, stack(0x0000000025180000,0x0000000025280000)]
  0x0000000019bd7800 JavaThread "Cancel handler" [_thread_blocked, id=9436, stack(0x0000000025080000,0x0000000025180000)]
  0x0000000019bd6800 JavaThread "Handler for socket connection from /127.0.0.1:52899 to /127.0.0.1:53377" [_thread_in_native, id=5824, stack(0x0000000024f80000,0x0000000025080000)]
  0x0000000019bd6000 JavaThread "Daemon Thread 2" [_thread_blocked, id=11364, stack(0x0000000024e80000,0x0000000024f80000)]
  0x0000000019bd3000 JavaThread "MarlinRenderer Disposer" daemon [_thread_blocked, id=7716, stack(0x0000000024080000,0x0000000024180000)]
  0x0000000019bd5000 JavaThread "Java2D Disposer" daemon [_thread_blocked, id=15088, stack(0x0000000023f80000,0x0000000024080000)]
  0x0000000018c22000 JavaThread "Memory manager" [_thread_blocked, id=11040, stack(0x0000000021b10000,0x0000000021c10000)]
  0x0000000018c21800 JavaThread "pool-1-thread-1" [_thread_blocked, id=4800, stack(0x0000000021810000,0x0000000021910000)]
  0x0000000018759000 JavaThread "File lock request listener" [_thread_in_native, id=15264, stack(0x000000001ac90000,0x000000001ad90000)]
  0x00000000195c0800 JavaThread "Cache worker for file hash cache (C:\Users\deg98\.gradle\caches\4.6\fileHashes)" [_thread_blocked, id=2092, stack(0x000000001ab90000,0x000000001ac90000)]
  0x0000000019521000 JavaThread "Daemon periodic checks" [_thread_blocked, id=15436, stack(0x000000001a090000,0x000000001a190000)]
  0x0000000019514800 JavaThread "Incoming local TCP Connector on port 52899" [_thread_in_native, id=2532, stack(0x0000000019eb0000,0x0000000019fb0000)]
  0x0000000017a1a800 JavaThread "Service Thread" daemon [_thread_blocked, id=13340, stack(0x00000000182e0000,0x00000000183e0000)]
  0x00000000179e9000 JavaThread "C1 CompilerThread2" daemon [_thread_blocked, id=2320, stack(0x00000000181e0000,0x00000000182e0000)]
=>0x000000001664b800 JavaThread "C2 CompilerThread1" daemon [_thread_in_native, id=13200, stack(0x00000000180e0000,0x00000000181e0000)]
  0x00000000165fd800 JavaThread "C2 CompilerThread0" daemon [_thread_in_native, id=13500, stack(0x0000000017fe0000,0x00000000180e0000)]
  0x0000000016648800 JavaThread "Attach Listener" daemon [_thread_blocked, id=12972, stack(0x0000000017ee0000,0x0000000017fe0000)]
  0x00000000179e8800 JavaThread "Signal Dispatcher" daemon [_thread_blocked, id=15676, stack(0x0000000017de0000,0x0000000017ee0000)]
  0x0000000002c7c800 JavaThread "Finalizer" daemon [_thread_blocked, id=7884, stack(0x0000000017850000,0x0000000017950000)]
  0x0000000002c71800 JavaThread "Reference Handler" daemon [_thread_blocked, id=11712, stack(0x0000000017750000,0x0000000017850000)]
  0x00000000026ae000 JavaThread "main" [_thread_blocked, id=5000, stack(0x0000000002a80000,0x0000000002b80000)]

Other Threads:
  0x00000000165b6000 VMThread [stack: 0x0000000017650000,0x0000000017750000] [id=15364]
  0x0000000017a1b800 WatcherThread [stack: 0x00000000183e0000,0x00000000184e0000] [id=3448]

VM state:not at safepoint (normal execution)

VM Mutex/Monitor currently owned by a thread: None

Heap:
 PSYoungGen      total 164864K, used 164210K [0x00000000e0000000, 0x00000000ede80000, 0x0000000100000000)
  eden space 150016K, 99% used [0x00000000e0000000,0x00000000e91e07e0,0x00000000e9280000)
  from space 14848K, 99% used [0x00000000e9280000,0x00000000ea0fc398,0x00000000ea100000)
  to   space 17920K, 0% used [0x00000000ecd00000,0x00000000ecd00000,0x00000000ede80000)
 ParOldGen       total 82944K, used 38319K [0x00000000a0000000, 0x00000000a5100000, 0x00000000e0000000)
  object space 82944K, 46% used [0x00000000a0000000,0x00000000a256bd40,0x00000000a5100000)
 Metaspace       used 67164K, capacity 68916K, committed 69376K, reserved 1110016K
  class space    used 8715K, capacity 9169K, committed 9216K, reserved 1048576K

Card table byte_map: [0x0000000012040000,0x0000000012350000] byte_map_base: 0x0000000011b40000

Marking Bits: (ParMarkBitMap*) 0x0000000065785aa0
 Begin Bits: [0x0000000012950000, 0x0000000014150000)
 End Bits:   [0x0000000014150000, 0x0000000015950000)

Polling page: 0x0000000000860000

CodeCache: size=245760Kb used=26520Kb max_used=26732Kb free=219239Kb
 bounds [0x0000000002c80000, 0x00000000046f0000, 0x0000000011c80000]
 total_blobs=8972 nmethods=8042 adapters=842
 compilation: enabled

Compilation events (10 events):
Event: 956.003 Thread 0x00000000179e9000 nmethod 9636 0x0000000003510c50 code [0x0000000003510dc0, 0x0000000003510fe8]
Event: 956.006 Thread 0x00000000179e9000 9637       3       com.google.common.collect.AbstractMapBasedMultimap::entryIterator (9 bytes)
Event: 956.007 Thread 0x00000000179e9000 nmethod 9637 0x0000000003b8a890 code [0x0000000003b8aa00, 0x0000000003b8ac68]
Event: 956.008 Thread 0x00000000179e9000 9638       3       com.google.common.collect.Iterators::emptyModifiableIterator (4 bytes)
Event: 956.008 Thread 0x00000000179e9000 nmethod 9638 0x0000000003c1b550 code [0x0000000003c1b6a0, 0x0000000003c1b7d0]
Event: 956.026 Thread 0x00000000179e9000 9639       3       org.gradle.model.internal.core.UnmanagedModelProjection::<init> (6 bytes)
Event: 956.027 Thread 0x00000000179e9000 nmethod 9639 0x0000000003c6a950 code [0x0000000003c6aac0, 0x0000000003c6acf0]
Event: 956.041 Thread 0x00000000165fd800 9640       4       org.gradle.model.internal.type.ModelType::wrap (219 bytes)
Event: 956.275 Thread 0x00000000179e9000 9642       3       com.google.common.cache.LocalCache::usesWriteQueue (5 bytes)
Event: 956.276 Thread 0x00000000179e9000 nmethod 9642 0x0000000003df4210 code [0x0000000003df4380, 0x0000000003df45b0]

GC Heap History (10 events):
Event: 25.318 GC heap before
{Heap before GC invocations=14 (full 2):
 PSYoungGen      total 95744K, used 87040K [0x00000000e0000000, 0x00000000e8500000, 0x0000000100000000)
  eden space 87040K, 100% used [0x00000000e0000000,0x00000000e5500000,0x00000000e5500000)
  from space 8704K, 0% used [0x00000000e5500000,0x00000000e5500000,0x00000000e5d80000)
  to   space 8704K, 0% used [0x00000000e7c80000,0x00000000e7c80000,0x00000000e8500000)
 ParOldGen       total 50688K, used 16407K [0x00000000a0000000, 0x00000000a3180000, 0x00000000e0000000)
  object space 50688K, 32% used [0x00000000a0000000,0x00000000a1005de0,0x00000000a3180000)
 Metaspace       used 40088K, capacity 40868K, committed 41088K, reserved 1085440K
  class space    used 5426K, capacity 5690K, committed 5760K, reserved 1048576K
Event: 25.339 GC heap after
Heap after GC invocations=14 (full 2):
 PSYoungGen      total 124416K, used 8684K [0x00000000e0000000, 0x00000000e8500000, 0x0000000100000000)
  eden space 115712K, 0% used [0x00000000e0000000,0x00000000e0000000,0x00000000e7100000)
  from space 8704K, 99% used [0x00000000e7c80000,0x00000000e84fb208,0x00000000e8500000)
  to   space 9728K, 0% used [0x00000000e7200000,0x00000000e7200000,0x00000000e7b80000)
 ParOldGen       total 50688K, used 17021K [0x00000000a0000000, 0x00000000a3180000, 0x00000000e0000000)
  object space 50688K, 33% used [0x00000000a0000000,0x00000000a109f5f8,0x00000000a3180000)
 Metaspace       used 40088K, capacity 40868K, committed 41088K, reserved 1085440K
  class space    used 5426K, capacity 5690K, committed 5760K, reserved 1048576K
}
Event: 29.352 GC heap before
{Heap before GC invocations=15 (full 2):
 PSYoungGen      total 124416K, used 124396K [0x00000000e0000000, 0x00000000e8500000, 0x0000000100000000)
  eden space 115712K, 100% used [0x00000000e0000000,0x00000000e7100000,0x00000000e7100000)
  from space 8704K, 99% used [0x00000000e7c80000,0x00000000e84fb208,0x00000000e8500000)
  to   space 9728K, 0% used [0x00000000e7200000,0x00000000e7200000,0x00000000e7b80000)
 ParOldGen       total 50688K, used 17021K [0x00000000a0000000, 0x00000000a3180000, 0x00000000e0000000)
  object space 50688K, 33% used [0x00000000a0000000,0x00000000a109f5f8,0x00000000a3180000)
 Metaspace       used 50093K, capacity 51366K, committed 51712K, reserved 1093632K
  class space    used 6726K, capacity 7052K, committed 7168K, reserved 1048576K
Event: 29.408 GC heap after
Heap after GC invocations=15 (full 2):
 PSYoungGen      total 126464K, used 9708K [0x00000000e0000000, 0x00000000eb200000, 0x0000000100000000)
  eden space 116736K, 0% used [0x00000000e0000000,0x00000000e0000000,0x00000000e7200000)
  from space 9728K, 99% used [0x00000000e7200000,0x00000000e7b7b170,0x00000000e7b80000)
  to   space 14336K, 0% used [0x00000000ea400000,0x00000000ea400000,0x00000000eb200000)
 ParOldGen       total 50688K, used 25543K [0x00000000a0000000, 0x00000000a3180000, 0x00000000e0000000)
  object space 50688K, 50% used [0x00000000a0000000,0x00000000a18f1de0,0x00000000a3180000)
 Metaspace       used 50093K, capacity 51366K, committed 51712K, reserved 1093632K
  class space    used 6726K, capacity 7052K, committed 7168K, reserved 1048576K
}
Event: 144.558 GC heap before
{Heap before GC invocations=16 (full 2):
 PSYoungGen      total 126464K, used 103443K [0x00000000e0000000, 0x00000000eb200000, 0x0000000100000000)
  eden space 116736K, 80% used [0x00000000e0000000,0x00000000e5b89b90,0x00000000e7200000)
  from space 9728K, 99% used [0x00000000e7200000,0x00000000e7b7b170,0x00000000e7b80000)
  to   space 14336K, 0% used [0x00000000ea400000,0x00000000ea400000,0x00000000eb200000)
 ParOldGen       total 50688K, used 25543K [0x00000000a0000000, 0x00000000a3180000, 0x00000000e0000000)
  object space 50688K, 50% used [0x00000000a0000000,0x00000000a18f1de0,0x00000000a3180000)
 Metaspace       used 57068K, capacity 58788K, committed 59008K, reserved 1099776K
  class space    used 7763K, capacity 8215K, committed 8320K, reserved 1048576K
Event: 144.611 GC heap after
Heap after GC invocations=16 (full 2):
 PSYoungGen      total 161792K, used 11002K [0x00000000e0000000, 0x00000000eaf80000, 0x0000000100000000)
  eden space 150016K, 0% used [0x00000000e0000000,0x00000000e0000000,0x00000000e9280000)
  from space 11776K, 93% used [0x00000000ea400000,0x00000000eaebeab8,0x00000000eaf80000)
  to   space 14848K, 0% used [0x00000000e9280000,0x00000000e9280000,0x00000000ea100000)
 ParOldGen       total 50688K, used 31877K [0x00000000a0000000, 0x00000000a3180000, 0x00000000e0000000)
  object space 50688K, 62% used [0x00000000a0000000,0x00000000a1f217d0,0x00000000a3180000)
 Metaspace       used 57068K, capacity 58788K, committed 59008K, reserved 1099776K
  class space    used 7763K, capacity 8215K, committed 8320K, reserved 1048576K
}
Event: 144.611 GC heap before
{Heap before GC invocations=17 (full 3):
 PSYoungGen      total 161792K, used 11002K [0x00000000e0000000, 0x00000000eaf80000, 0x0000000100000000)
  eden space 150016K, 0% used [0x00000000e0000000,0x00000000e0000000,0x00000000e9280000)
  from space 11776K, 93% used [0x00000000ea400000,0x00000000eaebeab8,0x00000000eaf80000)
  to   space 14848K, 0% used [0x00000000e9280000,0x00000000e9280000,0x00000000ea100000)
 ParOldGen       total 50688K, used 31877K [0x00000000a0000000, 0x00000000a3180000, 0x00000000e0000000)
  object space 50688K, 62% used [0x00000000a0000000,0x00000000a1f217d0,0x00000000a3180000)
 Metaspace       used 57068K, capacity 58788K, committed 59008K, reserved 1099776K
  class space    used 7763K, capacity 8215K, committed 8320K, reserved 1048576K
Event: 145.143 GC heap after
Heap after GC invocations=17 (full 3):
 PSYoungGen      total 161792K, used 0K [0x00000000e0000000, 0x00000000eaf80000, 0x0000000100000000)
  eden space 150016K, 0% used [0x00000000e0000000,0x00000000e0000000,0x00000000e9280000)
  from space 11776K, 0% used [0x00000000ea400000,0x00000000ea400000,0x00000000eaf80000)
  to   space 14848K, 0% used [0x00000000e9280000,0x00000000e9280000,0x00000000ea100000)
 ParOldGen       total 82944K, used 35709K [0x00000000a0000000, 0x00000000a5100000, 0x00000000e0000000)
  object space 82944K, 43% used [0x00000000a0000000,0x00000000a22df7a0,0x00000000a5100000)
 Metaspace       used 57068K, capacity 58788K, committed 59008K, reserved 1099776K
  class space    used 7763K, capacity 8215K, committed 8320K, reserved 1048576K
}
Event: 199.922 GC heap before
{Heap before GC invocations=18 (full 3):
 PSYoungGen      total 161792K, used 150016K [0x00000000e0000000, 0x00000000eaf80000, 0x0000000100000000)
  eden space 150016K, 100% used [0x00000000e0000000,0x00000000e9280000,0x00000000e9280000)
  from space 11776K, 0% used [0x00000000ea400000,0x00000000ea400000,0x00000000eaf80000)
  to   space 14848K, 0% used [0x00000000e9280000,0x00000000e9280000,0x00000000ea100000)
 ParOldGen       total 82944K, used 35709K [0x00000000a0000000, 0x00000000a5100000, 0x00000000e0000000)
  object space 82944K, 43% used [0x00000000a0000000,0x00000000a22df7a0,0x00000000a5100000)
 Metaspace       used 60813K, capacity 62516K, committed 62720K, reserved 1103872K
  class space    used 8144K, capacity 8589K, committed 8704K, reserved 1048576K
Event: 199.976 GC heap after
Heap after GC invocations=18 (full 3):
 PSYoungGen      total 164864K, used 14832K [0x00000000e0000000, 0x00000000ede80000, 0x0000000100000000)
  eden space 150016K, 0% used [0x00000000e0000000,0x00000000e0000000,0x00000000e9280000)
  from space 14848K, 99% used [0x00000000e9280000,0x00000000ea0fc398,0x00000000ea100000)
  to   space 17920K, 0% used [0x00000000ecd00000,0x00000000ecd00000,0x00000000ede80000)
 ParOldGen       total 82944K, used 38319K [0x00000000a0000000, 0x00000000a5100000, 0x00000000e0000000)
  object space 82944K, 46% used [0x00000000a0000000,0x00000000a256bd40,0x00000000a5100000)
 Metaspace       used 60813K, capacity 62516K, committed 62720K, reserved 1103872K
  class space    used 8144K, capacity 8589K, committed 8704K, reserved 1048576K
}

Deoptimization events (10 events):
Event: 304.704 Thread 0x0000000018898800 Uncommon trap: reason=unstable_if action=reinterpret pc=0x00000000031a4a60 method=com.esotericsoftware.kryo.io.Input.require(I)I @ 117
Event: 304.805 Thread 0x0000000018898000 Uncommon trap: reason=unstable_if action=reinterpret pc=0x000000000404656c method=java.util.HashMap$HashIterator.<init>(Ljava/util/HashMap;)V @ 45
Event: 304.805 Thread 0x0000000018898000 Uncommon trap: reason=unstable_if action=reinterpret pc=0x0000000003bfcc8c method=java.util.HashMap$HashIterator.<init>(Ljava/util/HashMap;)V @ 45
Event: 955.803 Thread 0x0000000019bd6800 Uncommon trap: reason=class_check action=maybe_recompile pc=0x000000000442c2e0 method=java.lang.reflect.Array.newInstance(Ljava/lang/Class;I)Ljava/lang/Object; @ 2
Event: 955.805 Thread 0x0000000019bd6800 Uncommon trap: reason=bimorphic action=maybe_recompile pc=0x0000000002e7bc64 method=java.io.DataInputStream.readChar()C @ 4
Event: 955.805 Thread 0x0000000019bd6800 Uncommon trap: reason=bimorphic action=maybe_recompile pc=0x0000000002e7bc64 method=java.io.DataInputStream.readChar()C @ 4
Event: 955.805 Thread 0x0000000019bd6800 Uncommon trap: reason=bimorphic action=maybe_recompile pc=0x0000000002e7bc64 method=java.io.DataInputStream.readChar()C @ 4
Event: 955.808 Thread 0x0000000019bd6800 Uncommon trap: reason=bimorphic action=maybe_recompile pc=0x0000000002e7bc64 method=java.io.DataInputStream.readChar()C @ 4
Event: 955.814 Thread 0x0000000019bd6000 Uncommon trap: reason=unstable_if action=reinterpret pc=0x00000000045897a4 method=org.gradle.internal.logging.sink.OutputEventRenderer$4.onOutput(Lorg/gradle/internal/logging/events/OutputEvent;)V @ 7
Event: 956.278 Thread 0x0000000019bd3800 Uncommon trap: reason=class_check action=maybe_recompile pc=0x00000000042023b0 method=com.google.common.cache.LocalCache$LoadingValueReference.loadFuture(Ljava/lang/Object;Lcom/google/common/cache/CacheLoader;)Lcom/google/common/util/concurrent/Listenable

Classes redefined (0 events):
No events

Internal exceptions (10 events):
Event: 264.896 Thread 0x0000000018c26000 Implicit null exception at 0x000000000400e437 to 0x000000000400eb31
Event: 279.343 Thread 0x0000000018c26000 Exception <a 'java/lang/NoSuchMethodError': java.lang.Object.lambda$negate$1(Ljava/lang/Object;)Z> (0x00000000e61b28a8) thrown at [D:\src\AOSP-openjdk-cygwin\jdk8u\hotspot\src\share\vm\interpreter\linkResolver.cpp, line 584]
Event: 288.139 Thread 0x0000000018c26000 Exception <a 'java/lang/NoSuchMethodError': java.lang.Object.lambda$comparingInt$7b0bb60$1(Ljava/util/function/ToIntFunction;Ljava/lang/Object;Ljava/lang/Object;)I> (0x00000000e621b280) thrown at [D:\src\AOSP-openjdk-cygwin\jdk8u\hotspot\src\share\vm\inte
Event: 304.676 Thread 0x0000000018898000 Exception <a 'java/lang/NoSuchMethodError': <clinit>> (0x00000000e8620100) thrown at [D:\src\AOSP-openjdk-cygwin\jdk8u\hotspot\src\share\vm\prims\jni.cpp, line 1613]
Event: 304.676 Thread 0x0000000018898000 Exception <a 'java/lang/NoSuchMethodError': <clinit>> (0x00000000e8621418) thrown at [D:\src\AOSP-openjdk-cygwin\jdk8u\hotspot\src\share\vm\prims\jni.cpp, line 1613]
Event: 304.677 Thread 0x0000000018898000 Exception <a 'java/lang/NoSuchMethodError': <clinit>> (0x00000000e862b5e8) thrown at [D:\src\AOSP-openjdk-cygwin\jdk8u\hotspot\src\share\vm\prims\jni.cpp, line 1613]
Event: 304.678 Thread 0x0000000018898000 Exception <a 'java/lang/NoSuchMethodError': <clinit>> (0x00000000e8634d18) thrown at [D:\src\AOSP-openjdk-cygwin\jdk8u\hotspot\src\share\vm\prims\jni.cpp, line 1613]
Event: 304.679 Thread 0x0000000018898000 Exception <a 'java/lang/NoSuchMethodError': <clinit>> (0x00000000e8636c88) thrown at [D:\src\AOSP-openjdk-cygwin\jdk8u\hotspot\src\share\vm\prims\jni.cpp, line 1613]
Event: 304.703 Thread 0x0000000018898800 Exception <a 'java/lang/NoSuchMethodError': <clinit>> (0x00000000e8888008) thrown at [D:\src\AOSP-openjdk-cygwin\jdk8u\hotspot\src\share\vm\prims\jni.cpp, line 1613]
Event: 622.068 Thread 0x0000000018c21800 Exception <a 'sun/nio/fs/WindowsException'> (0x00000000e8960280) thrown at [D:\src\AOSP-openjdk-cygwin\jdk8u\hotspot\src\share\vm\prims\jni.cpp, line 709]

Events (10 events):
Event: 956.009 Thread 0x00000000179e9000 flushing nmethod 0x0000000003e31550
Event: 956.009 Thread 0x00000000179e9000 flushing nmethod 0x0000000003eb6f10
Event: 956.027 Thread 0x00000000179e9000 flushing nmethod 0x0000000003f55d90
Event: 956.276 Thread 0x00000000179e9000 flushing nmethod 0x00000000040c0350
Event: 956.276 Thread 0x00000000179e9000 flushing nmethod 0x0000000004191150
Event: 956.277 Thread 0x0000000019bd3800 Uncommon trap: trap_request=0xffffffde fr.pc=0x00000000042023b0
Event: 956.277 Executing VM operation: RevokeBias
Event: 956.278 Executing VM operation: RevokeBias done
Event: 956.278 Thread 0x0000000019bd3800 DEOPT PACKING pc=0x00000000042023b0 sp=0x000000002527c2b0
Event: 956.278 Thread 0x0000000019bd3800 DEOPT UNPACKING pc=0x0000000002cc557b sp=0x000000002527c188 mode 2


Dynamic libraries:
0x00007ff73f0c0000 - 0x00007ff73f0f1000 	C:\Program Files\Android\Android Studio\jre\bin\java.exe
0x00007ffcc6250000 - 0x00007ffcc6431000 	C:\WINDOWS\SYSTEM32\ntdll.dll
0x00007ffcc53a0000 - 0x00007ffcc5452000 	C:\WINDOWS\System32\KERNEL32.DLL
0x00007ffcc2ef0000 - 0x00007ffcc3163000 	C:\WINDOWS\System32\KERNELBASE.dll
0x00007ffcc52f0000 - 0x00007ffcc5391000 	C:\WINDOWS\System32\ADVAPI32.dll
0x00007ffcc5250000 - 0x00007ffcc52ee000 	C:\WINDOWS\System32\msvcrt.dll
0x00007ffcc5fd0000 - 0x00007ffcc602b000 	C:\WINDOWS\System32\sechost.dll
0x00007ffcc6030000 - 0x00007ffcc6154000 	C:\WINDOWS\System32\RPCRT4.dll
0x00007ffcc55f0000 - 0x00007ffcc5780000 	C:\WINDOWS\System32\USER32.dll
0x00007ffcc2ed0000 - 0x00007ffcc2ef0000 	C:\WINDOWS\System32\win32u.dll
0x00007ffcc5220000 - 0x00007ffcc5248000 	C:\WINDOWS\System32\GDI32.dll
0x00007ffcc31f0000 - 0x00007ffcc3382000 	C:\WINDOWS\System32\gdi32full.dll
0x00007ffcc2e30000 - 0x00007ffcc2ecf000 	C:\WINDOWS\System32\msvcp_win.dll
0x00007ffcc2620000 - 0x00007ffcc271a000 	C:\WINDOWS\System32\ucrtbase.dll
0x00007ffcb63a0000 - 0x00007ffcb6609000 	C:\WINDOWS\WinSxS\amd64_microsoft.windows.common-controls_6595b64144ccf1df_6.0.17134.523_none_fb409dd930672a56\COMCTL32.dll
0x00007ffcc3a50000 - 0x00007ffcc3d72000 	C:\WINDOWS\System32\combase.dll
0x00007ffcc3170000 - 0x00007ffcc31ea000 	C:\WINDOWS\System32\bcryptPrimitives.dll
0x00007ffcc5bd0000 - 0x00007ffcc5bfd000 	C:\WINDOWS\System32\IMM32.DLL
0x0000000065f70000 - 0x0000000066042000 	C:\Program Files\Android\Android Studio\jre\jre\bin\msvcr100.dll
0x0000000064fc0000 - 0x0000000065801000 	C:\Program Files\Android\Android Studio\jre\jre\bin\server\jvm.dll
0x00007ffcc38a0000 - 0x00007ffcc38a8000 	C:\WINDOWS\System32\PSAPI.DLL
0x00007ffcb8a80000 - 0x00007ffcb8aa3000 	C:\WINDOWS\SYSTEM32\WINMM.dll
0x00007ffcb7a20000 - 0x00007ffcb7a2a000 	C:\WINDOWS\SYSTEM32\VERSION.dll
0x00007ffcb7b20000 - 0x00007ffcb7b29000 	C:\WINDOWS\SYSTEM32\WSOCK32.dll
0x00007ffcc5eb0000 - 0x00007ffcc5f1c000 	C:\WINDOWS\System32\WS2_32.dll
0x00007ffcb8320000 - 0x00007ffcb834a000 	C:\WINDOWS\SYSTEM32\WINMMBASE.dll
0x00007ffcc33f0000 - 0x00007ffcc3439000 	C:\WINDOWS\System32\cfgmgr32.dll
0x00007ffcbe1d0000 - 0x00007ffcbe1df000 	C:\Program Files\Android\Android Studio\jre\jre\bin\verify.dll
0x00007ffcb3f50000 - 0x00007ffcb3f79000 	C:\Program Files\Android\Android Studio\jre\jre\bin\java.dll
0x00007ffcb4f90000 - 0x00007ffcb4fa6000 	C:\Program Files\Android\Android Studio\jre\jre\bin\zip.dll
0x00007ffcc3de0000 - 0x00007ffcc5220000 	C:\WINDOWS\System32\SHELL32.dll
0x00007ffcc5f20000 - 0x00007ffcc5fc9000 	C:\WINDOWS\System32\shcore.dll
0x00007ffcc2720000 - 0x00007ffcc2e2d000 	C:\WINDOWS\System32\windows.storage.dll
0x00007ffcc3d80000 - 0x00007ffcc3dd1000 	C:\WINDOWS\System32\shlwapi.dll
0x00007ffcc2560000 - 0x00007ffcc2571000 	C:\WINDOWS\System32\kernel.appcore.dll
0x00007ffcc25f0000 - 0x00007ffcc260f000 	C:\WINDOWS\System32\profapi.dll
0x00007ffcc25a0000 - 0x00007ffcc25ec000 	C:\WINDOWS\System32\powrprof.dll
0x00007ffcc2610000 - 0x00007ffcc261a000 	C:\WINDOWS\System32\FLTLIB.DLL
0x00007ffcb3f30000 - 0x00007ffcb3f4a000 	C:\Program Files\Android\Android Studio\jre\jre\bin\net.dll
0x00007ffcc1de0000 - 0x00007ffcc1e46000 	C:\WINDOWS\system32\mswsock.dll
0x00007ffcb3ef0000 - 0x00007ffcb3f01000 	C:\Program Files\Android\Android Studio\jre\jre\bin\nio.dll
0x00007ffcb7140000 - 0x00007ffcb715e000 	C:\Users\deg98\.gradle\native\25\windows-amd64\native-platform.dll
0x00007ffcbd710000 - 0x00007ffcbd71d000 	C:\Program Files\Android\Android Studio\jre\jre\bin\management.dll
0x00007ffcc1f90000 - 0x00007ffcc1fa7000 	C:\WINDOWS\SYSTEM32\CRYPTSP.dll
0x00007ffcc19c0000 - 0x00007ffcc19f3000 	C:\WINDOWS\system32\rsaenh.dll
0x00007ffcc20c0000 - 0x00007ffcc20e5000 	C:\WINDOWS\SYSTEM32\bcrypt.dll
0x00007ffcc2460000 - 0x00007ffcc2488000 	C:\WINDOWS\SYSTEM32\USERENV.dll
0x00007ffcc1fb0000 - 0x00007ffcc1fbb000 	C:\WINDOWS\SYSTEM32\CRYPTBASE.dll
0x00007ffcc1b60000 - 0x00007ffcc1b98000 	C:\WINDOWS\SYSTEM32\IPHLPAPI.DLL
0x00007ffcc5d60000 - 0x00007ffcc5d68000 	C:\WINDOWS\System32\NSI.dll
0x00007ffcbb920000 - 0x00007ffcbb936000 	C:\WINDOWS\SYSTEM32\dhcpcsvc6.DLL
0x00007ffcbb900000 - 0x00007ffcbb91a000 	C:\WINDOWS\SYSTEM32\dhcpcsvc.DLL
0x00007ffcb0e80000 - 0x00007ffcb0ea4000 	C:\Program Files\Android\Android Studio\jre\jre\bin\sunec.dll
0x00007ffcc1ba0000 - 0x00007ffcc1c5e000 	C:\WINDOWS\SYSTEM32\DNSAPI.dll
0x00007ffcba380000 - 0x00007ffcba38a000 	C:\Windows\System32\rasadhlp.dll
0x00007ffcba730000 - 0x00007ffcba7a2000 	C:\WINDOWS\System32\fwpuclnt.dll
0x00007ffcba870000 - 0x00007ffcba87b000 	C:\Program Files\Android\Android Studio\jre\jre\bin\sunmscapi.dll
0x00007ffcc3440000 - 0x00007ffcc3622000 	C:\WINDOWS\System32\CRYPT32.dll
0x00007ffcc2580000 - 0x00007ffcc2592000 	C:\WINDOWS\System32\MSASN1.dll
0x00007ffca26c0000 - 0x00007ffca2857000 	C:\Program Files\Android\Android Studio\jre\jre\bin\awt.dll
0x00007ffcc37d0000 - 0x00007ffcc3892000 	C:\WINDOWS\System32\OLEAUT32.dll
0x00007ffcbfc00000 - 0x00007ffcc01c7000 	C:\WINDOWS\SYSTEM32\d2d1.dll
0x00007ffcc08b0000 - 0x00007ffcc093b000 	C:\WINDOWS\SYSTEM32\apphelp.dll
0x00007ffcc0cd0000 - 0x00007ffcc0cf9000 	C:\WINDOWS\system32\DWMAPI.DLL
0x00007ffcc0a30000 - 0x00007ffcc0ac8000 	C:\WINDOWS\system32\uxtheme.dll

VM Arguments:
jvm_args: -Xmx1536m -Dfile.encoding=x-windows-949 -Duser.country=KR -Duser.language=ko -Duser.variant 
java_command: org.gradle.launcher.daemon.bootstrap.GradleDaemon 4.6
java_class_path (initial): C:\Users\deg98\.gradle\wrapper\dists\gradle-4.6-all\bcst21l2brirad8k2ben1letg\gradle-4.6\lib\gradle-launcher-4.6.jar
Launcher Type: SUN_STANDARD

Environment Variables:
PATH=C:\Program Files (x86)\Common Files\Oracle\Java\javapath;C:\oraclexe\app\oracle\product\11.2.0\server\bin;C:\ProgramData\Oracle\Java\javapath;C:\WINDOWS\system32;C:\WINDOWS;C:\WINDOWS\System32\Wbem;C:\WINDOWS\System32\WindowsPowerShell\v1.0\;c:\Program Files (x86)\Microsoft SQL Server\100\Tools\Binn\;c:\Program Files\Microsoft SQL Server\100\Tools\Binn\;c:\Program Files\Microsoft SQL Server\100\DTS\Binn\;C:\Program Files\Java\jdk1.8.0_161\bin;C:\WINDOWS\System32\OpenSSH\;C:\Program Files\Git\cmd;C:\Program Files\PuTTY\;C:\Users\deg98\AppData\Local\Programs\Python\Python37-32\Scripts\;C:\Users\deg98\AppData\Local\Programs\Python\Python37-32\;C:\Users\deg98\AppData\Local\Microsoft\WindowsApps;;C:\Users\deg98\AppData\Local\Programs\Microsoft VS Code\bin
USERNAME=deg98
OS=Windows_NT
PROCESSOR_IDENTIFIER=Intel64 Family 6 Model 69 Stepping 1, GenuineIntel



---------------  S Y S T E M  ---------------

OS: Windows 10.0 , 64 bit Build 17134 (10.0.17134.1)

CPU:total 4 (initial active 4) (2 cores per cpu, 2 threads per core) family 6 model 69 stepping 1, cmov, cx8, fxsr, mmx, sse, sse2, sse3, ssse3, sse4.1, sse4.2, popcnt, avx, avx2, aes, clmul, erms, lzcnt, ht, tsc, tscinvbit, bmi1, bmi2

Memory: 4k page, physical 4107072k(534132k free), swap 16689984k(5792k free)

vm_info: OpenJDK 64-Bit Server VM (25.152-b06) for windows-amd64 JRE (1.8.0_152-release-1136-b06), built by "builder" with MS VC++ 10.0 (VS2010)

time: Mon Feb 04 17:43:22 2019
elapsed time: 956 seconds (0d 0h 15m 56s)

